{"C:/Users/Saifulloh/Documents/Personal/SYNRGY-BINAR/Chapter_8/final_challenge/frontend/src/App.tsx": {"path":"C:/Users/Saifulloh/Documents/Personal/SYNRGY-BINAR/Chapter_8/final_challenge/frontend/src/App.tsx","statementMap":{"0":{"start":{"line":10,"column":18},"end":{"line":10,"column":null}}},"fnMap":{"0":{"name":"App","decl":{"start":{"line":9,"column":9},"end":{"line":9,"column":null}},"loc":{"start":{"line":9,"column":9},"end":{"line":20,"column":null}}}},"branchMap":{},"s":{"0":0},"f":{"0":0},"b":{}}
,"C:/Users/Saifulloh/Documents/Personal/SYNRGY-BINAR/Chapter_8/final_challenge/frontend/src/index.tsx": {"path":"C:/Users/Saifulloh/Documents/Personal/SYNRGY-BINAR/Chapter_8/final_challenge/frontend/src/index.tsx","statementMap":{"0":{"start":{"line":20,"column":0},"end":{"line":20,"column":null}}},"fnMap":{},"branchMap":{},"s":{"0":0},"f":{},"b":{}}
,"C:/Users/Saifulloh/Documents/Personal/SYNRGY-BINAR/Chapter_8/final_challenge/frontend/src/reportWebVitals.ts": {"path":"C:/Users/Saifulloh/Documents/Personal/SYNRGY-BINAR/Chapter_8/final_challenge/frontend/src/reportWebVitals.ts","statementMap":{"0":{"start":{"line":3,"column":24},"end":{"line":13,"column":null}},"1":{"start":{"line":4,"column":2},"end":{"line":12,"column":null}},"2":{"start":{"line":5,"column":4},"end":{"line":11,"column":null}},"3":{"start":{"line":6,"column":6},"end":{"line":6,"column":null}},"4":{"start":{"line":7,"column":6},"end":{"line":7,"column":null}},"5":{"start":{"line":8,"column":6},"end":{"line":8,"column":null}},"6":{"start":{"line":9,"column":6},"end":{"line":9,"column":null}},"7":{"start":{"line":10,"column":6},"end":{"line":10,"column":null}}},"fnMap":{"0":{"name":"(anonymous_0)","decl":{"start":{"line":3,"column":24},"end":{"line":3,"column":25}},"loc":{"start":{"line":3,"column":25},"end":{"line":13,"column":null}}},"1":{"name":"(anonymous_1)","decl":{"start":{"line":5,"column":30},"end":{"line":5,"column":31}},"loc":{"start":{"line":5,"column":74},"end":{"line":11,"column":null}}}},"branchMap":{"0":{"loc":{"start":{"line":4,"column":2},"end":{"line":12,"column":null}},"type":"if","locations":[{"start":{"line":4,"column":2},"end":{"line":12,"column":null}},{"start":{"line":4,"column":2},"end":{"line":12,"column":null}}]},"1":{"loc":{"start":{"line":4,"column":6},"end":{"line":4,"column":54}},"type":"binary-expr","locations":[{"start":{"line":4,"column":6},"end":{"line":4,"column":21}},{"start":{"line":4,"column":21},"end":{"line":4,"column":54}}]}},"s":{"0":0,"1":0,"2":0,"3":0,"4":0,"5":0,"6":0,"7":0},"f":{"0":0,"1":0},"b":{"0":[0,0],"1":[0,0]}}
,"C:/Users/Saifulloh/Documents/Personal/SYNRGY-BINAR/Chapter_8/final_challenge/frontend/src/router.tsx": {"path":"C:/Users/Saifulloh/Documents/Personal/SYNRGY-BINAR/Chapter_8/final_challenge/frontend/src/router.tsx","statementMap":{"0":{"start":{"line":9,"column":17},"end":{"line":9,"column":null}},"1":{"start":{"line":9,"column":35},"end":{"line":9,"column":null}},"2":{"start":{"line":10,"column":14},"end":{"line":10,"column":null}},"3":{"start":{"line":10,"column":32},"end":{"line":10,"column":null}},"4":{"start":{"line":11,"column":20},"end":{"line":11,"column":null}},"5":{"start":{"line":11,"column":38},"end":{"line":11,"column":null}},"6":{"start":{"line":12,"column":20},"end":{"line":12,"column":null}},"7":{"start":{"line":12,"column":38},"end":{"line":12,"column":null}},"8":{"start":{"line":13,"column":14},"end":{"line":13,"column":null}},"9":{"start":{"line":13,"column":32},"end":{"line":13,"column":null}},"10":{"start":{"line":14,"column":17},"end":{"line":14,"column":null}},"11":{"start":{"line":14,"column":35},"end":{"line":14,"column":null}},"12":{"start":{"line":16,"column":30},"end":{"line":91,"column":null}}},"fnMap":{"0":{"name":"(anonymous_0)","decl":{"start":{"line":9,"column":29},"end":{"line":9,"column":35}},"loc":{"start":{"line":9,"column":35},"end":{"line":9,"column":null}}},"1":{"name":"(anonymous_1)","decl":{"start":{"line":10,"column":26},"end":{"line":10,"column":32}},"loc":{"start":{"line":10,"column":32},"end":{"line":10,"column":null}}},"2":{"name":"(anonymous_2)","decl":{"start":{"line":11,"column":32},"end":{"line":11,"column":38}},"loc":{"start":{"line":11,"column":38},"end":{"line":11,"column":null}}},"3":{"name":"(anonymous_3)","decl":{"start":{"line":12,"column":32},"end":{"line":12,"column":38}},"loc":{"start":{"line":12,"column":38},"end":{"line":12,"column":null}}},"4":{"name":"(anonymous_4)","decl":{"start":{"line":13,"column":26},"end":{"line":13,"column":32}},"loc":{"start":{"line":13,"column":32},"end":{"line":13,"column":null}}},"5":{"name":"(anonymous_5)","decl":{"start":{"line":14,"column":29},"end":{"line":14,"column":35}},"loc":{"start":{"line":14,"column":35},"end":{"line":14,"column":null}}}},"branchMap":{},"s":{"0":0,"1":0,"2":0,"3":0,"4":0,"5":0,"6":0,"7":0,"8":0,"9":0,"10":0,"11":0,"12":0},"f":{"0":0,"1":0,"2":0,"3":0,"4":0,"5":0},"b":{}}
,"C:/Users/Saifulloh/Documents/Personal/SYNRGY-BINAR/Chapter_8/final_challenge/frontend/src/serviceWorker.ts": {"path":"C:/Users/Saifulloh/Documents/Personal/SYNRGY-BINAR/Chapter_8/final_challenge/frontend/src/serviceWorker.ts","statementMap":{"0":{"start":{"line":16,"column":20},"end":{"line":22,"column":null}},"1":{"start":{"line":32,"column":2},"end":{"line":62,"column":null}},"2":{"start":{"line":34,"column":22},"end":{"line":34,"column":null}},"3":{"start":{"line":35,"column":4},"end":{"line":40,"column":null}},"4":{"start":{"line":39,"column":6},"end":{"line":39,"column":null}},"5":{"start":{"line":42,"column":4},"end":{"line":61,"column":null}},"6":{"start":{"line":43,"column":20},"end":{"line":43,"column":65}},"7":{"start":{"line":45,"column":6},"end":{"line":60,"column":null}},"8":{"start":{"line":47,"column":8},"end":{"line":47,"column":null}},"9":{"start":{"line":51,"column":8},"end":{"line":56,"column":null}},"10":{"start":{"line":52,"column":10},"end":{"line":54,"column":null}},"11":{"start":{"line":59,"column":8},"end":{"line":59,"column":null}},"12":{"start":{"line":66,"column":2},"end":{"line":106,"column":null}},"13":{"start":{"line":69,"column":6},"end":{"line":102,"column":null}},"14":{"start":{"line":70,"column":33},"end":{"line":70,"column":56}},"15":{"start":{"line":71,"column":8},"end":{"line":73,"column":null}},"16":{"start":{"line":72,"column":10},"end":{"line":72,"column":null}},"17":{"start":{"line":74,"column":8},"end":{"line":101,"column":null}},"18":{"start":{"line":75,"column":10},"end":{"line":100,"column":null}},"19":{"start":{"line":76,"column":12},"end":{"line":99,"column":null}},"20":{"start":{"line":80,"column":14},"end":{"line":82,"column":null}},"21":{"start":{"line":86,"column":14},"end":{"line":88,"column":null}},"22":{"start":{"line":87,"column":16},"end":{"line":87,"column":null}},"23":{"start":{"line":93,"column":14},"end":{"line":93,"column":null}},"24":{"start":{"line":96,"column":14},"end":{"line":98,"column":null}},"25":{"start":{"line":97,"column":16},"end":{"line":97,"column":null}},"26":{"start":{"line":105,"column":6},"end":{"line":105,"column":null}},"27":{"start":{"line":111,"column":2},"end":{"line":136,"column":null}},"28":{"start":{"line":116,"column":26},"end":{"line":116,"column":null}},"29":{"start":{"line":117,"column":6},"end":{"line":130,"column":null}},"30":{"start":{"line":122,"column":8},"end":{"line":126,"column":null}},"31":{"start":{"line":123,"column":10},"end":{"line":125,"column":null}},"32":{"start":{"line":124,"column":12},"end":{"line":124,"column":null}},"33":{"start":{"line":129,"column":8},"end":{"line":129,"column":null}},"34":{"start":{"line":133,"column":6},"end":{"line":134,"column":null}},"35":{"start":{"line":140,"column":2},"end":{"line":148,"column":null}},"36":{"start":{"line":141,"column":4},"end":{"line":147,"column":null}},"37":{"start":{"line":143,"column":8},"end":{"line":143,"column":null}},"38":{"start":{"line":146,"column":8},"end":{"line":146,"column":null}}},"fnMap":{"0":{"name":"register","decl":{"start":{"line":31,"column":16},"end":{"line":31,"column":25}},"loc":{"start":{"line":31,"column":40},"end":{"line":63,"column":null}}},"1":{"name":"(anonymous_1)","decl":{"start":{"line":42,"column":36},"end":{"line":42,"column":null}},"loc":{"start":{"line":42,"column":36},"end":{"line":61,"column":null}}},"2":{"name":"(anonymous_2)","decl":{"start":{"line":51,"column":43},"end":{"line":51,"column":null}},"loc":{"start":{"line":51,"column":43},"end":{"line":56,"column":null}}},"3":{"name":"registerValidSW","decl":{"start":{"line":65,"column":9},"end":{"line":65,"column":25}},"loc":{"start":{"line":65,"column":55},"end":{"line":107,"column":null}}},"4":{"name":"(anonymous_4)","decl":{"start":{"line":68,"column":10},"end":{"line":68,"column":11}},"loc":{"start":{"line":68,"column":11},"end":{"line":103,"column":null}}},"5":{"name":"(anonymous_5)","decl":{"start":{"line":69,"column":35},"end":{"line":69,"column":null}},"loc":{"start":{"line":69,"column":35},"end":{"line":102,"column":null}}},"6":{"name":"(anonymous_6)","decl":{"start":{"line":74,"column":41},"end":{"line":74,"column":null}},"loc":{"start":{"line":74,"column":41},"end":{"line":101,"column":null}}},"7":{"name":"(anonymous_7)","decl":{"start":{"line":104,"column":11},"end":{"line":104,"column":12}},"loc":{"start":{"line":104,"column":12},"end":{"line":106,"column":null}}},"8":{"name":"checkValidServiceWorker","decl":{"start":{"line":109,"column":9},"end":{"line":109,"column":33}},"loc":{"start":{"line":109,"column":63},"end":{"line":137,"column":null}}},"9":{"name":"(anonymous_9)","decl":{"start":{"line":114,"column":10},"end":{"line":114,"column":11}},"loc":{"start":{"line":114,"column":11},"end":{"line":131,"column":null}}},"10":{"name":"(anonymous_10)","decl":{"start":{"line":122,"column":43},"end":{"line":122,"column":44}},"loc":{"start":{"line":122,"column":44},"end":{"line":126,"column":null}}},"11":{"name":"(anonymous_11)","decl":{"start":{"line":123,"column":41},"end":{"line":123,"column":null}},"loc":{"start":{"line":123,"column":41},"end":{"line":125,"column":null}}},"12":{"name":"(anonymous_12)","decl":{"start":{"line":132,"column":11},"end":{"line":132,"column":null}},"loc":{"start":{"line":132,"column":11},"end":{"line":136,"column":null}}},"13":{"name":"unregister","decl":{"start":{"line":139,"column":16},"end":{"line":139,"column":null}},"loc":{"start":{"line":139,"column":16},"end":{"line":149,"column":null}}},"14":{"name":"(anonymous_14)","decl":{"start":{"line":142,"column":12},"end":{"line":142,"column":13}},"loc":{"start":{"line":142,"column":13},"end":{"line":144,"column":null}}},"15":{"name":"(anonymous_15)","decl":{"start":{"line":145,"column":13},"end":{"line":145,"column":14}},"loc":{"start":{"line":145,"column":14},"end":{"line":147,"column":null}}}},"branchMap":{"0":{"loc":{"start":{"line":17,"column":2},"end":{"line":22,"column":null}},"type":"binary-expr","locations":[{"start":{"line":17,"column":2},"end":{"line":17,"column":null}},{"start":{"line":19,"column":4},"end":{"line":19,"column":null}},{"start":{"line":21,"column":4},"end":{"line":22,"column":null}}]},"1":{"loc":{"start":{"line":32,"column":2},"end":{"line":62,"column":null}},"type":"if","locations":[{"start":{"line":32,"column":2},"end":{"line":62,"column":null}},{"start":{"line":32,"column":2},"end":{"line":62,"column":null}}]},"2":{"loc":{"start":{"line":32,"column":6},"end":{"line":32,"column":77}},"type":"binary-expr","locations":[{"start":{"line":32,"column":6},"end":{"line":32,"column":47}},{"start":{"line":32,"column":47},"end":{"line":32,"column":77}}]},"3":{"loc":{"start":{"line":35,"column":4},"end":{"line":40,"column":null}},"type":"if","locations":[{"start":{"line":35,"column":4},"end":{"line":40,"column":null}},{"start":{"line":35,"column":4},"end":{"line":40,"column":null}}]},"4":{"loc":{"start":{"line":45,"column":6},"end":{"line":60,"column":null}},"type":"if","locations":[{"start":{"line":45,"column":6},"end":{"line":60,"column":null}},{"start":{"line":57,"column":13},"end":{"line":60,"column":null}}]},"5":{"loc":{"start":{"line":71,"column":8},"end":{"line":73,"column":null}},"type":"if","locations":[{"start":{"line":71,"column":8},"end":{"line":73,"column":null}},{"start":{"line":71,"column":8},"end":{"line":73,"column":null}}]},"6":{"loc":{"start":{"line":75,"column":10},"end":{"line":100,"column":null}},"type":"if","locations":[{"start":{"line":75,"column":10},"end":{"line":100,"column":null}},{"start":{"line":75,"column":10},"end":{"line":100,"column":null}}]},"7":{"loc":{"start":{"line":76,"column":12},"end":{"line":99,"column":null}},"type":"if","locations":[{"start":{"line":76,"column":12},"end":{"line":99,"column":null}},{"start":{"line":89,"column":19},"end":{"line":99,"column":null}}]},"8":{"loc":{"start":{"line":86,"column":14},"end":{"line":88,"column":null}},"type":"if","locations":[{"start":{"line":86,"column":14},"end":{"line":88,"column":null}},{"start":{"line":86,"column":14},"end":{"line":88,"column":null}}]},"9":{"loc":{"start":{"line":86,"column":18},"end":{"line":86,"column":43}},"type":"binary-expr","locations":[{"start":{"line":86,"column":18},"end":{"line":86,"column":28}},{"start":{"line":86,"column":28},"end":{"line":86,"column":43}}]},"10":{"loc":{"start":{"line":96,"column":14},"end":{"line":98,"column":null}},"type":"if","locations":[{"start":{"line":96,"column":14},"end":{"line":98,"column":null}},{"start":{"line":96,"column":14},"end":{"line":98,"column":null}}]},"11":{"loc":{"start":{"line":96,"column":18},"end":{"line":96,"column":44}},"type":"binary-expr","locations":[{"start":{"line":96,"column":18},"end":{"line":96,"column":28}},{"start":{"line":96,"column":28},"end":{"line":96,"column":44}}]},"12":{"loc":{"start":{"line":117,"column":6},"end":{"line":130,"column":null}},"type":"if","locations":[{"start":{"line":117,"column":6},"end":{"line":130,"column":null}},{"start":{"line":127,"column":13},"end":{"line":130,"column":null}}]},"13":{"loc":{"start":{"line":118,"column":8},"end":{"line":119,"column":null}},"type":"binary-expr","locations":[{"start":{"line":118,"column":8},"end":{"line":118,"column":null}},{"start":{"line":119,"column":9},"end":{"line":119,"column":32}},{"start":{"line":119,"column":32},"end":{"line":119,"column":null}}]},"14":{"loc":{"start":{"line":140,"column":2},"end":{"line":148,"column":null}},"type":"if","locations":[{"start":{"line":140,"column":2},"end":{"line":148,"column":null}},{"start":{"line":140,"column":2},"end":{"line":148,"column":null}}]}},"s":{"0":0,"1":0,"2":0,"3":0,"4":0,"5":0,"6":0,"7":0,"8":0,"9":0,"10":0,"11":0,"12":0,"13":0,"14":0,"15":0,"16":0,"17":0,"18":0,"19":0,"20":0,"21":0,"22":0,"23":0,"24":0,"25":0,"26":0,"27":0,"28":0,"29":0,"30":0,"31":0,"32":0,"33":0,"34":0,"35":0,"36":0,"37":0,"38":0},"f":{"0":0,"1":0,"2":0,"3":0,"4":0,"5":0,"6":0,"7":0,"8":0,"9":0,"10":0,"11":0,"12":0,"13":0,"14":0,"15":0},"b":{"0":[0,0,0],"1":[0,0],"2":[0,0],"3":[0,0],"4":[0,0],"5":[0,0],"6":[0,0],"7":[0,0],"8":[0,0],"9":[0,0],"10":[0,0],"11":[0,0],"12":[0,0],"13":[0,0,0],"14":[0,0]}}
,"C:/Users/Saifulloh/Documents/Personal/SYNRGY-BINAR/Chapter_8/final_challenge/frontend/src/components/Footer/index.tsx": {"path":"C:/Users/Saifulloh/Documents/Personal/SYNRGY-BINAR/Chapter_8/final_challenge/frontend/src/components/Footer/index.tsx","statementMap":{"0":{"start":{"line":3,"column":22},"end":{"line":6,"column":null}},"1":{"start":{"line":4,"column":17},"end":{"line":6,"column":1}}},"fnMap":{"0":{"name":"(anonymous_0)","decl":{"start":{"line":4,"column":2},"end":{"line":4,"column":3}},"loc":{"start":{"line":4,"column":17},"end":{"line":6,"column":1}}},"1":{"name":"Footer","decl":{"start":{"line":9,"column":9},"end":{"line":9,"column":null}},"loc":{"start":{"line":9,"column":9},"end":{"line":35,"column":null}}}},"branchMap":{},"s":{"0":1,"1":1},"f":{"0":1,"1":1},"b":{}}
,"C:/Users/Saifulloh/Documents/Personal/SYNRGY-BINAR/Chapter_8/final_challenge/frontend/src/components/Label/index.tsx": {"path":"C:/Users/Saifulloh/Documents/Personal/SYNRGY-BINAR/Chapter_8/final_challenge/frontend/src/components/Label/index.tsx","statementMap":{"0":{"start":{"line":18,"column":21},"end":{"line":65,"column":null}},"1":{"start":{"line":19,"column":17},"end":{"line":65,"column":1}},"2":{"start":{"line":68,"column":30},"end":{"line":78,"column":null}},"3":{"start":{"line":80,"column":0},"end":{"line":92,"column":null}}},"fnMap":{"0":{"name":"(anonymous_0)","decl":{"start":{"line":19,"column":2},"end":{"line":19,"column":3}},"loc":{"start":{"line":19,"column":17},"end":{"line":65,"column":1}}},"1":{"name":"(anonymous_1)","decl":{"start":{"line":68,"column":30},"end":{"line":68,"column":31}},"loc":{"start":{"line":72,"column":1},"end":{"line":78,"column":null}}}},"branchMap":{"0":{"loc":{"start":{"line":69,"column":2},"end":{"line":69,"column":21}},"type":"default-arg","locations":[{"start":{"line":69,"column":10},"end":{"line":69,"column":21}}]}},"s":{"0":1,"1":3,"2":1,"3":1},"f":{"0":3,"1":3},"b":{"0":[0]}}
,"C:/Users/Saifulloh/Documents/Personal/SYNRGY-BINAR/Chapter_8/final_challenge/frontend/src/components/Logo/index.tsx": {"path":"C:/Users/Saifulloh/Documents/Personal/SYNRGY-BINAR/Chapter_8/final_challenge/frontend/src/components/Logo/index.tsx","statementMap":{"0":{"start":{"line":4,"column":20},"end":{"line":11,"column":null}},"1":{"start":{"line":5,"column":17},"end":{"line":11,"column":1}},"2":{"start":{"line":14,"column":24},"end":{"line":20,"column":null}},"3":{"start":{"line":15,"column":8},"end":{"line":20,"column":1}},"4":{"start":{"line":23,"column":17},"end":{"line":57,"column":null}},"5":{"start":{"line":24,"column":17},"end":{"line":57,"column":1}},"6":{"start":{"line":60,"column":22},"end":{"line":70,"column":null}},"7":{"start":{"line":61,"column":17},"end":{"line":70,"column":1}},"8":{"start":{"line":73,"column":24},"end":{"line":76,"column":null}},"9":{"start":{"line":74,"column":17},"end":{"line":76,"column":1}},"10":{"start":{"line":79,"column":21},"end":{"line":89,"column":null}},"11":{"start":{"line":80,"column":17},"end":{"line":89,"column":1}},"12":{"start":{"line":92,"column":17},"end":{"line":96,"column":null}},"13":{"start":{"line":93,"column":17},"end":{"line":96,"column":1}}},"fnMap":{"0":{"name":"(anonymous_0)","decl":{"start":{"line":5,"column":2},"end":{"line":5,"column":3}},"loc":{"start":{"line":5,"column":17},"end":{"line":11,"column":1}}},"1":{"name":"(anonymous_1)","decl":{"start":{"line":15,"column":2},"end":{"line":15,"column":8}},"loc":{"start":{"line":15,"column":8},"end":{"line":20,"column":1}}},"2":{"name":"(anonymous_2)","decl":{"start":{"line":24,"column":2},"end":{"line":24,"column":3}},"loc":{"start":{"line":24,"column":17},"end":{"line":57,"column":1}}},"3":{"name":"(anonymous_3)","decl":{"start":{"line":61,"column":2},"end":{"line":61,"column":3}},"loc":{"start":{"line":61,"column":17},"end":{"line":70,"column":1}}},"4":{"name":"(anonymous_4)","decl":{"start":{"line":74,"column":2},"end":{"line":74,"column":3}},"loc":{"start":{"line":74,"column":17},"end":{"line":76,"column":1}}},"5":{"name":"(anonymous_5)","decl":{"start":{"line":80,"column":2},"end":{"line":80,"column":3}},"loc":{"start":{"line":80,"column":17},"end":{"line":89,"column":1}}},"6":{"name":"(anonymous_6)","decl":{"start":{"line":93,"column":2},"end":{"line":93,"column":3}},"loc":{"start":{"line":93,"column":17},"end":{"line":96,"column":1}}},"7":{"name":"Logo","decl":{"start":{"line":99,"column":9},"end":{"line":99,"column":null}},"loc":{"start":{"line":99,"column":9},"end":{"line":122,"column":null}}}},"branchMap":{},"s":{"0":0,"1":0,"2":0,"3":0,"4":0,"5":0,"6":0,"7":0,"8":0,"9":0,"10":0,"11":0,"12":0,"13":0},"f":{"0":0,"1":0,"2":0,"3":0,"4":0,"5":0,"6":0,"7":0},"b":{}}
,"C:/Users/Saifulloh/Documents/Personal/SYNRGY-BINAR/Chapter_8/final_challenge/frontend/src/components/LogoSign/index.tsx": {"path":"C:/Users/Saifulloh/Documents/Personal/SYNRGY-BINAR/Chapter_8/final_challenge/frontend/src/components/LogoSign/index.tsx","statementMap":{"0":{"start":{"line":12,"column":20},"end":{"line":20,"column":null}},"1":{"start":{"line":13,"column":17},"end":{"line":20,"column":1}},"2":{"start":{"line":23,"column":24},"end":{"line":27,"column":null}},"3":{"start":{"line":24,"column":8},"end":{"line":27,"column":1}},"4":{"start":{"line":30,"column":17},"end":{"line":64,"column":null}},"5":{"start":{"line":31,"column":17},"end":{"line":64,"column":1}},"6":{"start":{"line":67,"column":22},"end":{"line":77,"column":null}},"7":{"start":{"line":68,"column":17},"end":{"line":77,"column":1}},"8":{"start":{"line":80,"column":23},"end":{"line":95,"column":null}},"9":{"start":{"line":81,"column":2},"end":{"line":82,"column":4}},"10":{"start":{"line":82,"column":19},"end":{"line":95,"column":null}},"11":{"start":{"line":98,"column":16},"end":{"line":98,"column":null}}},"fnMap":{"0":{"name":"(anonymous_0)","decl":{"start":{"line":13,"column":2},"end":{"line":13,"column":3}},"loc":{"start":{"line":13,"column":17},"end":{"line":20,"column":1}}},"1":{"name":"(anonymous_1)","decl":{"start":{"line":24,"column":2},"end":{"line":24,"column":8}},"loc":{"start":{"line":24,"column":8},"end":{"line":27,"column":1}}},"2":{"name":"(anonymous_2)","decl":{"start":{"line":31,"column":2},"end":{"line":31,"column":3}},"loc":{"start":{"line":31,"column":17},"end":{"line":64,"column":1}}},"3":{"name":"(anonymous_3)","decl":{"start":{"line":68,"column":2},"end":{"line":68,"column":3}},"loc":{"start":{"line":68,"column":17},"end":{"line":77,"column":1}}},"4":{"name":"(anonymous_4)","decl":{"start":{"line":80,"column":30},"end":{"line":80,"column":31}},"loc":{"start":{"line":81,"column":2},"end":{"line":82,"column":4}}},"5":{"name":"(anonymous_5)","decl":{"start":{"line":82,"column":3},"end":{"line":82,"column":4}},"loc":{"start":{"line":82,"column":19},"end":{"line":95,"column":null}}},"6":{"name":"Logo","decl":{"start":{"line":97,"column":9},"end":{"line":97,"column":null}},"loc":{"start":{"line":97,"column":9},"end":{"line":127,"column":null}}}},"branchMap":{},"s":{"0":0,"1":0,"2":0,"3":0,"4":0,"5":0,"6":0,"7":0,"8":0,"9":0,"10":0,"11":0},"f":{"0":0,"1":0,"2":0,"3":0,"4":0,"5":0,"6":0},"b":{}}
,"C:/Users/Saifulloh/Documents/Personal/SYNRGY-BINAR/Chapter_8/final_challenge/frontend/src/components/PageTitle/index.tsx": {"path":"C:/Users/Saifulloh/Documents/Personal/SYNRGY-BINAR/Chapter_8/final_challenge/frontend/src/components/PageTitle/index.tsx","statementMap":{"0":{"start":{"line":13,"column":38},"end":{"line":37,"column":null}},"1":{"start":{"line":39,"column":0},"end":{"line":43,"column":null}}},"fnMap":{"0":{"name":"(anonymous_0)","decl":{"start":{"line":13,"column":38},"end":{"line":13,"column":39}},"loc":{"start":{"line":18,"column":1},"end":{"line":37,"column":null}}}},"branchMap":{"0":{"loc":{"start":{"line":14,"column":2},"end":{"line":14,"column":14}},"type":"default-arg","locations":[{"start":{"line":14,"column":12},"end":{"line":14,"column":14}}]},"1":{"loc":{"start":{"line":15,"column":2},"end":{"line":15,"column":17}},"type":"default-arg","locations":[{"start":{"line":15,"column":15},"end":{"line":15,"column":17}}]}},"s":{"0":1,"1":1},"f":{"0":1},"b":{"0":[0],"1":[0]}}
,"C:/Users/Saifulloh/Documents/Personal/SYNRGY-BINAR/Chapter_8/final_challenge/frontend/src/components/PageTitleWrapper/index.tsx": {"path":"C:/Users/Saifulloh/Documents/Personal/SYNRGY-BINAR/Chapter_8/final_challenge/frontend/src/components/PageTitleWrapper/index.tsx","statementMap":{"0":{"start":{"line":5,"column":18},"end":{"line":8,"column":null}},"1":{"start":{"line":6,"column":17},"end":{"line":8,"column":1}},"2":{"start":{"line":15,"column":52},"end":{"line":21,"column":null}},"3":{"start":{"line":23,"column":0},"end":{"line":25,"column":null}}},"fnMap":{"0":{"name":"(anonymous_0)","decl":{"start":{"line":6,"column":2},"end":{"line":6,"column":3}},"loc":{"start":{"line":6,"column":17},"end":{"line":8,"column":1}}},"1":{"name":"(anonymous_1)","decl":{"start":{"line":15,"column":52},"end":{"line":15,"column":53}},"loc":{"start":{"line":15,"column":65},"end":{"line":21,"column":null}}}},"branchMap":{},"s":{"0":1,"1":1,"2":1,"3":1},"f":{"0":1,"1":1},"b":{}}
,"C:/Users/Saifulloh/Documents/Personal/SYNRGY-BINAR/Chapter_8/final_challenge/frontend/src/components/Scrollbar/index.tsx": {"path":"C:/Users/Saifulloh/Documents/Personal/SYNRGY-BINAR/Chapter_8/final_challenge/frontend/src/components/Scrollbar/index.tsx","statementMap":{"0":{"start":{"line":12,"column":38},"end":{"line":39,"column":null}},"1":{"start":{"line":13,"column":16},"end":{"line":13,"column":null}},"2":{"start":{"line":41,"column":0},"end":{"line":44,"column":null}}},"fnMap":{"0":{"name":"(anonymous_0)","decl":{"start":{"line":12,"column":38},"end":{"line":12,"column":39}},"loc":{"start":{"line":12,"column":60},"end":{"line":39,"column":null}}},"1":{"name":"(anonymous_1)","decl":{"start":{"line":18,"column":27},"end":{"line":18,"column":null}},"loc":{"start":{"line":18,"column":27},"end":{"line":33,"column":null}}}},"branchMap":{},"s":{"0":0,"1":0,"2":0},"f":{"0":0,"1":0},"b":{}}
,"C:/Users/Saifulloh/Documents/Personal/SYNRGY-BINAR/Chapter_8/final_challenge/frontend/src/components/SuspenseLoader/index.tsx": {"path":"C:/Users/Saifulloh/Documents/Personal/SYNRGY-BINAR/Chapter_8/final_challenge/frontend/src/components/SuspenseLoader/index.tsx","statementMap":{"0":{"start":{"line":6,"column":2},"end":{"line":12,"column":null}},"1":{"start":{"line":7,"column":4},"end":{"line":7,"column":null}},"2":{"start":{"line":9,"column":4},"end":{"line":11,"column":null}},"3":{"start":{"line":10,"column":6},"end":{"line":10,"column":null}}},"fnMap":{"0":{"name":"SuspenseLoader","decl":{"start":{"line":5,"column":9},"end":{"line":5,"column":null}},"loc":{"start":{"line":5,"column":9},"end":{"line":30,"column":null}}},"1":{"name":"(anonymous_1)","decl":{"start":{"line":6,"column":12},"end":{"line":6,"column":null}},"loc":{"start":{"line":6,"column":12},"end":{"line":12,"column":5}}},"2":{"name":"(anonymous_2)","decl":{"start":{"line":9,"column":11},"end":{"line":9,"column":null}},"loc":{"start":{"line":9,"column":11},"end":{"line":11,"column":null}}}},"branchMap":{},"s":{"0":0,"1":0,"2":0,"3":0},"f":{"0":0,"1":0,"2":0},"b":{}}
,"C:/Users/Saifulloh/Documents/Personal/SYNRGY-BINAR/Chapter_8/final_challenge/frontend/src/components/Text/index.tsx": {"path":"C:/Users/Saifulloh/Documents/Personal/SYNRGY-BINAR/Chapter_8/final_challenge/frontend/src/components/Text/index.tsx","statementMap":{"0":{"start":{"line":20,"column":20},"end":{"line":59,"column":null}},"1":{"start":{"line":21,"column":17},"end":{"line":59,"column":1}},"2":{"start":{"line":62,"column":28},"end":{"line":76,"column":null}},"3":{"start":{"line":78,"column":0},"end":{"line":90,"column":null}}},"fnMap":{"0":{"name":"(anonymous_0)","decl":{"start":{"line":21,"column":2},"end":{"line":21,"column":3}},"loc":{"start":{"line":21,"column":17},"end":{"line":59,"column":1}}},"1":{"name":"(anonymous_1)","decl":{"start":{"line":62,"column":28},"end":{"line":62,"column":29}},"loc":{"start":{"line":67,"column":1},"end":{"line":76,"column":null}}}},"branchMap":{"0":{"loc":{"start":{"line":63,"column":2},"end":{"line":63,"column":21}},"type":"default-arg","locations":[{"start":{"line":63,"column":10},"end":{"line":63,"column":21}}]}},"s":{"0":0,"1":0,"2":0,"3":0},"f":{"0":0,"1":0},"b":{"0":[0]}}
,"C:/Users/Saifulloh/Documents/Personal/SYNRGY-BINAR/Chapter_8/final_challenge/frontend/src/content/applications/Products/BulkActions.tsx": {"path":"C:/Users/Saifulloh/Documents/Personal/SYNRGY-BINAR/Chapter_8/final_challenge/frontend/src/content/applications/Products/BulkActions.tsx","statementMap":{"0":{"start":{"line":18,"column":42},"end":{"line":74,"column":null}},"1":{"start":{"line":19,"column":33},"end":{"line":19,"column":null}},"2":{"start":{"line":20,"column":18},"end":{"line":20,"column":null}},"3":{"start":{"line":22,"column":19},"end":{"line":24,"column":null}},"4":{"start":{"line":23,"column":4},"end":{"line":23,"column":null}},"5":{"start":{"line":26,"column":20},"end":{"line":28,"column":null}},"6":{"start":{"line":27,"column":4},"end":{"line":27,"column":null}}},"fnMap":{"0":{"name":"(anonymous_0)","decl":{"start":{"line":18,"column":42},"end":{"line":18,"column":43}},"loc":{"start":{"line":18,"column":60},"end":{"line":74,"column":null}}},"1":{"name":"(anonymous_1)","decl":{"start":{"line":22,"column":19},"end":{"line":22,"column":null}},"loc":{"start":{"line":22,"column":19},"end":{"line":24,"column":null}}},"2":{"name":"(anonymous_2)","decl":{"start":{"line":26,"column":20},"end":{"line":26,"column":null}},"loc":{"start":{"line":26,"column":20},"end":{"line":28,"column":null}}}},"branchMap":{},"s":{"0":1,"1":0,"2":0,"3":0,"4":0,"5":0,"6":0},"f":{"0":0,"1":0,"2":0},"b":{}}
,"C:/Users/Saifulloh/Documents/Personal/SYNRGY-BINAR/Chapter_8/final_challenge/frontend/src/content/applications/Products/PageHeader.tsx": {"path":"C:/Users/Saifulloh/Documents/Personal/SYNRGY-BINAR/Chapter_8/final_challenge/frontend/src/content/applications/Products/PageHeader.tsx","statementMap":{},"fnMap":{"0":{"name":"PageHeader","decl":{"start":{"line":6,"column":9},"end":{"line":6,"column":null}},"loc":{"start":{"line":6,"column":9},"end":{"line":30,"column":null}}}},"branchMap":{},"s":{},"f":{"0":0},"b":{}}
,"C:/Users/Saifulloh/Documents/Personal/SYNRGY-BINAR/Chapter_8/final_challenge/frontend/src/content/applications/Products/Products.tsx": {"path":"C:/Users/Saifulloh/Documents/Personal/SYNRGY-BINAR/Chapter_8/final_challenge/frontend/src/content/applications/Products/Products.tsx","statementMap":{"0":{"start":{"line":16,"column":6},"end":{"line":16,"column":null}}},"fnMap":{"0":{"name":"Products","decl":{"start":{"line":7,"column":9},"end":{"line":7,"column":null}},"loc":{"start":{"line":7,"column":9},"end":{"line":31,"column":null}}}},"branchMap":{},"s":{"0":0},"f":{"0":0},"b":{}}
,"C:/Users/Saifulloh/Documents/Personal/SYNRGY-BINAR/Chapter_8/final_challenge/frontend/src/content/applications/Products/ProductsTable.tsx": {"path":"C:/Users/Saifulloh/Documents/Personal/SYNRGY-BINAR/Chapter_8/final_challenge/frontend/src/content/applications/Products/ProductsTable.tsx","statementMap":{"0":{"start":{"line":40,"column":20},"end":{"line":48,"column":null}},"1":{"start":{"line":41,"column":17},"end":{"line":48,"column":5}},"2":{"start":{"line":74,"column":23},"end":{"line":89,"column":null}},"3":{"start":{"line":75,"column":25},"end":{"line":84,"column":null}},"4":{"start":{"line":86,"column":26},"end":{"line":86,"column":62}},"5":{"start":{"line":91,"column":21},"end":{"line":108,"column":null}},"6":{"start":{"line":92,"column":2},"end":{"line":94,"column":null}},"7":{"start":{"line":93,"column":4},"end":{"line":93,"column":null}},"8":{"start":{"line":96,"column":2},"end":{"line":107,"column":null}},"9":{"start":{"line":97,"column":22},"end":{"line":97,"column":null}},"10":{"start":{"line":98,"column":18},"end":{"line":98,"column":null}},"11":{"start":{"line":100,"column":4},"end":{"line":104,"column":null}},"12":{"start":{"line":101,"column":6},"end":{"line":101,"column":null}},"13":{"start":{"line":103,"column":6},"end":{"line":103,"column":null}},"14":{"start":{"line":106,"column":4},"end":{"line":106,"column":null}},"15":{"start":{"line":110,"column":24},"end":{"line":112,"column":null}},"16":{"start":{"line":111,"column":2},"end":{"line":111,"column":null}},"17":{"start":{"line":114,"column":46},"end":{"line":428,"column":null}},"18":{"start":{"line":123,"column":19},"end":{"line":123,"column":null}},"19":{"start":{"line":124,"column":42},"end":{"line":124,"column":null}},"20":{"start":{"line":125,"column":30},"end":{"line":125,"column":null}},"21":{"start":{"line":126,"column":26},"end":{"line":126,"column":null}},"22":{"start":{"line":127,"column":28},"end":{"line":127,"column":null}},"23":{"start":{"line":129,"column":24},"end":{"line":145,"column":null}},"24":{"start":{"line":147,"column":30},"end":{"line":150,"column":null}},"25":{"start":{"line":148,"column":4},"end":{"line":148,"column":null}},"26":{"start":{"line":148,"column":61},"end":{"line":148,"column":71}},"27":{"start":{"line":149,"column":4},"end":{"line":149,"column":null}},"28":{"start":{"line":152,"column":29},"end":{"line":160,"column":null}},"29":{"start":{"line":153,"column":4},"end":{"line":159,"column":null}},"30":{"start":{"line":154,"column":6},"end":{"line":154,"column":null}},"31":{"start":{"line":154,"column":40},"end":{"line":154,"column":null}},"32":{"start":{"line":156,"column":6},"end":{"line":157,"column":null}},"33":{"start":{"line":157,"column":8},"end":{"line":157,"column":null}},"34":{"start":{"line":157,"column":36},"end":{"line":157,"column":null}},"35":{"start":{"line":162,"column":27},"end":{"line":168,"column":null}},"36":{"start":{"line":166,"column":4},"end":{"line":166,"column":null}},"37":{"start":{"line":167,"column":4},"end":{"line":167,"column":null}},"38":{"start":{"line":170,"column":28},"end":{"line":172,"column":null}},"39":{"start":{"line":171,"column":4},"end":{"line":171,"column":null}},"40":{"start":{"line":174,"column":23},"end":{"line":174,"column":null}},"41":{"start":{"line":175,"column":24},"end":{"line":175,"column":null}},"42":{"start":{"line":177,"column":4},"end":{"line":177,"column":64}},"43":{"start":{"line":179,"column":26},"end":{"line":179,"column":61}},"44":{"start":{"line":181,"column":16},"end":{"line":181,"column":null}},"45":{"start":{"line":193,"column":32},"end":{"line":193,"column":null}},"46":{"start":{"line":265,"column":36},"end":{"line":265,"column":null}},"47":{"start":{"line":272,"column":33},"end":{"line":272,"column":null}},"48":{"start":{"line":278,"column":38},"end":{"line":278,"column":null}},"49":{"start":{"line":281,"column":24},"end":{"line":281,"column":null}},"50":{"start":{"line":390,"column":40},"end":{"line":390,"column":null}},"51":{"start":{"line":403,"column":40},"end":{"line":403,"column":null}},"52":{"start":{"line":430,"column":0},"end":{"line":432,"column":null}},"53":{"start":{"line":434,"column":0},"end":{"line":436,"column":null}}},"fnMap":{"0":{"name":"(anonymous_0)","decl":{"start":{"line":41,"column":2},"end":{"line":41,"column":3}},"loc":{"start":{"line":41,"column":17},"end":{"line":48,"column":5}}},"1":{"name":"(anonymous_1)","decl":{"start":{"line":74,"column":23},"end":{"line":74,"column":24}},"loc":{"start":{"line":74,"column":24},"end":{"line":89,"column":null}}},"2":{"name":"(anonymous_2)","decl":{"start":{"line":91,"column":21},"end":{"line":91,"column":22}},"loc":{"start":{"line":91,"column":36},"end":{"line":108,"column":null}}},"3":{"name":"(anonymous_3)","decl":{"start":{"line":96,"column":21},"end":{"line":96,"column":22}},"loc":{"start":{"line":96,"column":22},"end":{"line":107,"column":null}}},"4":{"name":"(anonymous_4)","decl":{"start":{"line":110,"column":24},"end":{"line":110,"column":25}},"loc":{"start":{"line":110,"column":53},"end":{"line":112,"column":null}}},"5":{"name":"(anonymous_5)","decl":{"start":{"line":114,"column":46},"end":{"line":114,"column":47}},"loc":{"start":{"line":122,"column":1},"end":{"line":428,"column":null}}},"6":{"name":"(anonymous_6)","decl":{"start":{"line":147,"column":30},"end":{"line":147,"column":31}},"loc":{"start":{"line":147,"column":31},"end":{"line":150,"column":null}}},"7":{"name":"(anonymous_7)","decl":{"start":{"line":148,"column":52},"end":{"line":148,"column":53}},"loc":{"start":{"line":148,"column":61},"end":{"line":148,"column":71}}},"8":{"name":"(anonymous_8)","decl":{"start":{"line":152,"column":29},"end":{"line":152,"column":30}},"loc":{"start":{"line":152,"column":30},"end":{"line":160,"column":null}}},"9":{"name":"(anonymous_9)","decl":{"start":{"line":154,"column":22},"end":{"line":154,"column":23}},"loc":{"start":{"line":154,"column":40},"end":{"line":154,"column":null}}},"10":{"name":"(anonymous_10)","decl":{"start":{"line":156,"column":22},"end":{"line":156,"column":23}},"loc":{"start":{"line":157,"column":8},"end":{"line":157,"column":null}}},"11":{"name":"(anonymous_11)","decl":{"start":{"line":157,"column":28},"end":{"line":157,"column":29}},"loc":{"start":{"line":157,"column":36},"end":{"line":157,"column":null}}},"12":{"name":"(anonymous_12)","decl":{"start":{"line":162,"column":27},"end":{"line":162,"column":null}},"loc":{"start":{"line":164,"column":4},"end":{"line":168,"column":null}}},"13":{"name":"(anonymous_13)","decl":{"start":{"line":170,"column":28},"end":{"line":170,"column":29}},"loc":{"start":{"line":170,"column":29},"end":{"line":172,"column":null}}},"14":{"name":"(anonymous_14)","decl":{"start":{"line":193,"column":25},"end":{"line":193,"column":26}},"loc":{"start":{"line":193,"column":32},"end":{"line":193,"column":null}}},"15":{"name":"(anonymous_16)","decl":{"start":{"line":264,"column":31},"end":{"line":264,"column":32}},"loc":{"start":{"line":264,"column":32},"end":{"line":411,"column":null}}},"16":{"name":"(anonymous_17)","decl":{"start":{"line":272,"column":27},"end":{"line":272,"column":33}},"loc":{"start":{"line":272,"column":33},"end":{"line":272,"column":null}}},"17":{"name":"(anonymous_18)","decl":{"start":{"line":278,"column":32},"end":{"line":278,"column":38}},"loc":{"start":{"line":278,"column":38},"end":{"line":278,"column":null}}},"18":{"name":"(anonymous_19)","decl":{"start":{"line":280,"column":31},"end":{"line":280,"column":32}},"loc":{"start":{"line":281,"column":24},"end":{"line":281,"column":null}}},"19":{"name":"(anonymous_20)","decl":{"start":{"line":390,"column":33},"end":{"line":390,"column":34}},"loc":{"start":{"line":390,"column":40},"end":{"line":390,"column":null}}},"20":{"name":"(anonymous_21)","decl":{"start":{"line":403,"column":33},"end":{"line":403,"column":34}},"loc":{"start":{"line":403,"column":40},"end":{"line":403,"column":null}}}},"branchMap":{"0":{"loc":{"start":{"line":86,"column":26},"end":{"line":86,"column":62}},"type":"cond-expr","locations":[{"start":{"line":86,"column":42},"end":{"line":86,"column":50}},{"start":{"line":86,"column":53},"end":{"line":86,"column":62}}]},"1":{"loc":{"start":{"line":92,"column":2},"end":{"line":94,"column":null}},"type":"if","locations":[{"start":{"line":92,"column":2},"end":{"line":94,"column":null}},{"start":{"line":92,"column":2},"end":{"line":94,"column":null}}]},"2":{"loc":{"start":{"line":97,"column":22},"end":{"line":97,"column":null}},"type":"cond-expr","locations":[{"start":{"line":97,"column":38},"end":{"line":97,"column":52}},{"start":{"line":97,"column":52},"end":{"line":97,"column":null}}]},"3":{"loc":{"start":{"line":100,"column":4},"end":{"line":104,"column":null}},"type":"if","locations":[{"start":{"line":100,"column":4},"end":{"line":104,"column":null}},{"start":{"line":102,"column":11},"end":{"line":104,"column":null}}]},"4":{"loc":{"start":{"line":148,"column":20},"end":{"line":148,"column":77}},"type":"cond-expr","locations":[{"start":{"line":148,"column":43},"end":{"line":148,"column":75}},{"start":{"line":148,"column":75},"end":{"line":148,"column":77}}]},"5":{"loc":{"start":{"line":153,"column":4},"end":{"line":159,"column":null}},"type":"if","locations":[{"start":{"line":153,"column":4},"end":{"line":159,"column":null}},{"start":{"line":155,"column":11},"end":{"line":159,"column":null}}]},"6":{"loc":{"start":{"line":177,"column":4},"end":{"line":177,"column":64}},"type":"binary-expr","locations":[{"start":{"line":177,"column":4},"end":{"line":177,"column":31}},{"start":{"line":177,"column":31},"end":{"line":177,"column":64}}]},"7":{"loc":{"start":{"line":185,"column":7},"end":{"line":185,"column":null}},"type":"binary-expr","locations":[{"start":{"line":185,"column":7},"end":{"line":185,"column":null}}]},"8":{"loc":{"start":{"line":201,"column":7},"end":{"line":201,"column":null}},"type":"binary-expr","locations":[{"start":{"line":201,"column":7},"end":{"line":201,"column":null}}]}},"s":{"0":1,"1":0,"2":1,"3":3,"4":3,"5":1,"6":1,"7":1,"8":0,"9":0,"10":0,"11":0,"12":0,"13":0,"14":0,"15":1,"16":1,"17":1,"18":1,"19":1,"20":1,"21":1,"22":1,"23":1,"24":1,"25":0,"26":0,"27":0,"28":1,"29":0,"30":0,"31":0,"32":0,"33":0,"34":0,"35":1,"36":0,"37":0,"38":1,"39":0,"40":1,"41":1,"42":1,"43":1,"44":1,"45":0,"46":3,"47":0,"48":0,"49":0,"50":0,"51":0,"52":1,"53":1},"f":{"0":0,"1":3,"2":1,"3":0,"4":1,"5":1,"6":0,"7":0,"8":0,"9":0,"10":0,"11":0,"12":0,"13":0,"14":0,"15":3,"16":0,"17":0,"18":0,"19":0,"20":0},"b":{"0":[3,0],"1":[1,0],"2":[0,0],"3":[0,0],"4":[0,0],"5":[0,0],"6":[1,0],"7":[1],"8":[1]}}
,"C:/Users/Saifulloh/Documents/Personal/SYNRGY-BINAR/Chapter_8/final_challenge/frontend/src/content/applications/Products/index.tsx": {"path":"C:/Users/Saifulloh/Documents/Personal/SYNRGY-BINAR/Chapter_8/final_challenge/frontend/src/content/applications/Products/index.tsx","statementMap":{},"fnMap":{"0":{"name":"ApplicationsProducts","decl":{"start":{"line":9,"column":9},"end":{"line":9,"column":null}},"loc":{"start":{"line":9,"column":9},"end":{"line":34,"column":null}}}},"branchMap":{},"s":{},"f":{"0":0},"b":{}}
,"C:/Users/Saifulloh/Documents/Personal/SYNRGY-BINAR/Chapter_8/final_challenge/frontend/src/content/pages/Details/details.styled.ts": {"path":"C:/Users/Saifulloh/Documents/Personal/SYNRGY-BINAR/Chapter_8/final_challenge/frontend/src/content/pages/Details/details.styled.ts","statementMap":{"0":{"start":{"line":3,"column":35},"end":{"line":5,"column":1}}},"fnMap":{},"branchMap":{},"s":{"0":0},"f":{},"b":{}}
,"C:/Users/Saifulloh/Documents/Personal/SYNRGY-BINAR/Chapter_8/final_challenge/frontend/src/content/pages/Details/index.tsx": {"path":"C:/Users/Saifulloh/Documents/Personal/SYNRGY-BINAR/Chapter_8/final_challenge/frontend/src/content/pages/Details/index.tsx","statementMap":{"0":{"start":{"line":25,"column":32},"end":{"line":25,"column":null}},"1":{"start":{"line":27,"column":2},"end":{"line":29,"column":null}},"2":{"start":{"line":28,"column":4},"end":{"line":28,"column":null}},"3":{"start":{"line":31,"column":2},"end":{"line":31,"column":null}}},"fnMap":{"0":{"name":"Details","decl":{"start":{"line":24,"column":9},"end":{"line":24,"column":null}},"loc":{"start":{"line":24,"column":9},"end":{"line":299,"column":null}}},"1":{"name":"(anonymous_1)","decl":{"start":{"line":27,"column":12},"end":{"line":27,"column":null}},"loc":{"start":{"line":27,"column":12},"end":{"line":29,"column":5}}}},"branchMap":{},"s":{"0":1,"1":1,"2":1,"3":1},"f":{"0":1,"1":1},"b":{}}
,"C:/Users/Saifulloh/Documents/Personal/SYNRGY-BINAR/Chapter_8/final_challenge/frontend/src/content/pages/Forms/CreateForm/createForm.styled.ts": {"path":"C:/Users/Saifulloh/Documents/Personal/SYNRGY-BINAR/Chapter_8/final_challenge/frontend/src/content/pages/Forms/CreateForm/createForm.styled.ts","statementMap":{"0":{"start":{"line":3,"column":35},"end":{"line":5,"column":1}}},"fnMap":{},"branchMap":{},"s":{"0":0},"f":{},"b":{}}
,"C:/Users/Saifulloh/Documents/Personal/SYNRGY-BINAR/Chapter_8/final_challenge/frontend/src/content/pages/Forms/CreateForm/index.tsx": {"path":"C:/Users/Saifulloh/Documents/Personal/SYNRGY-BINAR/Chapter_8/final_challenge/frontend/src/content/pages/Forms/CreateForm/index.tsx","statementMap":{"0":{"start":{"line":45,"column":6},"end":{"line":45,"column":null}},"1":{"start":{"line":104,"column":24},"end":{"line":107,"column":null}},"2":{"start":{"line":116,"column":24},"end":{"line":119,"column":null}},"3":{"start":{"line":127,"column":24},"end":{"line":130,"column":null}},"4":{"start":{"line":138,"column":24},"end":{"line":141,"column":null}},"5":{"start":{"line":149,"column":24},"end":{"line":152,"column":null}},"6":{"start":{"line":160,"column":24},"end":{"line":163,"column":null}},"7":{"start":{"line":172,"column":24},"end":{"line":175,"column":null}},"8":{"start":{"line":183,"column":24},"end":{"line":186,"column":null}},"9":{"start":{"line":193,"column":26},"end":{"line":207,"column":null}},"10":{"start":{"line":194,"column":54},"end":{"line":196,"column":null}},"11":{"start":{"line":198,"column":28},"end":{"line":201,"column":null}},"12":{"start":{"line":203,"column":28},"end":{"line":206,"column":null}},"13":{"start":{"line":219,"column":28},"end":{"line":222,"column":null}},"14":{"start":{"line":233,"column":24},"end":{"line":236,"column":null}},"15":{"start":{"line":261,"column":35},"end":{"line":261,"column":null}},"16":{"start":{"line":284,"column":35},"end":{"line":284,"column":null}}},"fnMap":{"0":{"name":"Forms","decl":{"start":{"line":30,"column":9},"end":{"line":30,"column":null}},"loc":{"start":{"line":30,"column":9},"end":{"line":326,"column":null}}},"1":{"name":"(anonymous_1)","decl":{"start":{"line":103,"column":32},"end":{"line":103,"column":33}},"loc":{"start":{"line":104,"column":24},"end":{"line":107,"column":null}}},"2":{"name":"(anonymous_2)","decl":{"start":{"line":115,"column":32},"end":{"line":115,"column":33}},"loc":{"start":{"line":116,"column":24},"end":{"line":119,"column":null}}},"3":{"name":"(anonymous_3)","decl":{"start":{"line":126,"column":32},"end":{"line":126,"column":33}},"loc":{"start":{"line":127,"column":24},"end":{"line":130,"column":null}}},"4":{"name":"(anonymous_4)","decl":{"start":{"line":137,"column":32},"end":{"line":137,"column":33}},"loc":{"start":{"line":138,"column":24},"end":{"line":141,"column":null}}},"5":{"name":"(anonymous_5)","decl":{"start":{"line":148,"column":32},"end":{"line":148,"column":33}},"loc":{"start":{"line":149,"column":24},"end":{"line":152,"column":null}}},"6":{"name":"(anonymous_6)","decl":{"start":{"line":159,"column":32},"end":{"line":159,"column":33}},"loc":{"start":{"line":160,"column":24},"end":{"line":163,"column":null}}},"7":{"name":"(anonymous_7)","decl":{"start":{"line":171,"column":32},"end":{"line":171,"column":33}},"loc":{"start":{"line":172,"column":24},"end":{"line":175,"column":null}}},"8":{"name":"(anonymous_8)","decl":{"start":{"line":182,"column":32},"end":{"line":182,"column":33}},"loc":{"start":{"line":183,"column":24},"end":{"line":186,"column":null}}},"9":{"name":"(anonymous_9)","decl":{"start":{"line":192,"column":34},"end":{"line":192,"column":35}},"loc":{"start":{"line":192,"column":35},"end":{"line":208,"column":null}}},"10":{"name":"(anonymous_10)","decl":{"start":{"line":218,"column":36},"end":{"line":218,"column":37}},"loc":{"start":{"line":219,"column":28},"end":{"line":222,"column":null}}},"11":{"name":"(anonymous_11)","decl":{"start":{"line":232,"column":32},"end":{"line":232,"column":33}},"loc":{"start":{"line":233,"column":24},"end":{"line":236,"column":null}}},"12":{"name":"(anonymous_12)","decl":{"start":{"line":249,"column":46},"end":{"line":249,"column":47}},"loc":{"start":{"line":249,"column":54},"end":{"line":265,"column":null}}},"13":{"name":"(anonymous_13)","decl":{"start":{"line":259,"column":40},"end":{"line":259,"column":null}},"loc":{"start":{"line":261,"column":35},"end":{"line":261,"column":null}}},"14":{"name":"(anonymous_14)","decl":{"start":{"line":272,"column":44},"end":{"line":272,"column":45}},"loc":{"start":{"line":272,"column":52},"end":{"line":288,"column":null}}},"15":{"name":"(anonymous_15)","decl":{"start":{"line":282,"column":40},"end":{"line":282,"column":null}},"loc":{"start":{"line":284,"column":35},"end":{"line":284,"column":null}}}},"branchMap":{"0":{"loc":{"start":{"line":193,"column":26},"end":{"line":207,"column":null}},"type":"if","locations":[{"start":{"line":193,"column":26},"end":{"line":207,"column":null}},{"start":{"line":202,"column":33},"end":{"line":207,"column":null}}]},"1":{"loc":{"start":{"line":217,"column":35},"end":{"line":217,"column":null}},"type":"binary-expr","locations":[{"start":{"line":217,"column":35},"end":{"line":217,"column":60}},{"start":{"line":217,"column":60},"end":{"line":217,"column":null}}]},"2":{"loc":{"start":{"line":307,"column":21},"end":{"line":307,"column":33}},"type":"binary-expr","locations":[{"start":{"line":307,"column":21},"end":{"line":307,"column":33}},{"start":{"line":307,"column":33},"end":{"line":307,"column":45}}]}},"s":{"0":0,"1":0,"2":0,"3":0,"4":0,"5":0,"6":0,"7":0,"8":0,"9":0,"10":0,"11":0,"12":0,"13":0,"14":0,"15":0,"16":0},"f":{"0":0,"1":0,"2":0,"3":0,"4":0,"5":0,"6":0,"7":0,"8":0,"9":0,"10":0,"11":0,"12":0,"13":0,"14":0,"15":0},"b":{"0":[0,0],"1":[0,0],"2":[0,0]}}
,"C:/Users/Saifulloh/Documents/Personal/SYNRGY-BINAR/Chapter_8/final_challenge/frontend/src/content/pages/Forms/UpdateForm/index.tsx": {"path":"C:/Users/Saifulloh/Documents/Personal/SYNRGY-BINAR/Chapter_8/final_challenge/frontend/src/content/pages/Forms/UpdateForm/index.tsx","statementMap":{"0":{"start":{"line":47,"column":6},"end":{"line":47,"column":null}},"1":{"start":{"line":49,"column":2},"end":{"line":51,"column":null}},"2":{"start":{"line":50,"column":4},"end":{"line":50,"column":null}},"3":{"start":{"line":53,"column":2},"end":{"line":53,"column":null}},"4":{"start":{"line":113,"column":24},"end":{"line":116,"column":null}},"5":{"start":{"line":125,"column":24},"end":{"line":128,"column":null}},"6":{"start":{"line":137,"column":24},"end":{"line":140,"column":null}},"7":{"start":{"line":149,"column":24},"end":{"line":152,"column":null}},"8":{"start":{"line":161,"column":24},"end":{"line":164,"column":null}},"9":{"start":{"line":173,"column":24},"end":{"line":176,"column":null}},"10":{"start":{"line":186,"column":24},"end":{"line":189,"column":null}},"11":{"start":{"line":198,"column":24},"end":{"line":201,"column":null}},"12":{"start":{"line":213,"column":26},"end":{"line":227,"column":null}},"13":{"start":{"line":214,"column":54},"end":{"line":216,"column":null}},"14":{"start":{"line":218,"column":28},"end":{"line":221,"column":null}},"15":{"start":{"line":223,"column":28},"end":{"line":226,"column":null}},"16":{"start":{"line":239,"column":28},"end":{"line":242,"column":null}},"17":{"start":{"line":254,"column":24},"end":{"line":257,"column":null}},"18":{"start":{"line":282,"column":35},"end":{"line":282,"column":null}},"19":{"start":{"line":304,"column":35},"end":{"line":304,"column":null}}},"fnMap":{"0":{"name":"Forms","decl":{"start":{"line":31,"column":9},"end":{"line":31,"column":null}},"loc":{"start":{"line":31,"column":9},"end":{"line":348,"column":null}}},"1":{"name":"(anonymous_1)","decl":{"start":{"line":49,"column":12},"end":{"line":49,"column":null}},"loc":{"start":{"line":49,"column":12},"end":{"line":51,"column":5}}},"2":{"name":"(anonymous_2)","decl":{"start":{"line":112,"column":32},"end":{"line":112,"column":33}},"loc":{"start":{"line":113,"column":24},"end":{"line":116,"column":null}}},"3":{"name":"(anonymous_3)","decl":{"start":{"line":124,"column":32},"end":{"line":124,"column":33}},"loc":{"start":{"line":125,"column":24},"end":{"line":128,"column":null}}},"4":{"name":"(anonymous_4)","decl":{"start":{"line":136,"column":32},"end":{"line":136,"column":33}},"loc":{"start":{"line":137,"column":24},"end":{"line":140,"column":null}}},"5":{"name":"(anonymous_5)","decl":{"start":{"line":148,"column":32},"end":{"line":148,"column":33}},"loc":{"start":{"line":149,"column":24},"end":{"line":152,"column":null}}},"6":{"name":"(anonymous_6)","decl":{"start":{"line":160,"column":32},"end":{"line":160,"column":33}},"loc":{"start":{"line":161,"column":24},"end":{"line":164,"column":null}}},"7":{"name":"(anonymous_7)","decl":{"start":{"line":172,"column":32},"end":{"line":172,"column":33}},"loc":{"start":{"line":173,"column":24},"end":{"line":176,"column":null}}},"8":{"name":"(anonymous_8)","decl":{"start":{"line":185,"column":32},"end":{"line":185,"column":33}},"loc":{"start":{"line":186,"column":24},"end":{"line":189,"column":null}}},"9":{"name":"(anonymous_9)","decl":{"start":{"line":197,"column":32},"end":{"line":197,"column":33}},"loc":{"start":{"line":198,"column":24},"end":{"line":201,"column":null}}},"10":{"name":"(anonymous_10)","decl":{"start":{"line":212,"column":34},"end":{"line":212,"column":35}},"loc":{"start":{"line":212,"column":35},"end":{"line":228,"column":null}}},"11":{"name":"(anonymous_11)","decl":{"start":{"line":238,"column":36},"end":{"line":238,"column":37}},"loc":{"start":{"line":239,"column":28},"end":{"line":242,"column":null}}},"12":{"name":"(anonymous_12)","decl":{"start":{"line":253,"column":32},"end":{"line":253,"column":33}},"loc":{"start":{"line":254,"column":24},"end":{"line":257,"column":null}}},"13":{"name":"(anonymous_13)","decl":{"start":{"line":270,"column":46},"end":{"line":270,"column":47}},"loc":{"start":{"line":270,"column":54},"end":{"line":286,"column":null}}},"14":{"name":"(anonymous_14)","decl":{"start":{"line":280,"column":40},"end":{"line":280,"column":null}},"loc":{"start":{"line":282,"column":35},"end":{"line":282,"column":null}}},"15":{"name":"(anonymous_15)","decl":{"start":{"line":292,"column":44},"end":{"line":292,"column":45}},"loc":{"start":{"line":292,"column":52},"end":{"line":308,"column":null}}},"16":{"name":"(anonymous_16)","decl":{"start":{"line":302,"column":40},"end":{"line":302,"column":null}},"loc":{"start":{"line":304,"column":35},"end":{"line":304,"column":null}}}},"branchMap":{"0":{"loc":{"start":{"line":208,"column":26},"end":{"line":210,"column":null}},"type":"cond-expr","locations":[{"start":{"line":209,"column":30},"end":{"line":209,"column":null}},{"start":{"line":210,"column":30},"end":{"line":210,"column":null}}]},"1":{"loc":{"start":{"line":213,"column":26},"end":{"line":227,"column":null}},"type":"if","locations":[{"start":{"line":213,"column":26},"end":{"line":227,"column":null}},{"start":{"line":222,"column":33},"end":{"line":227,"column":null}}]},"2":{"loc":{"start":{"line":237,"column":35},"end":{"line":237,"column":69}},"type":"binary-expr","locations":[{"start":{"line":237,"column":35},"end":{"line":237,"column":49}},{"start":{"line":237,"column":49},"end":{"line":237,"column":69}}]},"3":{"loc":{"start":{"line":327,"column":21},"end":{"line":327,"column":35}},"type":"binary-expr","locations":[{"start":{"line":327,"column":21},"end":{"line":327,"column":35}},{"start":{"line":327,"column":35},"end":{"line":327,"column":51}}]},"4":{"loc":{"start":{"line":331,"column":28},"end":{"line":331,"column":77}},"type":"cond-expr","locations":[{"start":{"line":331,"column":39},"end":{"line":331,"column":58}},{"start":{"line":331,"column":61},"end":{"line":331,"column":77}}]}},"s":{"0":0,"1":0,"2":0,"3":0,"4":0,"5":0,"6":0,"7":0,"8":0,"9":0,"10":0,"11":0,"12":0,"13":0,"14":0,"15":0,"16":0,"17":0,"18":0,"19":0},"f":{"0":0,"1":0,"2":0,"3":0,"4":0,"5":0,"6":0,"7":0,"8":0,"9":0,"10":0,"11":0,"12":0,"13":0,"14":0,"15":0,"16":0},"b":{"0":[0,0],"1":[0,0],"2":[0,0],"3":[0,0],"4":[0,0]}}
,"C:/Users/Saifulloh/Documents/Personal/SYNRGY-BINAR/Chapter_8/final_challenge/frontend/src/content/pages/Forms/UpdateForm/updateForm.styled.ts": {"path":"C:/Users/Saifulloh/Documents/Personal/SYNRGY-BINAR/Chapter_8/final_challenge/frontend/src/content/pages/Forms/UpdateForm/updateForm.styled.ts","statementMap":{"0":{"start":{"line":3,"column":35},"end":{"line":5,"column":1}}},"fnMap":{},"branchMap":{},"s":{"0":0},"f":{},"b":{}}
,"C:/Users/Saifulloh/Documents/Personal/SYNRGY-BINAR/Chapter_8/final_challenge/frontend/src/content/pages/Login/index.tsx": {"path":"C:/Users/Saifulloh/Documents/Personal/SYNRGY-BINAR/Chapter_8/final_challenge/frontend/src/content/pages/Login/index.tsx","statementMap":{"0":{"start":{"line":19,"column":20},"end":{"line":28,"column":null}},"1":{"start":{"line":20,"column":8},"end":{"line":28,"column":1}},"2":{"start":{"line":32,"column":28},"end":{"line":32,"column":null}},"3":{"start":{"line":33,"column":34},"end":{"line":33,"column":null}},"4":{"start":{"line":35,"column":34},"end":{"line":35,"column":null}},"5":{"start":{"line":37,"column":27},"end":{"line":42,"column":null}},"6":{"start":{"line":38,"column":4},"end":{"line":38,"column":null}},"7":{"start":{"line":39,"column":4},"end":{"line":41,"column":null}},"8":{"start":{"line":40,"column":6},"end":{"line":40,"column":null}},"9":{"start":{"line":83,"column":39},"end":{"line":83,"column":null}},"10":{"start":{"line":89,"column":39},"end":{"line":89,"column":null}}},"fnMap":{"0":{"name":"(anonymous_0)","decl":{"start":{"line":20,"column":2},"end":{"line":20,"column":8}},"loc":{"start":{"line":20,"column":8},"end":{"line":28,"column":1}}},"1":{"name":"Login","decl":{"start":{"line":31,"column":9},"end":{"line":31,"column":null}},"loc":{"start":{"line":31,"column":9},"end":{"line":123,"column":null}}},"2":{"name":"(anonymous_2)","decl":{"start":{"line":37,"column":27},"end":{"line":37,"column":28}},"loc":{"start":{"line":37,"column":28},"end":{"line":42,"column":null}}},"3":{"name":"(anonymous_3)","decl":{"start":{"line":83,"column":32},"end":{"line":83,"column":33}},"loc":{"start":{"line":83,"column":39},"end":{"line":83,"column":null}}},"4":{"name":"(anonymous_4)","decl":{"start":{"line":89,"column":32},"end":{"line":89,"column":33}},"loc":{"start":{"line":89,"column":39},"end":{"line":89,"column":null}}}},"branchMap":{"0":{"loc":{"start":{"line":39,"column":4},"end":{"line":41,"column":null}},"type":"if","locations":[{"start":{"line":39,"column":4},"end":{"line":41,"column":null}},{"start":{"line":39,"column":4},"end":{"line":41,"column":null}}]},"1":{"loc":{"start":{"line":39,"column":8},"end":{"line":39,"column":27}},"type":"binary-expr","locations":[{"start":{"line":39,"column":8},"end":{"line":39,"column":17}},{"start":{"line":39,"column":17},"end":{"line":39,"column":27}}]},"2":{"loc":{"start":{"line":68,"column":17},"end":{"line":68,"column":26}},"type":"binary-expr","locations":[{"start":{"line":68,"column":17},"end":{"line":68,"column":26}},{"start":{"line":68,"column":26},"end":{"line":68,"column":39}}]}},"s":{"0":0,"1":0,"2":0,"3":0,"4":0,"5":0,"6":0,"7":0,"8":0,"9":0,"10":0},"f":{"0":0,"1":0,"2":0,"3":0,"4":0},"b":{"0":[0,0],"1":[0,0],"2":[0,0]}}
,"C:/Users/Saifulloh/Documents/Personal/SYNRGY-BINAR/Chapter_8/final_challenge/frontend/src/content/pages/Register/index.tsx": {"path":"C:/Users/Saifulloh/Documents/Personal/SYNRGY-BINAR/Chapter_8/final_challenge/frontend/src/content/pages/Register/index.tsx","statementMap":{"0":{"start":{"line":23,"column":20},"end":{"line":32,"column":null}},"1":{"start":{"line":24,"column":8},"end":{"line":32,"column":1}},"2":{"start":{"line":44,"column":36},"end":{"line":44,"column":null}},"3":{"start":{"line":45,"column":34},"end":{"line":45,"column":null}},"4":{"start":{"line":46,"column":28},"end":{"line":46,"column":null}},"5":{"start":{"line":47,"column":34},"end":{"line":47,"column":null}},"6":{"start":{"line":48,"column":28},"end":{"line":48,"column":null}},"7":{"start":{"line":49,"column":28},"end":{"line":49,"column":null}},"8":{"start":{"line":50,"column":19},"end":{"line":50,"column":null}},"9":{"start":{"line":52,"column":23},"end":{"line":68,"column":null}},"10":{"start":{"line":70,"column":29},"end":{"line":84,"column":null}},"11":{"start":{"line":71,"column":18},"end":{"line":71,"column":32}},"12":{"start":{"line":72,"column":4},"end":{"line":72,"column":null}},"13":{"start":{"line":73,"column":27},"end":{"line":73,"column":null}},"14":{"start":{"line":73,"column":57},"end":{"line":73,"column":null}},"15":{"start":{"line":75,"column":4},"end":{"line":83,"column":null}},"16":{"start":{"line":76,"column":6},"end":{"line":76,"column":null}},"17":{"start":{"line":77,"column":6},"end":{"line":80,"column":null}},"18":{"start":{"line":77,"column":33},"end":{"line":80,"column":null}},"19":{"start":{"line":82,"column":6},"end":{"line":82,"column":null}},"20":{"start":{"line":86,"column":23},"end":{"line":114,"column":null}},"21":{"start":{"line":87,"column":4},"end":{"line":87,"column":null}},"22":{"start":{"line":88,"column":4},"end":{"line":113,"column":null}},"23":{"start":{"line":89,"column":6},"end":{"line":95,"column":null}},"24":{"start":{"line":97,"column":6},"end":{"line":100,"column":null}},"25":{"start":{"line":101,"column":6},"end":{"line":101,"column":null}},"26":{"start":{"line":103,"column":6},"end":{"line":108,"column":null}},"27":{"start":{"line":104,"column":8},"end":{"line":107,"column":null}},"28":{"start":{"line":109,"column":6},"end":{"line":112,"column":null}},"29":{"start":{"line":155,"column":39},"end":{"line":155,"column":null}},"30":{"start":{"line":161,"column":39},"end":{"line":161,"column":null}},"31":{"start":{"line":167,"column":39},"end":{"line":167,"column":null}},"32":{"start":{"line":173,"column":39},"end":{"line":173,"column":null}}},"fnMap":{"0":{"name":"(anonymous_0)","decl":{"start":{"line":24,"column":2},"end":{"line":24,"column":8}},"loc":{"start":{"line":24,"column":8},"end":{"line":32,"column":1}}},"1":{"name":"Register","decl":{"start":{"line":43,"column":9},"end":{"line":43,"column":null}},"loc":{"start":{"line":43,"column":9},"end":{"line":224,"column":null}}},"2":{"name":"(anonymous_2)","decl":{"start":{"line":70,"column":29},"end":{"line":70,"column":30}},"loc":{"start":{"line":70,"column":30},"end":{"line":84,"column":null}}},"3":{"name":"(anonymous_3)","decl":{"start":{"line":73,"column":45},"end":{"line":73,"column":46}},"loc":{"start":{"line":73,"column":57},"end":{"line":73,"column":null}}},"4":{"name":"(anonymous_4)","decl":{"start":{"line":77,"column":15},"end":{"line":77,"column":16}},"loc":{"start":{"line":77,"column":33},"end":{"line":80,"column":null}}},"5":{"name":"(anonymous_5)","decl":{"start":{"line":86,"column":23},"end":{"line":86,"column":30}},"loc":{"start":{"line":86,"column":30},"end":{"line":114,"column":null}}},"6":{"name":"(anonymous_6)","decl":{"start":{"line":155,"column":32},"end":{"line":155,"column":33}},"loc":{"start":{"line":155,"column":39},"end":{"line":155,"column":null}}},"7":{"name":"(anonymous_7)","decl":{"start":{"line":161,"column":32},"end":{"line":161,"column":33}},"loc":{"start":{"line":161,"column":39},"end":{"line":161,"column":null}}},"8":{"name":"(anonymous_8)","decl":{"start":{"line":167,"column":32},"end":{"line":167,"column":33}},"loc":{"start":{"line":167,"column":39},"end":{"line":167,"column":null}}},"9":{"name":"(anonymous_9)","decl":{"start":{"line":173,"column":32},"end":{"line":173,"column":33}},"loc":{"start":{"line":173,"column":39},"end":{"line":173,"column":null}}}},"branchMap":{"0":{"loc":{"start":{"line":75,"column":4},"end":{"line":83,"column":null}},"type":"if","locations":[{"start":{"line":75,"column":4},"end":{"line":83,"column":null}},{"start":{"line":81,"column":11},"end":{"line":83,"column":null}}]},"1":{"loc":{"start":{"line":103,"column":6},"end":{"line":108,"column":null}},"type":"if","locations":[{"start":{"line":103,"column":6},"end":{"line":108,"column":null}},{"start":{"line":103,"column":6},"end":{"line":108,"column":null}}]},"2":{"loc":{"start":{"line":140,"column":17},"end":{"line":140,"column":26}},"type":"binary-expr","locations":[{"start":{"line":140,"column":17},"end":{"line":140,"column":26}},{"start":{"line":140,"column":26},"end":{"line":140,"column":39}}]}},"s":{"0":0,"1":0,"2":0,"3":0,"4":0,"5":0,"6":0,"7":0,"8":0,"9":0,"10":0,"11":0,"12":0,"13":0,"14":0,"15":0,"16":0,"17":0,"18":0,"19":0,"20":0,"21":0,"22":0,"23":0,"24":0,"25":0,"26":0,"27":0,"28":0,"29":0,"30":0,"31":0,"32":0},"f":{"0":0,"1":0,"2":0,"3":0,"4":0,"5":0,"6":0,"7":0,"8":0,"9":0},"b":{"0":[0,0],"1":[0,0],"2":[0,0]}}
,"C:/Users/Saifulloh/Documents/Personal/SYNRGY-BINAR/Chapter_8/final_challenge/frontend/src/contexts/SidebarContext.tsx": {"path":"C:/Users/Saifulloh/Documents/Personal/SYNRGY-BINAR/Chapter_8/final_challenge/frontend/src/contexts/SidebarContext.tsx","statementMap":{"0":{"start":{"line":14,"column":30},"end":{"line":15,"column":null}},"1":{"start":{"line":18,"column":57},"end":{"line":34,"column":2}},"2":{"start":{"line":19,"column":44},"end":{"line":19,"column":null}},"3":{"start":{"line":20,"column":24},"end":{"line":22,"column":null}},"4":{"start":{"line":21,"column":4},"end":{"line":21,"column":null}},"5":{"start":{"line":23,"column":23},"end":{"line":25,"column":null}},"6":{"start":{"line":24,"column":4},"end":{"line":24,"column":null}}},"fnMap":{"0":{"name":"(anonymous_0)","decl":{"start":{"line":18,"column":57},"end":{"line":18,"column":58}},"loc":{"start":{"line":18,"column":70},"end":{"line":34,"column":2}}},"1":{"name":"(anonymous_1)","decl":{"start":{"line":20,"column":24},"end":{"line":20,"column":null}},"loc":{"start":{"line":20,"column":24},"end":{"line":22,"column":null}}},"2":{"name":"(anonymous_2)","decl":{"start":{"line":23,"column":23},"end":{"line":23,"column":null}},"loc":{"start":{"line":23,"column":23},"end":{"line":25,"column":null}}}},"branchMap":{},"s":{"0":0,"1":0,"2":0,"3":0,"4":0,"5":0,"6":0},"f":{"0":0,"1":0,"2":0},"b":{}}
,"C:/Users/Saifulloh/Documents/Personal/SYNRGY-BINAR/Chapter_8/final_challenge/frontend/src/hooks/details.hooks.ts": {"path":"C:/Users/Saifulloh/Documents/Personal/SYNRGY-BINAR/Chapter_8/final_challenge/frontend/src/hooks/details.hooks.ts","statementMap":{"0":{"start":{"line":7,"column":23},"end":{"line":7,"column":null}},"1":{"start":{"line":8,"column":26},"end":{"line":26,"column":null}},"2":{"start":{"line":27,"column":56},"end":{"line":27,"column":null}},"3":{"start":{"line":28,"column":52},"end":{"line":30,"column":null}},"4":{"start":{"line":32,"column":29},"end":{"line":49,"column":null}},"5":{"start":{"line":33,"column":12},"end":{"line":48,"column":null}},"6":{"start":{"line":34,"column":31},"end":{"line":40,"column":null}},"7":{"start":{"line":42,"column":30},"end":{"line":42,"column":48}},"8":{"start":{"line":43,"column":14},"end":{"line":43,"column":null}},"9":{"start":{"line":44,"column":14},"end":{"line":44,"column":null}},"10":{"start":{"line":45,"column":14},"end":{"line":45,"column":null}},"11":{"start":{"line":47,"column":14},"end":{"line":47,"column":null}},"12":{"start":{"line":51,"column":8},"end":{"line":57,"column":null}}},"fnMap":{"0":{"name":"useDetails","decl":{"start":{"line":6,"column":24},"end":{"line":6,"column":null}},"loc":{"start":{"line":6,"column":24},"end":{"line":59,"column":null}}},"1":{"name":"(anonymous_1)","decl":{"start":{"line":32,"column":41},"end":{"line":32,"column":null}},"loc":{"start":{"line":32,"column":41},"end":{"line":49,"column":13}}}},"branchMap":{},"s":{"0":1,"1":1,"2":1,"3":1,"4":1,"5":1,"6":1,"7":0,"8":0,"9":0,"10":0,"11":0,"12":1},"f":{"0":1,"1":1},"b":{}}
,"C:/Users/Saifulloh/Documents/Personal/SYNRGY-BINAR/Chapter_8/final_challenge/frontend/src/hooks/form.hooks.ts": {"path":"C:/Users/Saifulloh/Documents/Personal/SYNRGY-BINAR/Chapter_8/final_challenge/frontend/src/hooks/form.hooks.ts","statementMap":{"0":{"start":{"line":8,"column":23},"end":{"line":8,"column":null}},"1":{"start":{"line":9,"column":21},"end":{"line":9,"column":null}},"2":{"start":{"line":10,"column":40},"end":{"line":28,"column":null}},"3":{"start":{"line":29,"column":44},"end":{"line":29,"column":null}},"4":{"start":{"line":30,"column":46},"end":{"line":30,"column":null}},"5":{"start":{"line":31,"column":36},"end":{"line":31,"column":null}},"6":{"start":{"line":32,"column":56},"end":{"line":34,"column":null}},"7":{"start":{"line":35,"column":52},"end":{"line":37,"column":null}},"8":{"start":{"line":39,"column":25},"end":{"line":56,"column":null}},"9":{"start":{"line":40,"column":8},"end":{"line":55,"column":null}},"10":{"start":{"line":41,"column":27},"end":{"line":47,"column":null}},"11":{"start":{"line":49,"column":26},"end":{"line":49,"column":44}},"12":{"start":{"line":50,"column":10},"end":{"line":50,"column":null}},"13":{"start":{"line":51,"column":10},"end":{"line":51,"column":null}},"14":{"start":{"line":52,"column":10},"end":{"line":52,"column":null}},"15":{"start":{"line":54,"column":10},"end":{"line":54,"column":null}},"16":{"start":{"line":58,"column":25},"end":{"line":82,"column":null}},"17":{"start":{"line":59,"column":8},"end":{"line":59,"column":null}},"18":{"start":{"line":60,"column":8},"end":{"line":81,"column":null}},"19":{"start":{"line":61,"column":12},"end":{"line":61,"column":null}},"20":{"start":{"line":62,"column":28},"end":{"line":68,"column":null}},"21":{"start":{"line":69,"column":12},"end":{"line":69,"column":null}},"22":{"start":{"line":71,"column":12},"end":{"line":75,"column":null}},"23":{"start":{"line":76,"column":12},"end":{"line":76,"column":null}},"24":{"start":{"line":78,"column":12},"end":{"line":78,"column":null}},"25":{"start":{"line":80,"column":12},"end":{"line":80,"column":null}},"26":{"start":{"line":84,"column":30},"end":{"line":109,"column":null}},"27":{"start":{"line":85,"column":22},"end":{"line":85,"column":36}},"28":{"start":{"line":86,"column":8},"end":{"line":86,"column":null}},"29":{"start":{"line":87,"column":8},"end":{"line":108,"column":null}},"30":{"start":{"line":88,"column":12},"end":{"line":107,"column":null}},"31":{"start":{"line":89,"column":16},"end":{"line":89,"column":null}},"32":{"start":{"line":90,"column":33},"end":{"line":90,"column":null}},"33":{"start":{"line":91,"column":16},"end":{"line":91,"column":null}},"34":{"start":{"line":93,"column":33},"end":{"line":100,"column":null}},"35":{"start":{"line":102,"column":16},"end":{"line":102,"column":null}},"36":{"start":{"line":104,"column":16},"end":{"line":104,"column":null}},"37":{"start":{"line":106,"column":16},"end":{"line":106,"column":null}},"38":{"start":{"line":111,"column":36},"end":{"line":122,"column":null}},"39":{"start":{"line":115,"column":32},"end":{"line":115,"column":40}},"40":{"start":{"line":116,"column":21},"end":{"line":116,"column":null}},"41":{"start":{"line":117,"column":8},"end":{"line":120,"column":null}},"42":{"start":{"line":121,"column":8},"end":{"line":121,"column":null}},"43":{"start":{"line":124,"column":34},"end":{"line":135,"column":null}},"44":{"start":{"line":128,"column":32},"end":{"line":128,"column":40}},"45":{"start":{"line":129,"column":21},"end":{"line":129,"column":null}},"46":{"start":{"line":130,"column":8},"end":{"line":133,"column":null}},"47":{"start":{"line":134,"column":8},"end":{"line":134,"column":null}},"48":{"start":{"line":137,"column":28},"end":{"line":140,"column":null}},"49":{"start":{"line":138,"column":25},"end":{"line":138,"column":null}},"50":{"start":{"line":139,"column":8},"end":{"line":139,"column":null}},"51":{"start":{"line":142,"column":26},"end":{"line":145,"column":null}},"52":{"start":{"line":143,"column":25},"end":{"line":143,"column":null}},"53":{"start":{"line":144,"column":8},"end":{"line":144,"column":null}},"54":{"start":{"line":147,"column":4},"end":{"line":162,"column":null}}},"fnMap":{"0":{"name":"useForm","decl":{"start":{"line":7,"column":24},"end":{"line":7,"column":null}},"loc":{"start":{"line":7,"column":24},"end":{"line":163,"column":null}}},"1":{"name":"(anonymous_1)","decl":{"start":{"line":39,"column":37},"end":{"line":39,"column":null}},"loc":{"start":{"line":39,"column":37},"end":{"line":56,"column":9}}},"2":{"name":"(anonymous_2)","decl":{"start":{"line":58,"column":25},"end":{"line":58,"column":32}},"loc":{"start":{"line":58,"column":32},"end":{"line":82,"column":null}}},"3":{"name":"(anonymous_3)","decl":{"start":{"line":84,"column":30},"end":{"line":84,"column":37}},"loc":{"start":{"line":84,"column":37},"end":{"line":109,"column":null}}},"4":{"name":"(anonymous_4)","decl":{"start":{"line":111,"column":36},"end":{"line":111,"column":null}},"loc":{"start":{"line":113,"column":8},"end":{"line":122,"column":null}}},"5":{"name":"(anonymous_5)","decl":{"start":{"line":124,"column":34},"end":{"line":124,"column":null}},"loc":{"start":{"line":126,"column":8},"end":{"line":135,"column":null}}},"6":{"name":"(anonymous_6)","decl":{"start":{"line":137,"column":28},"end":{"line":137,"column":null}},"loc":{"start":{"line":137,"column":28},"end":{"line":140,"column":null}}},"7":{"name":"(anonymous_7)","decl":{"start":{"line":142,"column":26},"end":{"line":142,"column":null}},"loc":{"start":{"line":142,"column":26},"end":{"line":145,"column":null}}}},"branchMap":{"0":{"loc":{"start":{"line":87,"column":8},"end":{"line":108,"column":null}},"type":"if","locations":[{"start":{"line":87,"column":8},"end":{"line":108,"column":null}},{"start":{"line":87,"column":8},"end":{"line":108,"column":null}}]},"1":{"loc":{"start":{"line":87,"column":12},"end":{"line":87,"column":39}},"type":"binary-expr","locations":[{"start":{"line":87,"column":12},"end":{"line":87,"column":21}},{"start":{"line":87,"column":21},"end":{"line":87,"column":39}}]}},"s":{"0":0,"1":0,"2":0,"3":0,"4":0,"5":0,"6":0,"7":0,"8":0,"9":0,"10":0,"11":0,"12":0,"13":0,"14":0,"15":0,"16":0,"17":0,"18":0,"19":0,"20":0,"21":0,"22":0,"23":0,"24":0,"25":0,"26":0,"27":0,"28":0,"29":0,"30":0,"31":0,"32":0,"33":0,"34":0,"35":0,"36":0,"37":0,"38":0,"39":0,"40":0,"41":0,"42":0,"43":0,"44":0,"45":0,"46":0,"47":0,"48":0,"49":0,"50":0,"51":0,"52":0,"53":0,"54":0},"f":{"0":0,"1":0,"2":0,"3":0,"4":0,"5":0,"6":0,"7":0},"b":{"0":[0,0],"1":[0,0]}}
,"C:/Users/Saifulloh/Documents/Personal/SYNRGY-BINAR/Chapter_8/final_challenge/frontend/src/hooks/login.hooks.ts": {"path":"C:/Users/Saifulloh/Documents/Personal/SYNRGY-BINAR/Chapter_8/final_challenge/frontend/src/hooks/login.hooks.ts","statementMap":{"0":{"start":{"line":16,"column":28},"end":{"line":16,"column":null}},"1":{"start":{"line":17,"column":19},"end":{"line":17,"column":null}},"2":{"start":{"line":19,"column":23},"end":{"line":47,"column":null}},"3":{"start":{"line":20,"column":4},"end":{"line":46,"column":null}},"4":{"start":{"line":21,"column":23},"end":{"line":23,"column":null}},"5":{"start":{"line":26,"column":24},"end":{"line":26,"column":37}},"6":{"start":{"line":28,"column":6},"end":{"line":28,"column":null}},"7":{"start":{"line":30,"column":6},"end":{"line":33,"column":null}},"8":{"start":{"line":34,"column":6},"end":{"line":34,"column":null}},"9":{"start":{"line":36,"column":6},"end":{"line":41,"column":null}},"10":{"start":{"line":37,"column":8},"end":{"line":40,"column":null}},"11":{"start":{"line":42,"column":6},"end":{"line":45,"column":null}},"12":{"start":{"line":49,"column":2},"end":{"line":49,"column":null}}},"fnMap":{"0":{"name":"useLoginForm","decl":{"start":{"line":15,"column":16},"end":{"line":15,"column":null}},"loc":{"start":{"line":15,"column":16},"end":{"line":50,"column":null}}},"1":{"name":"(anonymous_1)","decl":{"start":{"line":19,"column":23},"end":{"line":19,"column":30}},"loc":{"start":{"line":19,"column":45},"end":{"line":47,"column":null}}}},"branchMap":{"0":{"loc":{"start":{"line":36,"column":6},"end":{"line":41,"column":null}},"type":"if","locations":[{"start":{"line":36,"column":6},"end":{"line":41,"column":null}},{"start":{"line":36,"column":6},"end":{"line":41,"column":null}}]},"1":{"loc":{"start":{"line":38,"column":19},"end":{"line":38,"column":null}},"type":"binary-expr","locations":[{"start":{"line":38,"column":19},"end":{"line":38,"column":53}},{"start":{"line":38,"column":53},"end":{"line":38,"column":null}}]}},"s":{"0":0,"1":0,"2":0,"3":0,"4":0,"5":0,"6":0,"7":0,"8":0,"9":0,"10":0,"11":0,"12":0},"f":{"0":0,"1":0},"b":{"0":[0,0],"1":[0,0]}}
,"C:/Users/Saifulloh/Documents/Personal/SYNRGY-BINAR/Chapter_8/final_challenge/frontend/src/hooks/products.hooks.ts": {"path":"C:/Users/Saifulloh/Documents/Personal/SYNRGY-BINAR/Chapter_8/final_challenge/frontend/src/hooks/products.hooks.ts","statementMap":{"0":{"start":{"line":9,"column":22},"end":{"line":25,"column":null}},"1":{"start":{"line":30,"column":19},"end":{"line":30,"column":null}},"2":{"start":{"line":31,"column":30},"end":{"line":34,"column":null}},"3":{"start":{"line":35,"column":26},"end":{"line":35,"column":null}},"4":{"start":{"line":36,"column":32},"end":{"line":36,"column":null}},"5":{"start":{"line":37,"column":26},"end":{"line":37,"column":null}},"6":{"start":{"line":38,"column":32},"end":{"line":38,"column":null}},"7":{"start":{"line":39,"column":42},"end":{"line":39,"column":null}},"8":{"start":{"line":41,"column":29},"end":{"line":55,"column":null}},"9":{"start":{"line":42,"column":18},"end":{"line":42,"column":32}},"10":{"start":{"line":43,"column":4},"end":{"line":43,"column":null}},"11":{"start":{"line":44,"column":27},"end":{"line":44,"column":null}},"12":{"start":{"line":44,"column":58},"end":{"line":44,"column":null}},"13":{"start":{"line":46,"column":4},"end":{"line":54,"column":null}},"14":{"start":{"line":47,"column":6},"end":{"line":47,"column":null}},"15":{"start":{"line":48,"column":6},"end":{"line":51,"column":null}},"16":{"start":{"line":48,"column":35},"end":{"line":51,"column":null}},"17":{"start":{"line":53,"column":6},"end":{"line":53,"column":null}},"18":{"start":{"line":57,"column":23},"end":{"line":64,"column":null}},"19":{"start":{"line":58,"column":18},"end":{"line":58,"column":32}},"20":{"start":{"line":59,"column":4},"end":{"line":62,"column":null}},"21":{"start":{"line":63,"column":4},"end":{"line":63,"column":null}},"22":{"start":{"line":66,"column":23},"end":{"line":84,"column":null}},"23":{"start":{"line":70,"column":4},"end":{"line":70,"column":null}},"24":{"start":{"line":71,"column":22},"end":{"line":71,"column":null}},"25":{"start":{"line":72,"column":4},"end":{"line":83,"column":null}},"26":{"start":{"line":73,"column":6},"end":{"line":82,"column":null}},"27":{"start":{"line":74,"column":8},"end":{"line":78,"column":null}},"28":{"start":{"line":79,"column":8},"end":{"line":79,"column":null}},"29":{"start":{"line":81,"column":8},"end":{"line":81,"column":null}},"30":{"start":{"line":86,"column":31},"end":{"line":108,"column":null}},"31":{"start":{"line":90,"column":4},"end":{"line":90,"column":null}},"32":{"start":{"line":91,"column":22},"end":{"line":91,"column":null}},"33":{"start":{"line":92,"column":4},"end":{"line":107,"column":null}},"34":{"start":{"line":93,"column":6},"end":{"line":106,"column":null}},"35":{"start":{"line":94,"column":31},"end":{"line":100,"column":null}},"36":{"start":{"line":95,"column":10},"end":{"line":99,"column":null}},"37":{"start":{"line":101,"column":8},"end":{"line":101,"column":null}},"38":{"start":{"line":102,"column":8},"end":{"line":102,"column":null}},"39":{"start":{"line":103,"column":8},"end":{"line":103,"column":27}},"40":{"start":{"line":105,"column":8},"end":{"line":105,"column":null}},"41":{"start":{"line":110,"column":21},"end":{"line":113,"column":null}},"42":{"start":{"line":111,"column":4},"end":{"line":111,"column":null}},"43":{"start":{"line":112,"column":4},"end":{"line":112,"column":null}},"44":{"start":{"line":115,"column":20},"end":{"line":135,"column":16}},"45":{"start":{"line":116,"column":4},"end":{"line":134,"column":null}},"46":{"start":{"line":117,"column":6},"end":{"line":117,"column":null}},"47":{"start":{"line":118,"column":23},"end":{"line":125,"column":null}},"48":{"start":{"line":127,"column":6},"end":{"line":127,"column":null}},"49":{"start":{"line":128,"column":6},"end":{"line":128,"column":null}},"50":{"start":{"line":129,"column":6},"end":{"line":129,"column":null}},"51":{"start":{"line":131,"column":6},"end":{"line":131,"column":null}},"52":{"start":{"line":133,"column":6},"end":{"line":133,"column":null}},"53":{"start":{"line":137,"column":2},"end":{"line":139,"column":null}},"54":{"start":{"line":138,"column":4},"end":{"line":138,"column":null}},"55":{"start":{"line":141,"column":2},"end":{"line":153,"column":null}}},"fnMap":{"0":{"name":"useProducts","decl":{"start":{"line":29,"column":24},"end":{"line":29,"column":null}},"loc":{"start":{"line":29,"column":24},"end":{"line":154,"column":null}}},"1":{"name":"(anonymous_1)","decl":{"start":{"line":41,"column":29},"end":{"line":41,"column":30}},"loc":{"start":{"line":41,"column":30},"end":{"line":55,"column":null}}},"2":{"name":"(anonymous_2)","decl":{"start":{"line":44,"column":46},"end":{"line":44,"column":47}},"loc":{"start":{"line":44,"column":58},"end":{"line":44,"column":null}}},"3":{"name":"(anonymous_3)","decl":{"start":{"line":48,"column":17},"end":{"line":48,"column":18}},"loc":{"start":{"line":48,"column":35},"end":{"line":51,"column":null}}},"4":{"name":"(anonymous_4)","decl":{"start":{"line":57,"column":23},"end":{"line":57,"column":24}},"loc":{"start":{"line":57,"column":24},"end":{"line":64,"column":null}}},"5":{"name":"(anonymous_5)","decl":{"start":{"line":66,"column":23},"end":{"line":66,"column":null}},"loc":{"start":{"line":68,"column":4},"end":{"line":84,"column":null}}},"6":{"name":"(anonymous_6)","decl":{"start":{"line":86,"column":31},"end":{"line":86,"column":null}},"loc":{"start":{"line":88,"col
[...]
,"C:/Users/Saifulloh/Documents/Personal/SYNRGY-BINAR/Chapter_8/final_challenge/frontend/src/layouts/SidebarLayout/index.tsx": {"path":"C:/Users/Saifulloh/Documents/Personal/SYNRGY-BINAR/Chapter_8/final_challenge/frontend/src/layouts/SidebarLayout/index.tsx","statementMap":{"0":{"start":{"line":12,"column":46},"end":{"line":65,"column":null}},"1":{"start":{"line":13,"column":16},"end":{"line":13,"column":null}}},"fnMap":{"0":{"name":"(anonymous_0)","decl":{"start":{"line":12,"column":46},"end":{"line":12,"column":null}},"loc":{"start":{"line":12,"column":46},"end":{"line":65,"column":null}}}},"branchMap":{"0":{"loc":{"start":{"line":24,"column":14},"end":{"line":26,"column":46}},"type":"cond-expr","locations":[{"start":{"line":25,"column":18},"end":{"line":25,"column":49}},{"start":{"line":26,"column":18},"end":{"line":26,"column":46}}]},"1":{"loc":{"start":{"line":29,"column":14},"end":{"line":40,"column":21}},"type":"cond-expr","locations":[{"start":{"line":30,"column":18},"end":{"line":33,"column":95}},{"start":{"line":34,"column":18},"end":{"line":40,"column":21}}]}},"s":{"0":0,"1":0},"f":{"0":0},"b":{"0":[0,0],"1":[0,0]}}
,"C:/Users/Saifulloh/Documents/Personal/SYNRGY-BINAR/Chapter_8/final_challenge/frontend/src/layouts/SidebarLayout/Header/index.tsx": {"path":"C:/Users/Saifulloh/Documents/Personal/SYNRGY-BINAR/Chapter_8/final_challenge/frontend/src/layouts/SidebarLayout/Header/index.tsx","statementMap":{"0":{"start":{"line":20,"column":22},"end":{"line":36,"column":null}},"1":{"start":{"line":21,"column":17},"end":{"line":36,"column":1}},"2":{"start":{"line":40,"column":43},"end":{"line":40,"column":null}},"3":{"start":{"line":41,"column":16},"end":{"line":41,"column":null}}},"fnMap":{"0":{"name":"(anonymous_0)","decl":{"start":{"line":21,"column":2},"end":{"line":21,"column":3}},"loc":{"start":{"line":21,"column":17},"end":{"line":36,"column":1}}},"1":{"name":"Header","decl":{"start":{"line":39,"column":9},"end":{"line":39,"column":null}},"loc":{"start":{"line":39,"column":9},"end":{"line":92,"column":null}}}},"branchMap":{"0":{"loc":{"start":{"line":49,"column":10},"end":{"line":60,"column":17}},"type":"cond-expr","locations":[{"start":{"line":50,"column":14},"end":{"line":53,"column":91}},{"start":{"line":54,"column":14},"end":{"line":60,"column":17}}]},"1":{"loc":{"start":{"line":82,"column":16},"end":{"line":84,"column":17}},"type":"cond-expr","locations":[{"start":{"line":82,"column":16},"end":{"line":84,"column":17}}]}},"s":{"0":0,"1":0,"2":0,"3":0},"f":{"0":0,"1":0},"b":{"0":[0,0],"1":[0]}}
,"C:/Users/Saifulloh/Documents/Personal/SYNRGY-BINAR/Chapter_8/final_challenge/frontend/src/layouts/SidebarLayout/Header/Userbox/index.tsx": {"path":"C:/Users/Saifulloh/Documents/Personal/SYNRGY-BINAR/Chapter_8/final_challenge/frontend/src/layouts/SidebarLayout/Header/Userbox/index.tsx","statementMap":{"0":{"start":{"line":26,"column":22},"end":{"line":30,"column":null}},"1":{"start":{"line":27,"column":17},"end":{"line":30,"column":1}},"2":{"start":{"line":33,"column":20},"end":{"line":37,"column":null}},"3":{"start":{"line":34,"column":17},"end":{"line":37,"column":1}},"4":{"start":{"line":40,"column":20},"end":{"line":44,"column":null}},"5":{"start":{"line":41,"column":17},"end":{"line":44,"column":1}},"6":{"start":{"line":47,"column":21},"end":{"line":52,"column":null}},"7":{"start":{"line":48,"column":17},"end":{"line":52,"column":1}},"8":{"start":{"line":55,"column":27},"end":{"line":58,"column":null}},"9":{"start":{"line":56,"column":17},"end":{"line":58,"column":1}},"10":{"start":{"line":71,"column":34},"end":{"line":71,"column":null}},"11":{"start":{"line":72,"column":15},"end":{"line":76,"column":null}},"12":{"start":{"line":78,"column":14},"end":{"line":78,"column":null}},"13":{"start":{"line":79,"column":28},"end":{"line":79,"column":null}},"14":{"start":{"line":81,"column":21},"end":{"line":83,"column":null}},"15":{"start":{"line":82,"column":4},"end":{"line":82,"column":null}},"16":{"start":{"line":85,"column":22},"end":{"line":87,"column":null}},"17":{"start":{"line":86,"column":4},"end":{"line":86,"column":null}},"18":{"start":{"line":89,"column":23},"end":{"line":95,"column":null}},"19":{"start":{"line":90,"column":14},"end":{"line":90,"column":null}},"20":{"start":{"line":91,"column":4},"end":{"line":94,"column":null}},"21":{"start":{"line":92,"column":6},"end":{"line":92,"column":null}},"22":{"start":{"line":93,"column":6},"end":{"line":93,"column":null}},"23":{"start":{"line":97,"column":2},"end":{"line":122,"column":null}},"24":{"start":{"line":98,"column":26},"end":{"line":119,"column":null}},"25":{"start":{"line":99,"column":6},"end":{"line":118,"column":null}},"26":{"start":{"line":100,"column":22},"end":{"line":100,"column":null}},"27":{"start":{"line":101,"column":8},"end":{"line":103,"column":null}},"28":{"start":{"line":102,"column":10},"end":{"line":102,"column":null}},"29":{"start":{"line":105,"column":25},"end":{"line":111,"column":null}},"30":{"start":{"line":114,"column":32},"end":{"line":114,"column":null}},"31":{"start":{"line":115,"column":8},"end":{"line":115,"column":null}},"32":{"start":{"line":117,"column":8},"end":{"line":117,"column":null}},"33":{"start":{"line":121,"column":4},"end":{"line":121,"column":null}},"34":{"start":{"line":124,"column":2},"end":{"line":124,"column":null}}},"fnMap":{"0":{"name":"(anonymous_0)","decl":{"start":{"line":27,"column":2},"end":{"line":27,"column":3}},"loc":{"start":{"line":27,"column":17},"end":{"line":30,"column":1}}},"1":{"name":"(anonymous_1)","decl":{"start":{"line":34,"column":2},"end":{"line":34,"column":3}},"loc":{"start":{"line":34,"column":17},"end":{"line":37,"column":1}}},"2":{"name":"(anonymous_2)","decl":{"start":{"line":41,"column":2},"end":{"line":41,"column":3}},"loc":{"start":{"line":41,"column":17},"end":{"line":44,"column":1}}},"3":{"name":"(anonymous_3)","decl":{"start":{"line":48,"column":2},"end":{"line":48,"column":3}},"loc":{"start":{"line":48,"column":17},"end":{"line":52,"column":1}}},"4":{"name":"(anonymous_4)","decl":{"start":{"line":56,"column":2},"end":{"line":56,"column":3}},"loc":{"start":{"line":56,"column":17},"end":{"line":58,"column":1}}},"5":{"name":"HeaderUserbox","decl":{"start":{"line":70,"column":9},"end":{"line":70,"column":null}},"loc":{"start":{"line":70,"column":9},"end":{"line":189,"column":null}}},"6":{"name":"(anonymous_6)","decl":{"start":{"line":81,"column":21},"end":{"line":81,"column":null}},"loc":{"start":{"line":81,"column":21},"end":{"line":83,"column":null}}},"7":{"name":"(anonymous_7)","decl":{"start":{"line":85,"column":22},"end":{"line":85,"column":null}},"loc":{"start":{"line":85,"column":22},"end":{"line":87,"column":null}}},"8":{"name":"(anonymous_8)","decl":{"start":{"line":89,"column":23},"end":{"line":89,"column":null}},"loc":{"start":{"line":89,"column":23},"end":{"line":95,"column":null}}},"9":{"name":"(anonymous_9)","decl":{"start":{"line":97,"column":12},"end":{"line":97,"column":null}},"loc":{"start":{"line":97,"column":12},"end":{"line":122,"column":5}}},"10":{"name":"(anonymous_10)","decl":{"start":{"line":98,"column":26},"end":{"line":98,"column":null}},"loc":{"start":{"line":98,"column":26},"end":{"line":119,"column":null}}}},"branchMap":{"0":{"loc":{"start":{"line":91,"column":4},"end":{"line":94,"column":null}},"type":"if","locations":[{"start":{"line":91,"column":4},"end":{"line":94,"column":null}},{"start":{"line":91,"column":4},"end":{"line":94,"column":null}}]},"1":{"loc":{"start":{"line":101,"column":8},"end":{"line":103,"column":null}},"type":"if","locations":[{"start":{"line":101,"column":8},"end":{"line":103,"column":null}},{"start":{"line":101,"column":8},"end":{"line":103,"column":null}}]}},"s":{"0":0,"1":0,"2":0,"3":0,"4":0,"5":0,"6":0,"7":0,"8":0,"9":0,"10":0,"11":0,"12":0,"13":0,"14":0,"15":0,"16":0,"17":0,"18":0,"19":0,"20":0,"21":0,"22":0,"23":0,"24":0,"25":0,"26":0,"27":0,"28":0,"29":0,"30":0,"31":0,"32":0,"33":0,"34":0},"f":{"0":0,"1":0,"2":0,"3":0,"4":0,"5":0,"6":0,"7":0,"8":0,"9":0,"10":0},"b":{"0":[0,0],"1":[0,0]}}
,"C:/Users/Saifulloh/Documents/Personal/SYNRGY-BINAR/Chapter_8/final_challenge/frontend/src/layouts/SidebarLayout/Sidebar/index.tsx": {"path":"C:/Users/Saifulloh/Documents/Personal/SYNRGY-BINAR/Chapter_8/final_challenge/frontend/src/layouts/SidebarLayout/Sidebar/index.tsx","statementMap":{"0":{"start":{"line":19,"column":23},"end":{"line":28,"column":null}},"1":{"start":{"line":20,"column":17},"end":{"line":28,"column":1}},"2":{"start":{"line":32,"column":43},"end":{"line":32,"column":null}},"3":{"start":{"line":33,"column":23},"end":{"line":33,"column":null}},"4":{"start":{"line":33,"column":29},"end":{"line":33,"column":null}},"5":{"start":{"line":34,"column":16},"end":{"line":34,"column":null}}},"fnMap":{"0":{"name":"(anonymous_0)","decl":{"start":{"line":20,"column":2},"end":{"line":20,"column":3}},"loc":{"start":{"line":20,"column":17},"end":{"line":28,"column":1}}},"1":{"name":"Sidebar","decl":{"start":{"line":31,"column":9},"end":{"line":31,"column":null}},"loc":{"start":{"line":31,"column":9},"end":{"line":123,"column":null}}},"2":{"name":"(anonymous_2)","decl":{"start":{"line":33,"column":23},"end":{"line":33,"column":29}},"loc":{"start":{"line":33,"column":29},"end":{"line":33,"column":null}}}},"branchMap":{"0":{"loc":{"start":{"line":48,"column":12},"end":{"line":50,"column":null}},"type":"cond-expr","locations":[{"start":{"line":49,"column":16},"end":{"line":49,"column":null}},{"start":{"line":50,"column":16},"end":{"line":50,"column":null}}]},"1":{"loc":{"start":{"line":52,"column":12},"end":{"line":52,"column":null}},"type":"cond-expr","locations":[{"start":{"line":52,"column":44},"end":{"line":52,"column":67}},{"start":{"line":52,"column":70},"end":{"line":52,"column":null}}]},"2":{"loc":{"start":{"line":85,"column":16},"end":{"line":85,"column":null}},"type":"cond-expr","locations":[{"start":{"line":85,"column":44},"end":{"line":85,"column":54}},{"start":{"line":85,"column":54},"end":{"line":85,"column":null}}]},"3":{"loc":{"start":{"line":94,"column":14},"end":{"line":96,"column":null}},"type":"cond-expr","locations":[{"start":{"line":95,"column":18},"end":{"line":95,"column":47}},{"start":{"line":96,"column":18},"end":{"line":96,"column":null}}]}},"s":{"0":0,"1":0,"2":0,"3":0,"4":0,"5":0},"f":{"0":0,"1":0,"2":0},"b":{"0":[0,0],"1":[0,0],"2":[0,0],"3":[0,0]}}
,"C:/Users/Saifulloh/Documents/Personal/SYNRGY-BINAR/Chapter_8/final_challenge/frontend/src/layouts/SidebarLayout/Sidebar/SidebarMenu/index.tsx": {"path":"C:/Users/Saifulloh/Documents/Personal/SYNRGY-BINAR/Chapter_8/final_challenge/frontend/src/layouts/SidebarLayout/Sidebar/SidebarMenu/index.tsx","statementMap":{"0":{"start":{"line":17,"column":20},"end":{"line":35,"column":null}},"1":{"start":{"line":18,"column":17},"end":{"line":35,"column":1}},"2":{"start":{"line":38,"column":23},"end":{"line":156,"column":null}},"3":{"start":{"line":39,"column":17},"end":{"line":156,"column":1}},"4":{"start":{"line":160,"column":27},"end":{"line":160,"column":null}}},"fnMap":{"0":{"name":"(anonymous_0)","decl":{"start":{"line":18,"column":2},"end":{"line":18,"column":3}},"loc":{"start":{"line":18,"column":17},"end":{"line":35,"column":1}}},"1":{"name":"(anonymous_1)","decl":{"start":{"line":39,"column":2},"end":{"line":39,"column":3}},"loc":{"start":{"line":39,"column":17},"end":{"line":156,"column":1}}},"2":{"name":"SidebarMenu","decl":{"start":{"line":159,"column":9},"end":{"line":159,"column":null}},"loc":{"start":{"line":159,"column":9},"end":{"line":192,"column":null}}}},"branchMap":{},"s":{"0":0,"1":0,"2":0,"3":0,"4":0},"f":{"0":0,"1":0,"2":0},"b":{}}
,"C:/Users/Saifulloh/Documents/Personal/SYNRGY-BINAR/Chapter_8/final_challenge/frontend/src/providers/PrivateProvider.tsx": {"path":"C:/Users/Saifulloh/Documents/Personal/SYNRGY-BINAR/Chapter_8/final_challenge/frontend/src/providers/PrivateProvider.tsx","statementMap":{"0":{"start":{"line":4,"column":26},"end":{"line":4,"column":null}},"1":{"start":{"line":5,"column":16},"end":{"line":5,"column":null}},"2":{"start":{"line":7,"column":2},"end":{"line":13,"column":null}},"3":{"start":{"line":8,"column":4},"end":{"line":12,"column":null}},"4":{"start":{"line":9,"column":6},"end":{"line":9,"column":null}},"5":{"start":{"line":11,"column":6},"end":{"line":11,"column":null}},"6":{"start":{"line":15,"column":2},"end":{"line":17,"column":null}},"7":{"start":{"line":16,"column":4},"end":{"line":16,"column":null}},"8":{"start":{"line":19,"column":2},"end":{"line":19,"column":null}}},"fnMap":{"0":{"name":"PrivateProvider","decl":{"start":{"line":3,"column":24},"end":{"line":3,"column":40}},"loc":{"start":{"line":3,"column":71},"end":{"line":20,"column":null}}},"1":{"name":"(anonymous_1)","decl":{"start":{"line":7,"column":12},"end":{"line":7,"column":null}},"loc":{"start":{"line":7,"column":12},"end":{"line":13,"column":5}}}},"branchMap":{"0":{"loc":{"start":{"line":8,"column":4},"end":{"line":12,"column":null}},"type":"if","locations":[{"start":{"line":8,"column":4},"end":{"line":12,"column":null}},{"start":{"line":10,"column":11},"end":{"line":12,"column":null}}]},"1":{"loc":{"start":{"line":15,"column":2},"end":{"line":17,"column":null}},"type":"if","locations":[{"start":{"line":15,"column":2},"end":{"line":17,"column":null}},{"start":{"line":15,"column":2},"end":{"line":17,"column":null}}]}},"s":{"0":0,"1":0,"2":0,"3":0,"4":0,"5":0,"6":0,"7":0,"8":0},"f":{"0":0,"1":0},"b":{"0":[0,0],"1":[0,0]}}
,"C:/Users/Saifulloh/Documents/Personal/SYNRGY-BINAR/Chapter_8/final_challenge/frontend/src/providers/PublicProvider.tsx": {"path":"C:/Users/Saifulloh/Documents/Personal/SYNRGY-BINAR/Chapter_8/final_challenge/frontend/src/providers/PublicProvider.tsx","statementMap":{"0":{"start":{"line":4,"column":26},"end":{"line":4,"column":null}},"1":{"start":{"line":5,"column":16},"end":{"line":5,"column":null}},"2":{"start":{"line":7,"column":2},"end":{"line":13,"column":null}},"3":{"start":{"line":8,"column":4},"end":{"line":12,"column":null}},"4":{"start":{"line":9,"column":6},"end":{"line":9,"column":null}},"5":{"start":{"line":11,"column":6},"end":{"line":11,"column":null}},"6":{"start":{"line":15,"column":2},"end":{"line":17,"column":null}},"7":{"start":{"line":16,"column":4},"end":{"line":16,"column":null}},"8":{"start":{"line":19,"column":2},"end":{"line":19,"column":null}}},"fnMap":{"0":{"name":"PublicProvider","decl":{"start":{"line":3,"column":24},"end":{"line":3,"column":39}},"loc":{"start":{"line":3,"column":70},"end":{"line":20,"column":null}}},"1":{"name":"(anonymous_1)","decl":{"start":{"line":7,"column":12},"end":{"line":7,"column":null}},"loc":{"start":{"line":7,"column":12},"end":{"line":13,"column":5}}}},"branchMap":{"0":{"loc":{"start":{"line":8,"column":4},"end":{"line":12,"column":null}},"type":"if","locations":[{"start":{"line":8,"column":4},"end":{"line":12,"column":null}},{"start":{"line":10,"column":11},"end":{"line":12,"column":null}}]},"1":{"loc":{"start":{"line":15,"column":2},"end":{"line":17,"column":null}},"type":"if","locations":[{"start":{"line":15,"column":2},"end":{"line":17,"column":null}},{"start":{"line":15,"column":2},"end":{"line":17,"column":null}}]}},"s":{"0":0,"1":0,"2":0,"3":0,"4":0,"5":0,"6":0,"7":0,"8":0},"f":{"0":0,"1":0},"b":{"0":[0,0],"1":[0,0]}}
,"C:/Users/Saifulloh/Documents/Personal/SYNRGY-BINAR/Chapter_8/final_challenge/frontend/src/theme/ThemeProvider.tsx": {"path":"C:/Users/Saifulloh/Documents/Personal/SYNRGY-BINAR/Chapter_8/final_challenge/frontend/src/theme/ThemeProvider.tsx","statementMap":{"0":{"start":{"line":9,"column":28},"end":{"line":10,"column":null}},"1":{"start":{"line":13,"column":59},"end":{"line":28,"column":null}},"2":{"start":{"line":14,"column":23},"end":{"line":14,"column":null}},"3":{"start":{"line":15,"column":37},"end":{"line":15,"column":null}},"4":{"start":{"line":16,"column":16},"end":{"line":16,"column":null}},"5":{"start":{"line":18,"column":23},"end":{"line":21,"column":null}},"6":{"start":{"line":19,"column":4},"end":{"line":19,"column":null}},"7":{"start":{"line":20,"column":4},"end":{"line":20,"column":null}}},"fnMap":{"0":{"name":"(anonymous_0)","decl":{"start":{"line":10,"column":2},"end":{"line":10,"column":15}},"loc":{"start":{"line":10,"column":2},"end":{"line":10,"column":null}}},"1":{"name":"(anonymous_1)","decl":{"start":{"line":13,"column":59},"end":{"line":13,"column":60}},"loc":{"start":{"line":13,"column":60},"end":{"line":28,"column":null}}},"2":{"name":"(anonymous_2)","decl":{"start":{"line":18,"column":23},"end":{"line":18,"column":24}},"loc":{"start":{"line":18,"column":24},"end":{"line":21,"column":null}}}},"branchMap":{"0":{"loc":{"start":{"line":14,"column":23},"end":{"line":14,"column":null}},"type":"binary-expr","locations":[{"start":{"line":14,"column":23},"end":{"line":14,"column":59}},{"start":{"line":14,"column":59},"end":{"line":14,"column":null}}]}},"s":{"0":2,"1":2,"2":2,"3":2,"4":2,"5":2,"6":0,"7":0},"f":{"0":0,"1":2,"2":0},"b":{"0":[2,2]}}
,"C:/Users/Saifulloh/Documents/Personal/SYNRGY-BINAR/Chapter_8/final_challenge/frontend/src/theme/base.ts": {"path":"C:/Users/Saifulloh/Documents/Personal/SYNRGY-BINAR/Chapter_8/final_challenge/frontend/src/theme/base.ts","statementMap":{"0":{"start":{"line":7,"column":2},"end":{"line":7,"column":null}},"1":{"start":{"line":251,"column":43},"end":{"line":253,"column":null}}},"fnMap":{"0":{"name":"themeCreator","decl":{"start":{"line":6,"column":16},"end":{"line":6,"column":29}},"loc":{"start":{"line":6,"column":42},"end":{"line":8,"column":null}}}},"branchMap":{},"s":{"0":2,"1":2},"f":{"0":2},"b":{}}
,"C:/Users/Saifulloh/Documents/Personal/SYNRGY-BINAR/Chapter_8/final_challenge/frontend/src/theme/schemes/PureLightTheme.ts": {"path":"C:/Users/Saifulloh/Documents/Personal/SYNRGY-BINAR/Chapter_8/final_challenge/frontend/src/theme/schemes/PureLightTheme.ts","statementMap":{"0":{"start":{"line":4,"column":20},"end":{"line":14,"column":null}},"1":{"start":{"line":16,"column":15},"end":{"line":130,"column":null}},"2":{"start":{"line":132,"column":30},"end":{"line":1231,"column":3}}},"fnMap":{},"branchMap":{},"s":{"0":2,"1":2,"2":2},"f":{},"b":{}}
,"C:/Users/Saifulloh/Documents/Personal/SYNRGY-BINAR/Chapter_8/final_challenge/frontend/src/utils/test-utils.tsx": {"path":"C:/Users/Saifulloh/Documents/Personal/SYNRGY-BINAR/Chapter_8/final_challenge/frontend/src/utils/test-utils.tsx","statementMap":{"0":{"start":{"line":5,"column":0},"end":{"line":7,"column":null}},"1":{"start":{"line":6,"column":4},"end":{"line":6,"column":null}},"2":{"start":{"line":9,"column":21},"end":{"line":15,"column":null}},"3":{"start":{"line":10,"column":4},"end":{"line":14,"column":null}},"4":{"start":{"line":12,"column":31},"end":{"line":12,"column":null}}},"fnMap":{"0":{"name":"(anonymous_0)","decl":{"start":{"line":5,"column":10},"end":{"line":5,"column":null}},"loc":{"start":{"line":5,"column":10},"end":{"line":7,"column":null}}},"1":{"name":"(anonymous_1)","decl":{"start":{"line":9,"column":21},"end":{"line":9,"column":22}},"loc":{"start":{"line":9,"column":58},"end":{"line":15,"column":null}}},"2":{"name":"(anonymous_2)","decl":{"start":{"line":12,"column":13},"end":{"line":12,"column":14}},"loc":{"start":{"line":12,"column":31},"end":{"line":12,"column":null}}}},"branchMap":{"0":{"loc":{"start":{"line":9,"column":46},"end":{"line":9,"column":58}},"type":"default-arg","locations":[{"start":{"line":9,"column":56},"end":{"line":9,"column":58}}]}},"s":{"0":0,"1":0,"2":0,"3":0,"4":0},"f":{"0":0,"1":0,"2":0},"b":{"0":[0]}}
}
