{"C:\\Users\\Saifulloh\\Documents\\Personal\\SYNRGY-BINAR\\Chapter_8\\final_challenge\\backend\\app\\tests\\integration-tests\\carsRoute.spec.ts":{"path":"C:\\Users\\Saifulloh\\Documents\\Personal\\SYNRGY-BINAR\\Chapter_8\\final_challenge\\backend\\app\\tests\\integration-tests\\carsRoute.spec.ts","statementMap":{"0":{"start":{"line":2,"column":22},"end":{"line":12,"column":3}},"1":{"start":{"line":3,"column":4},"end":{"line":3,"column":33}},"2":{"start":{"line":3,"column":26},"end":{"line":3,"column":33}},"3":{"start":{"line":4,"column":15},"end":{"line":4,"column":52}},"4":{"start":{"line":5,"column":4},"end":{"line":7,"column":5}},"5":{"start":{"line":6,"column":6},"end":{"line":6,"column":68}},"6":{"start":{"line":6,"column":51},"end":{"line":6,"column":63}},"7":{"start":{"line":8,"column":4},"end":{"line":8,"column":39}},"8":{"start":{"line":10,"column":4},"end":{"line":10,"column":33}},"9":{"start":{"line":10,"column":26},"end":{"line":10,"column":33}},"10":{"start":{"line":11,"column":4},"end":{"line":11,"column":17}},"11":{"start":{"line":13,"column":25},"end":{"line":17,"column":2}},"12":{"start":{"line":14,"column":4},"end":{"line":14,"column":72}},"13":{"start":{"line":16,"column":4},"end":{"line":16,"column":21}},"14":{"start":{"line":18,"column":19},"end":{"line":24,"column":1}},"15":{"start":{"line":19,"column":4},"end":{"line":19,"column":42}},"16":{"start":{"line":19,"column":31},"end":{"line":19,"column":42}},"17":{"start":{"line":20,"column":17},"end":{"line":20,"column":19}},"18":{"start":{"line":21,"column":4},"end":{"line":21,"column":141}},"19":{"start":{"line":21,"column":21},"end":{"line":21,"column":141}},"20":{"start":{"line":21,"column":40},"end":{"line":21,"column":141}},"21":{"start":{"line":21,"column":109},"end":{"line":21,"column":141}},"22":{"start":{"line":22,"column":4},"end":{"line":22,"column":36}},"23":{"start":{"line":23,"column":4},"end":{"line":23,"column":18}},"24":{"start":{"line":25,"column":16},"end":{"line":33,"column":1}},"25":{"start":{"line":26,"column":28},"end":{"line":26,"column":110}},"26":{"start":{"line":26,"column":91},"end":{"line":26,"column":106}},"27":{"start":{"line":27,"column":4},"end":{"line":32,"column":7}},"28":{"start":{"line":28,"column":36},"end":{"line":28,"column":97}},"29":{"start":{"line":28,"column":42},"end":{"line":28,"column":70}},"30":{"start":{"line":28,"column":85},"end":{"line":28,"column":95}},"31":{"start":{"line":29,"column":35},"end":{"line":29,"column":100}},"32":{"start":{"line":29,"column":41},"end":{"line":29,"column":73}},"33":{"start":{"line":29,"column":88},"end":{"line":29,"column":98}},"34":{"start":{"line":30,"column":32},"end":{"line":30,"column":116}},"35":{"start":{"line":31,"column":8},"end":{"line":31,"column":78}},"36":{"start":{"line":34,"column":22},"end":{"line":36,"column":1}},"37":{"start":{"line":35,"column":4},"end":{"line":35,"column":62}},"38":{"start":{"line":37,"column":0},"end":{"line":37,"column":62}},"39":{"start":{"line":38,"column":11},"end":{"line":38,"column":38}},"40":{"start":{"line":39,"column":13},"end":{"line":39,"column":42}},"41":{"start":{"line":40,"column":20},"end":{"line":40,"column":57}},"42":{"start":{"line":41,"column":17},"end":{"line":41,"column":57}},"43":{"start":{"line":42,"column":19},"end":{"line":42,"column":46}},"44":{"start":{"line":43,"column":0},"end":{"line":149,"column":3}},"45":{"start":{"line":45,"column":4},"end":{"line":55,"column":8}},"46":{"start":{"line":45,"column":17},"end":{"line":55,"column":6}},"47":{"start":{"line":46,"column":26},"end":{"line":49,"column":9}},"48":{"start":{"line":50,"column":30},"end":{"line":52,"column":28}},"49":{"start":{"line":53,"column":8},"end":{"line":53,"column":41}},"50":{"start":{"line":56,"column":4},"end":{"line":68,"column":7}},"51":{"start":{"line":57,"column":8},"end":{"line":67,"column":11}},"52":{"start":{"line":58,"column":12},"end":{"line":66,"column":15}},"53":{"start":{"line":62,"column":16},"end":{"line":65,"column":17}},"54":{"start":{"line":63,"column":20},"end":{"line":63,"column":39}},"55":{"start":{"line":64,"column":20},"end":{"line":64,"column":27}},"56":{"start":{"line":69,"column":4},"end":{"line":82,"column":7}},"57":{"start":{"line":70,"column":8},"end":{"line":81,"column":11}},"58":{"start":{"line":71,"column":27},"end":{"line":71,"column":28}},"59":{"start":{"line":72,"column":12},"end":{"line":80,"column":15}},"60":{"start":{"line":76,"column":16},"end":{"line":79,"column":17}},"61":{"start":{"line":77,"column":20},"end":{"line":77,"column":39}},"62":{"start":{"line":78,"column":20},"end":{"line":78,"column":27}},"63":{"start":{"line":83,"column":4},"end":{"line":108,"column":7}},"64":{"start":{"line":84,"column":8},"end":{"line":107,"column":11}},"65":{"start":{"line":85,"column":29},"end":{"line":85,"column":44}},"66":{"start":{"line":86,"column":29},"end":{"line":86,"column":53}},"67":{"start":{"line":87,"column":29},"end":{"line":87,"column":70}},"68":{"start":{"line":88,"column":29},"end":{"line":93,"column":42}},"69":{"start":{"line":94,"column":12},"end":{"line":106,"column":15}},"70":{"start":{"line":101,"column":16},"end":{"line":104,"column":17}},"71":{"start":{"line":102,"column":20},"end":{"line":102,"column":39}},"72":{"start":{"line":103,"column":20},"end":{"line":103,"column":27}},"73":{"start":{"line":109,"column":4},"end":{"line":121,"column":7}},"74":{"start":{"line":110,"column":8},"end":{"line":120,"column":12}},"75":{"start":{"line":110,"column":69},"end":{"line":120,"column":10}},"76":{"start":{"line":111,"column":30},"end":{"line":111,"column":47}},"77":{"start":{"line":113,"column":12},"end":{"line":117,"column":29}},"78":{"start":{"line":122,"column":4},"end":{"line":135,"column":7}},"79":{"start":{"line":123,"column":8},"end":{"line":134,"column":12}},"80":{"start":{"line":123,"column":65},"end":{"line":134,"column":10}},"81":{"start":{"line":124,"column":30},"end":{"line":124,"column":47}},"82":{"start":{"line":125,"column":27},"end":{"line":125,"column":28}},"83":{"start":{"line":127,"column":12},"end":{"line":131,"column":29}},"84":{"start":{"line":136,"column":4},"end":{"line":148,"column":7}},"85":{"start":{"line":137,"column":8},"end":{"line":147,"column":12}},"86":{"start":{"line":137,"column":65},"end":{"line":147,"column":10}},"87":{"start":{"line":138,"column":30},"end":{"line":138,"column":47}},"88":{"start":{"line":139,"column":27},"end":{"line":139,"column":28}},"89":{"start":{"line":141,"column":12},"end":{"line":144,"column":29}}},"fnMap":{"0":{"name":"(anonymous_0)","decl":{"start":{"line":2,"column":74},"end":{"line":2,"column":75}},"loc":{"start":{"line":2,"column":96},"end":{"line":9,"column":1}},"line":2},"1":{"name":"(anonymous_1)","decl":{"start":{"line":6,"column":38},"end":{"line":6,"column":39}},"loc":{"start":{"line":6,"column":49},"end":{"line":6,"column":65}},"line":6},"2":{"name":"(anonymous_2)","decl":{"start":{"line":9,"column":6},"end":{"line":9,"column":7}},"loc":{"start":{"line":9,"column":28},"end":{"line":12,"column":1}},"line":9},"3":{"name":"(anonymous_3)","decl":{"start":{"line":13,"column":80},"end":{"line":13,"column":81}},"loc":{"start":{"line":13,"column":95},"end":{"line":15,"column":1}},"line":13},"4":{"name":"(anonymous_4)","decl":{"start":{"line":15,"column":5},"end":{"line":15,"column":6}},"loc":{"start":{"line":15,"column":20},"end":{"line":17,"column":1}},"line":15},"5":{"name":"(anonymous_5)","decl":{"start":{"line":18,"column":50},"end":{"line":18,"column":51}},"loc":{"start":{"line":18,"column":65},"end":{"line":24,"column":1}},"line":18},"6":{"name":"(anonymous_6)","decl":{"start":{"line":25,"column":44},"end":{"line":25,"column":45}},"loc":{"start":{"line":25,"column":89},"end":{"line":33,"column":1}},"line":25},"7":{"name":"adopt","decl":{"start":{"line":26,"column":13},"end":{"line":26,"column":18}},"loc":{"start":{"line":26,"column":26},"end":{"line":26,"column":112}},"line":26},"8":{"name":"(anonymous_8)","decl":{"start":{"line":26,"column":70},"end":{"line":26,"column":71}},"loc":{"start":{"line":26,"column":89},"end":{"line":26,"column":108}},"line":26},"9":{"name":"(anonymous_9)","decl":{"start":{"line":27,"column":36},"end":{"line":27,"column":37}},"loc":{"start":{"line":27,"column":63},"end":{"line":32,"column":5}},"line":27},"10":{"name":"fulfilled","decl":{"start":{"line":28,"column":17},"end":{"line":28,"column":26}},"loc":{"start":{"line":28,"column":34},"end":{"line":28,"column":99}},"line":28},"11":{"name":"rejected","decl":{"start":{"line":29,"column":17},"end":{"line":29,"column":25}},"loc":{"start":{"line":29,"column":33},"end":{"line":29,"column":102}},"line":29},"12":{"name":"step","decl":{"start":{"line":30,"column":17},"end":{"line":30,"column":21}},"loc":{"start":{"line":30,"column":30},"end":{"line":30,"column":118}},"line":30},"13":{"name":"(anonymous_13)","decl":{"start":{"line":34,"column":56},"end":{"line":34,"column":57}},"loc":{"start":{"line":34,"column":71},"end":{"line":36,"column":1}},"line":34},"14":{"name":"(anonymous_14)","decl":{"start":{"line":43,"column":55},"end":{"line":43,"column":56}},"loc":{"start":{"line":43,"column":61},"end":{"line":149,"column":1}},"line":43},"15":{"name":"(anonymous_15)","decl":{"start":{"line":45,"column":11},"end":{"line":45,"column":12}},"loc":{"start":{"line":45,"column":17},"end":{"line":55,"column":6}},"line":45},"16":{"name":"(anonymous_16)","decl":{"start":{"line":45,"column":51},"end":{"line":45,"column":52}},"loc":{"start":{"line":45,"column":64},"end":{"line":55,"column":5}},"line":45},"17":{"name":"(anonymous_17)","decl":{"start":{"line":56,"column":32},"end":{"line":56,"column":33}},"loc":{"start":{"line":56,"column":38},"end":{"line":68,"column":5}},"line":56},"18":{"name":"(anonymous_18)","decl":{"start":{"line":57,"column":44},"end":{"line":57,"column":45}},"loc":{"start":{"line":57,"column":50},"end":{"line":67,"column":9}},"line":57},"19":{"name":"(anonymous_19)","decl":{"start":{"line":61,"column":21},"end":{"line":61,"column":22}},"loc":{"start":{"line":61,"column":41},"end":{"line":66,"column":13}},"line":61},"20":{"name":"(anonymous_20)","decl":{"start":{"line":69,"column":31},"end":{"line":69,"column":32}},"loc":{"start":{"line":69,"column":37},"end":{"line":82,"column":5}},"line":69},"21":{"name":"(anonymous_21)","decl":{"start":{"line":70,"column":44},"end":{"line":70,"column":45}},"loc":{"start":{"line":70,"column":50},"end":{"line":81,"column":9}},"line":70},"22":{"name":"(anonymous_22)","decl":{"start":{"line":75,"column":21},"end":{"line":75,"column":22}},"loc":{"start":{"line":75,"column":41},"end":{"line":80,"column":13}},"line":75},"23":{"name":"(anonymous_23)","decl":{"start":{"line":83,"column":34},"end":{"line":83,"column":35}},"loc":{"start":{"line":83,"column":40},"end":{"line":108,"column":5}},"line":83},"24":{"name":"(anonymous_24)","decl":{"start":{"line":84,"column":60},"end":{"line":84,"column":61}},"loc":{"start":{"line":84,"column":66},"end":{"line":107,"column":9}},"line":84},"25":{"name":"(anonymous_25)","decl":{"start":{"line":100,"column":21},"end":{"line":100,"column":22}},"loc":{"start":{"line":100,"column":41},"end":{"line":106,"column":13}},"line":100},"26":{"name":"(anonymous_26)","decl":{"start":{"line":109,"column":33},"end":{"line":109,"column":34}},"loc":{"start":{"line":109,"column":39},"end":{"line":121,"column":5}},"line":109},"27":{"name":"(anonymous_27)","decl":{"start":{"line":110,"column":63},"end":{"line":110,"column":64}},"loc":{"start":{"line":110,"column":69},"end":{"line":120,"column":10}},"line":110},"28":{"name":"(anonymous_28)","decl":{"start":{"line":110,"column":103},"end":{"line":110,"column":104}},"loc":{"start":{"line":110,"column":116},"end":{"line":120,"column":9}},"line":110},"29":{"name":"(anonymous_29)","decl":{"start":{"line":122,"column":33},"end":{"line":122,"column":34}},"loc":{"start":{"line":122,"column":39},"end":{"line":135,"column":5}},"line":122},"30":{"name":"(anonymous_30)","decl":{"start":{"line":123,"column":59},"end":{"line":123,"column":60}},"loc":{"start":{"line":123,"column":65},"end":{"line":134,"column":10}},"line":123},"31":{"name":"(anonymous_31)","decl":{"start":{"line":123,"column":99},"end":{"line":123,"column":100}},"loc":{"start":{"line":123,"column":112},"end":{"line":134,"column":9}},"line":123},"32":{"name":"(anonymous_32)","decl":{"start":{"line":136,"column":33},"end":{"line":136,"column":34}},"loc":{"start":{"line":136,"column":39},"end":{"line":148,"column":5}},"line":136},"33":{"name":"(anonymous_33)","decl":{"start":{"line":137,"column":59},"end":{"line":137,"column":60}},"loc":{"start":{"line":137,"column":65},"end":{"line":147,"column":10}},"line":137},"34":{"name":"(anonymous_34)","decl":{"start":{"line":137,"column":99},"end":{"line":137,"column":100}},"loc":{"start":{"line":137,"column":112},"end":{"line":147,"column":9}},"line":137}},"branchMap":{"0":{"loc":{"start":{"line":2,"column":22},"end":{"line":12,"column":3}},"type":"binary-expr","locations":[{"start":{"line":2,"column":23},"end":{"line":2,"column":27}},{"start":{"line":2,"column":31},"end":{"line":2,"column":51}},{"start":{"line":2,"column":57},"end":{"line":12,"column":2}}],"line":2},"1":{"loc":{"start":{"line":2,"column":57},"end":{"line":12,"column":2}},"type":"cond-expr","locations":[{"start":{"line":2,"column":74},"end":{"line":9,"column":1}},{"start":{"line":9,"column":6},"end":{"line":12,"column":1}}],"line":2},"2":{"loc":{"start":{"line":3,"column":4},"end":{"line":3,"column":33}},"type":"if","locations":[{"start":{"line":3,"column":4},"end":{"line":3,"column":33}},{"start":{"line":3,"column":4},"end":{"line":3,"column":33}}],"line":3},"3":{"loc":{"start":{"line":5,"column":4},"end":{"line":7,"column":5}},"type":"if","locations":[{"start":{"line":5,"column":4},"end":{"line":7,"column":5}},{"start":{"line":5,"column":4},"end":{"line":7,"column":5}}],"line":5},"4":{"loc":{"start":{"line":5,"column":8},"end":{"line":5,"column":85}},"type":"binary-expr","locations":[{"start":{"line":5,"column":8},"end":{"line":5,"column":13}},{"start":{"line":5,"column":18},"end":{"line":5,"column":84}}],"line":5},"5":{"loc":{"start":{"line":5,"column":18},"end":{"line":5,"column":84}},"type":"cond-expr","locations":[{"start":{"line":5,"column":34},"end":{"line":5,"column":47}},{"start":{"line":5,"column":50},"end":{"line":5,"column":84}}],"line":5},"6":{"loc":{"start":{"line":5,"column":50},"end":{"line":5,"column":84}},"type":"binary-expr","locations":[{"start":{"line":5,"column":50},"end":{"line":5,"column":63}},{"start":{"line":5,"column":67},"end":{"line":5,"column":84}}],"line":5},"7":{"loc":{"start":{"line":10,"column":4},"end":{"line":10,"column":33}},"type":"if","locations":[{"start":{"line":10,"column":4},"end":{"line":10,"column":33}},{"start":{"line":10,"column":4},"end":{"line":10,"column":33}}],"line":10},"8":{"loc":{"start":{"line":13,"column":25},"end":{"line":17,"column":2}},"type":"binary-expr","locations":[{"start":{"line":13,"column":26},"end":{"line":13,"column":30}},{"start":{"line":13,"column":34},"end":{"line":13,"column":57}},{"start":{"line":13,"column":63},"end":{"line":17,"column":1}}],"line":13},"9":{"loc":{"start":{"line":13,"column":63},"end":{"line":17,"column":1}},"type":"cond-expr","locations":[{"start":{"line":13,"column":80},"end":{"line":15,"column":1}},{"start":{"line":15,"column":5},"end":{"line":17,"column":1}}],"line":13},"10":{"loc":{"start":{"line":18,"column":19},"end":{"line":24,"column":1}},"type":"binary-expr","locations":[{"start":{"line":18,"column":20},"end":{"line":18,"column":24}},{"start":{"line":18,"column":28},"end":{"line":18,"column":45}},{"start":{"line":18,"column":50},"end":{"line":24,"column":1}}],"line":18},"11":{"loc":{"start":{"line":19,"column":4},"end":{"line":19,"column":42}},"type":"if","locations":[{"start":{"line":19,"column":4},"end":{"line":19,"column":42}},{"start":{"line":19,"column":4},"end":{"line":19,"column":42}}],"line":19},"12":{"loc":{"start":{"line":19,"column":8},"end":{"line":19,"column":29}},"type":"binary-expr","locations":[{"start":{"line":19,"column":8},"end":{"line":19,"column":11}},{"start":{"line":19,"column":15},"end":{"line":19,"column":29}}],"line":19},"13":{"loc":{"start":{"line":21,"column":4},"end":{"line":21,"column":141}},"type":"if","locations":[{"start":{"line":21,"column":4},"end":{"line":21,"column":141}},{"start":{"line":21,"column":4},"end":{"line":21,"column":141}}],"line":21},"14":{"loc":{"start":{"line":21,"column":40},"end":{"line":21,"column":141}},"type":"if","locations":[{"start":{"line":21,"column":40},"end":{"line":21,"column":141}},{"start":{"line":21,"column":40},"end":{"line":21,"column":141}}],"line":21},"15":{"loc":{"start":{"line":21,"column":44},"end":{"line":21,"column":107}},"type":"binary-expr","locations":[{"start":{"line":21,"column":44},"end":{"line":21,"column":59}},{"start":{"line":21,"column":63},"end":{"line":21,"column":107}}],"line":21},"16":{"loc":{"start":{"line":25,"column":16},"end":{"line":33,"column":1}},"type":"binary-expr","locations":[{"start":{"line":25,"column":17},"end":{"line":25,"column":21}},{"start":{"line":25,"column":25},"end":{"line":25,"column":39}},{"start":{"line":25,"column":44},"end":{"line":33,"column":1}}],"line":25},"17":{"loc":{"start":{"line":26,"column":35},"end":{"line":26,"column":109}},"type":"cond-expr","locations":[{"start":{"line":26,"column":56},"end":{"line":26,"column":61}},{"start":{"line":26,"column":64},"end":{"line":26,"column":109}}],"line":26},"18":{"loc":{"start":{"line":27,"column":16},"end":{"line":27,"column":34}},"type":"binary-expr","locations":[{"start":{"line":27,"column":16},"end":{"line":27,"column":17}},{"start":{"line":27,"column":22},"end":{"line":27,"column":33}}],"line":27},"19":{"loc":{"start":{"line":30,"column":32},"end":{"line":30,"column":115}},"type":"cond-expr","locations":[{"start":{"line":30,"column":46},"end":{"line":30,"column":67}},{"start":{"line":30,"column":70},"end":{"line":30,"column":115}}],"line":30},"20":{"loc":{"start":{"line":31,"column":51},"end":{"line":31,"column":67}},"type":"binary-expr","locations":[{"start":{"line":31,"column":51},"end":{"line":31,"column":61}},{"start":{"line":31,"column":65},"end":{"line":31,"column":67}}],"line":31},"21":{"loc":{"start":{"line":34,"column":22},"end":{"line":36,"column":1}},"type":"binary-expr","locations":[{"start":{"line":34,"column":23},"end":{"line":34,"column":27}},{"start":{"line":34,"column":31},"end":{"line":34,"column":51}},{"start":{"line":34,"column":56},"end":{"line":36,"column":1}}],"line":34},"22":{"loc":{"start":{"line":35,"column":11},"end":{"line":35,"column":61}},"type":"cond-expr","locations":[{"start":{"line":35,"column":37},"end":{"line":35,"column":40}},{"start":{"line":35,"column":43},"end":{"line":35,"column":61}}],"line":35},"23":{"loc":{"start":{"line":35,"column":12},"end":{"line":35,"column":33}},"type":"binary-expr","locations":[{"start":{"line":35,"column":12},"end":{"line":35,"column":15}},{"start":{"line":35,"column":19},"end":{"line":35,"column":33}}],"line":35},"24":{"loc":{"start":{"line":62,"column":16},"end":{"line":65,"column":17}},"type":"if","locations":[{"start":{"line":62,"column":16},"end":{"line":65,"column":17}},{"start":{"line":62,"column":16},"end":{"line":65,"column":17}}],"line":62},"25":{"loc":{"start":{"line":76,"column":16},"end":{"line":79,"column":17}},"type":"if","locations":[{"start":{"line":76,"column":16},"end":{"line":79,"column":17}},{"start":{"line":76,"column":16},"end":{"line":79,"column":17}}],"line":76},"26":{"loc":{"start":{"line":101,"column":16},"end":{"line":104,"column":17}},"type":"if","locations":[{"start":{"line":101,"column":16},"end":{"line":104,"column":17}},{"start":{"line":101,"column":16},"end":{"line":104,"column":17}}],"line":101}},"s":{"0":1,"1":119,"2":119,"3":119,"4":119,"5":114,"6":2,"7":119,"8":0,"9":0,"10":0,"11":1,"12":2,"13":0,"14":1,"15":2,"16":0,"17":2,"18":2,"19":2,"20":119,"21":119,"22":2,"23":2,"24":1,"25":1,"26":1,"27":4,"28":1,"29":1,"30":0,"31":0,"32":0,"33":0,"34":5,"35":4,"36":1,"37":2,"38":1,"39":1,"40":1,"41":1,"42":1,"43":1,"44":1,"45":1,"46":1,"47":1,"48":1,"49":1,"50":1,"51":1,"52":1,"53":1,"54":0,"55":0,"56":1,"57":1,"58":1,"59":1,"60":1,"61":0,"62":0,"63":1,"64":1,"65":1,"66":1,"67":1,"68":1,"69":1,"70":1,"71":1,"72":1,"73":1,"74":1,"75":1,"76":1,"77":1,"78":1,"79":1,"80":1,"81":1,"82":1,"83":1,"84":1,"85":1,"86":1,"87":1,"88":1,"89":1},"f":{"0":119,"1":2,"2":0,"3":2,"4":0,"5":2,"6":4,"7":1,"8":1,"9":4,"10":1,"11":0,"12":5,"13":2,"14":1,"15":1,"16":1,"17":1,"18":1,"19":1,"20":1,"21":1,"22":1,"23":1,"24":1,"25":1,"26":1,"27":1,"28":1,"29":1,"30":1,"31":1,"32":1,"33":1,"34":1},"b":{"0":[1,1,1],"1":[1,0],"2":[119,0],"3":[114,5],"4":[119,119],"5":[5,114],"6":[114,5],"7":[0,0],"8":[1,1,1],"9":[1,0],"10":[1,1,1],"11":[0,2],"12":[2,2],"13":[2,0],"14":[119,0],"15":[119,119],"16":[1,1,1],"17":[0,1],"18":[4,4],"19":[4,1],"20":[4,4],"21":[1,1,1],"22":[1,1],"23":[2,2],"24":[0,1],"25":[0,1],"26":[1,0]},"inputSourceMap":{"version":3,"file":"C:/Users/Saifulloh/Documents/Personal/SYNRGY-BINAR/Chapter_8/final_challenge/backend/app/tests/integration-tests/carsRoute.spec.ts","sources":["C:/Users/Saifulloh/Documents/Personal/SYNRGY-BINAR/Chapter_8/final_challenge/backend/app/tests/integration-tests/carsRoute.spec.ts"],"names":[],"mappings":";;;;;;;;;;;;;;;;;;;;;;;;;;;;;;;;;;;;;AAAA,uCAAyB;AACzB,2CAA6B;AAC7B,0DAAgC;AAChC,0DAA+B;AAE/B,+CAAqD;AAErD,QAAQ,CAAC,4CAA4C,EAAE,GAAG,EAAE;IACxD,IAAI,KAAa,CAAC;IAElB,MAAM,CAAC,GAAS,EAAE;QAEd,MAAM,SAAS,GAAG;YACd,KAAK,EAAE,qBAAqB;YAC5B,QAAQ,EAAE,WAAW;SACxB,CAAC;QAGF,MAAM,aAAa,GAAG,MAAM,IAAA,mBAAO,EAAC,gBAAG,CAAC;aACnC,IAAI,CAAC,iBAAiB,CAAC;aACvB,IAAI,CAAC,SAAS,CAAC,CAAC;QAGrB,KAAK,GAAG,aAAa,CAAC,IAAI,CAAC,KAAK,CAAC;QACjC,yCAAyC;IAC7C,CAAC,CAAA,CAAC,CAAC;IAEH,QAAQ,CAAC,iBAAiB,EAAE,GAAG,EAAE;QAC7B,EAAE,CAAC,+BAA+B,EAAE,GAAG,EAAE;YACrC,IAAA,mBAAO,EAAC,gBAAG,CAAC;iBACP,GAAG,CAAC,YAAY,CAAC;iBACjB,MAAM,CAAC,GAAG,CAAC;iBACX,GAAG,CAAC,UAAU,GAAG,EAAE,GAAG;gBACnB,IAAI,GAAG,EAAE,CAAC;oBACN,OAAO,CAAC,KAAK,CAAC,GAAG,CAAC,CAAC;oBACnB,OAAO;gBACX,CAAC;YACL,CAAC,CAAC,CAAC;QACX,CAAC,CAAC,CAAC;IACP,CAAC,CAAC,CAAC;IAEH,QAAQ,CAAC,gBAAgB,EAAE,GAAG,EAAE;QAC5B,EAAE,CAAC,+BAA+B,EAAE,GAAG,EAAE;YACrC,MAAM,MAAM,GAAG,CAAC,CAAC;YACjB,IAAA,mBAAO,EAAC,gBAAG,CAAC;iBACP,GAAG,CAAC,aAAa,MAAM,EAAE,CAAC;iBAC1B,MAAM,CAAC,GAAG,CAAC;iBACX,GAAG,CAAC,UAAU,GAAG,EAAE,GAAG;gBACnB,IAAI,GAAG,EAAE,CAAC;oBACN,OAAO,CAAC,KAAK,CAAC,GAAG,CAAC,CAAC;oBACnB,OAAO;gBACX,CAAC;YACL,CAAC,CAAC,CAAC;QACX,CAAC,CAAC,CAAC;IACP,CAAC,CAAC,CAAC;IAEH,QAAQ,CAAC,mBAAmB,EAAE,GAAG,EAAE;QAC/B,EAAE,CAAC,+CAA+C,EAAE,GAAG,EAAE;YACrD,MAAM,QAAQ,GAAG,eAAe,CAAC;YACjC,MAAM,QAAQ,GAAG,IAAI,CAAC,MAAM,EAAE,CAAC,QAAQ,EAAE,CAAC;YAE1C,MAAM,QAAQ,GAAG,IAAI,CAAC,IAAI,CAAC,SAAS,EAAE,SAAS,EAAE,QAAQ,CAAC,CAAC;YAE3D,MAAM,QAAQ,GAAG,KAAK,QAAQ,MAAM;gBAChC,2DAA2D,QAAQ,OAAO;gBAC1E,6BAA6B;gBAC7B,MAAM;gBACN,EAAE,CAAC,YAAY,CAAC,QAAQ,CAAC;gBACzB,QAAQ,GAAG,QAAQ,GAAG,IAAI,CAAC;YAE/B,IAAA,mBAAO,EAAC,gBAAG,CAAC;iBACP,IAAI,CAAC,kBAAkB,CAAC;iBACxB,GAAG,CAAC,cAAc,EAAE,iCAAiC,QAAQ,EAAE,CAAC;iBAChE,GAAG,CAAC,eAAe,EAAE,UAAU,KAAK,EAAE,CAAC;iBACvC,IAAI,CAAC,QAAQ,CAAC;iBACd,MAAM,CAAC,GAAG,CAAC;iBACX,GAAG,CAAC,UAAU,GAAQ,EAAE,GAAQ;gBAC7B,IAAI,GAAG,EAAE,CAAC;oBACN,OAAO,CAAC,KAAK,CAAC,GAAG,CAAC,CAAC;oBACnB,OAAO;gBACX,CAAC;gBAAA,CAAC;YACN,CAAC,CAAC,CAAA;QACV,CAAC,CAAC,CAAA;IACN,CAAC,CAAC,CAAC;IAEH,QAAQ,CAAC,kBAAkB,EAAE,GAAG,EAAE;QAC9B,EAAE,CAAC,kDAAkD,EAAE,GAAS,EAAE;YAC9D,MAAM,SAAS,GAAG,UAAU,KAAK,EAAE,CAAC,CAAC,kCAAkC;YAEvE,0CAA0C;YAC1C,IAAA,mBAAO,EAAC,gBAAG,CAAC;iBACP,IAAI,CAAC,kBAAkB,CAAC,CAAC,iCAAiC;iBAC1D,GAAG,CAAC,eAAe,EAAE,SAAS,CAAC;iBAC/B,IAAI,CAAC,4BAAiB,CAAC;iBACvB,MAAM,CAAC,GAAG,CAAC,CAAC;YACjB,gEAAgE;YAChE,kFAAkF;QACtF,CAAC,CAAA,CAAC,CAAC;IACP,CAAC,CAAC,CAAC;IAEH,QAAQ,CAAC,kBAAkB,EAAE,GAAG,EAAE;QAC9B,EAAE,CAAC,8CAA8C,EAAE,GAAS,EAAE;YAC1D,MAAM,SAAS,GAAG,UAAU,KAAK,EAAE,CAAC,CAAC,kCAAkC;YACvE,MAAM,MAAM,GAAG,CAAC,CAAC;YACjB,0CAA0C;YAC1C,IAAA,mBAAO,EAAC,gBAAG,CAAC;iBACP,GAAG,CAAC,aAAa,MAAM,EAAE,CAAC,CAAC,iCAAiC;iBAC5D,GAAG,CAAC,eAAe,EAAE,SAAS,CAAC;iBAC/B,IAAI,CAAC,4BAAiB,CAAC;iBACvB,MAAM,CAAC,GAAG,CAAC,CAAC;YACjB,gEAAgE;YAChE,kFAAkF;QACtF,CAAC,CAAA,CAAC,CAAC;IACP,CAAC,CAAC,CAAC;IAEH,QAAQ,CAAC,kBAAkB,EAAE,GAAG,EAAE;QAC9B,EAAE,CAAC,8CAA8C,EAAE,GAAS,EAAE;YAC1D,MAAM,SAAS,GAAG,UAAU,KAAK,EAAE,CAAC,CAAC,kCAAkC;YACvE,MAAM,MAAM,GAAG,CAAC,CAAC;YACjB,0CAA0C;YAC1C,IAAA,mBAAO,EAAC,gBAAG,CAAC;iBACP,MAAM,CAAC,aAAa,MAAM,EAAE,CAAC,CAAC,iCAAiC;iBAC/D,GAAG,CAAC,eAAe,EAAE,SAAS,CAAC;iBAC/B,MAAM,CAAC,GAAG,CAAC,CAAC;YACjB,gEAAgE;YAChE,kFAAkF;QACtF,CAAC,CAAA,CAAC,CAAC;IACP,CAAC,CAAC,CAAC;AACP,CAAC,CAAC,CAAC","sourcesContent":["import * as fs from 'fs';\r\nimport * as path from 'path';\r\nimport request from 'supertest';\r\nimport app from '../../server';\r\n\r\nimport { mockCreateCarData } from '../data/testData';\r\n\r\ndescribe(\"Running integration test on cars routes...\", () => {\r\n    var token: string;\r\n\r\n    before(async () => {\r\n\r\n        const loginData = {\r\n            email: 'adminuser@gmail.com',\r\n            password: 'adminuser'\r\n        };\r\n\r\n\r\n        const loginResponse = await request(app)\r\n            .post('/api/user/login')\r\n            .send(loginData);\r\n\r\n\r\n        token = loginResponse.body.token;\r\n        // console.log('Obtained Token:', token);\r\n    });\r\n\r\n    describe(\"List cars Route\", () => {\r\n        it(\"it should has status code 200\", () => {\r\n            request(app)\r\n                .get(\"/api/cars/\")\r\n                .expect(200)\r\n                .end(function (err, res) {\r\n                    if (err) {\r\n                        console.error(err);\r\n                        return;\r\n                    }\r\n                });\r\n        });\r\n    });\r\n\r\n    describe(\"Show car Route\", () => {\r\n        it(\"it should has status code 200\", () => {\r\n            const car_id = 2;\r\n            request(app)\r\n                .get(`/api/cars/${car_id}`)\r\n                .expect(200)\r\n                .end(function (err, res) {\r\n                    if (err) {\r\n                        console.error(err);\r\n                        return;\r\n                    }\r\n                });\r\n        });\r\n    });\r\n\r\n    describe('File Upload Route', () => {\r\n        it('should upload a file with authorization token', () => {\r\n            const filename = 'testImage.png';\r\n            const boundary = Math.random().toString();\r\n\r\n            const filePath = path.join(__dirname, '../data', filename);\r\n\r\n            const formData = `--${boundary}\\r\\n` +\r\n                `content-disposition: form-data; name=\"image\"; filename=\"${filename}\"\\r\\n` +\r\n                'content-type: image/png\\r\\n' +\r\n                '\\r\\n' +\r\n                fs.readFileSync(filePath) +\r\n                '\\r\\n--' + boundary + '--';\r\n\r\n            request(app)\r\n                .post('/api/cars/upload')\r\n                .set('Content-Type', `multipart/form-data; boundary=${boundary}`)\r\n                .set('Authorization', `Bearer ${token}`)\r\n                .send(formData)\r\n                .expect(200)\r\n                .end(function (err: any, res: any) {\r\n                    if (err) {\r\n                        console.error(err);\r\n                        return;\r\n                    };\r\n                })\r\n        })\r\n    });\r\n\r\n    describe('Create Car Route', () => {\r\n        it('should create a new car with authorization token', async () => {\r\n            const userToken = `Bearer ${token}`; // Replace with a valid user token\r\n\r\n            // Make a POST request to create a new car\r\n            request(app)\r\n                .post('/api/cars/create') // Replace with your create route\r\n                .set('Authorization', userToken)\r\n                .send(mockCreateCarData)\r\n                .expect(201);\r\n            // .expect(response.body).to.have.property('success').to.be.true\r\n            // .expect(response.body).to.have.property('message', 'success create a new car');\r\n        });\r\n    });\r\n    \r\n    describe('Update Car Route', () => {\r\n        it('should update a car with authorization token', async () => {\r\n            const userToken = `Bearer ${token}`; // Replace with a valid user token\r\n            const car_id = 2;\r\n            // Make a POST request to create a new car\r\n            request(app)\r\n                .put(`/api/cars/${car_id}`) // Replace with your create route\r\n                .set('Authorization', userToken)\r\n                .send(mockCreateCarData)\r\n                .expect(201);\r\n            // .expect(response.body).to.have.property('success').to.be.true\r\n            // .expect(response.body).to.have.property('message', 'success create a new car');\r\n        });\r\n    });\r\n    \r\n    describe('Delete Car Route', () => {\r\n        it('should delete a car with authorization token', async () => {\r\n            const userToken = `Bearer ${token}`; // Replace with a valid user token\r\n            const car_id = 2;\r\n            // Make a POST request to create a new car\r\n            request(app)\r\n                .delete(`/api/cars/${car_id}`) // Replace with your create route\r\n                .set('Authorization', userToken)\r\n                .expect(201);\r\n            // .expect(response.body).to.have.property('success').to.be.true\r\n            // .expect(response.body).to.have.property('message', 'success create a new car');\r\n        });\r\n    });\r\n});\r\n"]},"_coverageSchema":"1a1c01bbd47fc00a2c39e90264f33305004495a9","hash":"391ac73ca0998cb480dbe0a80f1fe6da8b8b9e44","contentHash":"fc16c41956a7deac7e382d8fdc6b728d28838cad70ad2fdf75da4fcde5f66b9b"},"C:\\Users\\Saifulloh\\Documents\\Personal\\SYNRGY-BINAR\\Chapter_8\\final_challenge\\backend\\app\\server.ts":{"path":"C:\\Users\\Saifulloh\\Documents\\Personal\\SYNRGY-BINAR\\Chapter_8\\final_challenge\\backend\\app\\server.ts","statementMap":{"0":{"start":{"line":2,"column":22},"end":{"line":4,"column":1}},"1":{"start":{"line":3,"column":4},"end":{"line":3,"column":62}},"2":{"start":{"line":5,"column":0},"end":{"line":5,"column":62}},"3":{"start":{"line":6,"column":18},"end":{"line":6,"column":53}},"4":{"start":{"line":7,"column":17},"end":{"line":7,"column":51}},"5":{"start":{"line":8,"column":15},"end":{"line":8,"column":47}},"6":{"start":{"line":9,"column":15},"end":{"line":9,"column":47}},"7":{"start":{"line":10,"column":0},"end":{"line":10,"column":26}},"8":{"start":{"line":11,"column":20},"end":{"line":11,"column":70}},"9":{"start":{"line":12,"column":18},"end":{"line":12,"column":66}},"10":{"start":{"line":13,"column":18},"end":{"line":13,"column":66}},"11":{"start":{"line":14,"column":18},"end":{"line":14,"column":61}},"12":{"start":{"line":15,"column":24},"end":{"line":15,"column":35}},"13":{"start":{"line":16,"column":19},"end":{"line":16,"column":59}},"14":{"start":{"line":19,"column":8},"end":{"line":19,"column":44}},"15":{"start":{"line":20,"column":8},"end":{"line":20,"column":59}},"16":{"start":{"line":21,"column":8},"end":{"line":21,"column":47}},"17":{"start":{"line":22,"column":8},"end":{"line":22,"column":72}},"18":{"start":{"line":23,"column":8},"end":{"line":23,"column":44}},"19":{"start":{"line":24,"column":8},"end":{"line":24,"column":66}},"20":{"start":{"line":25,"column":8},"end":{"line":25,"column":62}},"21":{"start":{"line":26,"column":8},"end":{"line":26,"column":62}},"22":{"start":{"line":27,"column":8},"end":{"line":27,"column":47}},"23":{"start":{"line":30,"column":8},"end":{"line":32,"column":11}},"24":{"start":{"line":31,"column":12},"end":{"line":31,"column":71}},"25":{"start":{"line":35,"column":0},"end":{"line":35,"column":53}},"26":{"start":{"line":36,"column":15},"end":{"line":36,"column":27}},"27":{"start":{"line":37,"column":0},"end":{"line":37,"column":15}},"28":{"start":{"line":38,"column":0},"end":{"line":38,"column":29}}},"fnMap":{"0":{"name":"(anonymous_0)","decl":{"start":{"line":2,"column":56},"end":{"line":2,"column":57}},"loc":{"start":{"line":2,"column":71},"end":{"line":4,"column":1}},"line":2},"1":{"name":"(anonymous_1)","decl":{"start":{"line":18,"column":4},"end":{"line":18,"column":5}},"loc":{"start":{"line":18,"column":18},"end":{"line":28,"column":5}},"line":18},"2":{"name":"(anonymous_2)","decl":{"start":{"line":29,"column":4},"end":{"line":29,"column":5}},"loc":{"start":{"line":29,"column":12},"end":{"line":33,"column":5}},"line":29},"3":{"name":"(anonymous_3)","decl":{"start":{"line":30,"column":30},"end":{"line":30,"column":31}},"loc":{"start":{"line":30,"column":36},"end":{"line":32,"column":9}},"line":30}},"branchMap":{"0":{"loc":{"start":{"line":2,"column":22},"end":{"line":4,"column":1}},"type":"binary-expr","locations":[{"start":{"line":2,"column":23},"end":{"line":2,"column":27}},{"start":{"line":2,"column":31},"end":{"line":2,"column":51}},{"start":{"line":2,"column":56},"end":{"line":4,"column":1}}],"line":2},"1":{"loc":{"start":{"line":3,"column":11},"end":{"line":3,"column":61}},"type":"cond-expr","locations":[{"start":{"line":3,"column":37},"end":{"line":3,"column":40}},{"start":{"line":3,"column":43},"end":{"line":3,"column":61}}],"line":3},"2":{"loc":{"start":{"line":3,"column":12},"end":{"line":3,"column":33}},"type":"binary-expr","locations":[{"start":{"line":3,"column":12},"end":{"line":3,"column":15}},{"start":{"line":3,"column":19},"end":{"line":3,"column":33}}],"line":3},"3":{"loc":{"start":{"line":15,"column":8},"end":{"line":15,"column":19}},"type":"default-arg","locations":[{"start":{"line":15,"column":15},"end":{"line":15,"column":19}}],"line":15}},"s":{"0":1,"1":8,"2":1,"3":1,"4":1,"5":1,"6":1,"7":1,"8":1,"9":1,"10":1,"11":1,"12":1,"13":1,"14":1,"15":1,"16":1,"17":1,"18":1,"19":1,"20":1,"21":1,"22":1,"23":1,"24":1,"25":1,"26":1,"27":1,"28":1},"f":{"0":8,"1":1,"2":1,"3":1},"b":{"0":[1,1,1],"1":[4,4],"2":[8,8],"3":[1]},"inputSourceMap":{"version":3,"file":"C:/Users/Saifulloh/Documents/Personal/SYNRGY-BINAR/Chapter_8/final_challenge/backend/app/server.ts","sources":["C:/Users/Saifulloh/Documents/Personal/SYNRGY-BINAR/Chapter_8/final_challenge/backend/app/server.ts"],"names":[],"mappings":";;;;;AAAA,sDAAgD;AAChD,oDAA4B;AAC5B,gDAAwB;AACxB,gDAAwB;AACxB,gBAAM,CAAC,MAAM,EAAE,CAAC;AAEhB,uEAA+C;AAC/C,mEAA2C;AAC3C,mEAA2C;AAC3C,8DAA0C;AAE1C,MAAM,EAAE,IAAI,GAAG,IAAI,EAAE,GAAG,OAAO,CAAC,GAAG,CAAC;AACpC,MAAM,UAAU,GAAG,cAAI,CAAC,IAAI,CAAC,SAAS,EAAE,QAAQ,CAAC,CAAC;AAElD,MAAM,MAAM;IAGV;QACE,IAAI,CAAC,GAAG,GAAG,IAAA,iBAAO,GAAE,CAAC;QACrB,IAAI,CAAC,GAAG,CAAC,GAAG,CAAC,iBAAO,CAAC,MAAM,CAAC,UAAU,CAAC,CAAC,CAAC;QACzC,IAAI,CAAC,GAAG,CAAC,GAAG,CAAC,iBAAO,CAAC,IAAI,EAAE,CAAC,CAAC;QAC7B,IAAI,CAAC,GAAG,CAAC,GAAG,CAAC,iBAAO,CAAC,UAAU,CAAC,EAAE,QAAQ,EAAE,KAAK,EAAE,CAAC,CAAC,CAAC;QACtD,IAAI,CAAC,GAAG,CAAC,GAAG,CAAC,IAAA,cAAI,GAAE,CAAC,CAAC;QAErB,IAAI,CAAC,GAAG,CAAC,GAAG,CAAC,aAAa,EAAE,mBAAS,CAAC,MAAM,EAAE,CAAC,CAAC;QAChD,IAAI,CAAC,GAAG,CAAC,GAAG,CAAC,WAAW,EAAE,iBAAO,CAAC,MAAM,EAAE,CAAC,CAAC;QAC5C,IAAI,CAAC,GAAG,CAAC,GAAG,CAAC,WAAW,EAAE,iBAAO,CAAC,MAAM,EAAE,CAAC,CAAC;QAE5C,IAAA,iBAAW,EAAC,IAAI,CAAC,GAAG,EAAE,IAAI,CAAC,CAAC;IAC9B,CAAC;IAEM,KAAK;QACV,IAAI,CAAC,GAAG,CAAC,MAAM,CAAC,IAAI,EAAE,GAAG,EAAE;YACzB,OAAO,CAAC,GAAG,CAAC,uCAAuC,EAAE,IAAI,CAAC,CAAC;QAC7D,CAAC,CAAC,CAAC;IACL,CAAC;CACF;AAED,OAAO,CAAC,GAAG,CAAC,aAAa,EAAE,OAAO,CAAC,GAAG,CAAC,YAAY,CAAC,CAAC;AAErD,MAAM,MAAM,GAAG,IAAI,MAAM,EAAE,CAAC;AAC5B,MAAM,CAAC,KAAK,EAAE,CAAC;AAEf,kBAAe,MAAM,CAAC,GAAG,CAAC","sourcesContent":["import express, { type Express } from 'express';\nimport dotenv from 'dotenv';\nimport path from 'path';\nimport cors from 'cors';\ndotenv.config();\n\nimport HealthApi from './routes/api/healthApi';\nimport CarsApi from './routes/api/carsApi';\nimport AuthApi from './routes/api/authApi';\nimport swaggerDocs from './utils/swagger';\n\nconst { PORT = 8060 } = process.env;\nconst PUBLIC_DIR = path.join(__dirname, 'public');\n\nclass Server {\n  public readonly app: Express;\n\n  constructor() {\n    this.app = express();\n    this.app.use(express.static(PUBLIC_DIR));\n    this.app.use(express.json());\n    this.app.use(express.urlencoded({ extended: false }));\n    this.app.use(cors());\n\n    this.app.use('/api/health', HealthApi.routes());\n    this.app.use('/api/cars', CarsApi.routes());\n    this.app.use('/api/user', AuthApi.routes());\n\n    swaggerDocs(this.app, 8000);\n  }\n\n  public start(): void {\n    this.app.listen(PORT, () => {\n      console.log('Server running on http://localhost:%s', PORT);\n    });\n  }\n}\n\nconsole.log('Env URL >>>', process.env.DATABASE_URL);\n\nconst server = new Server();\nserver.start();\n\nexport default server.app;\n"]},"_coverageSchema":"1a1c01bbd47fc00a2c39e90264f33305004495a9","hash":"ccdbb536ba8f6851452edff34ca840d1671ab9b4","contentHash":"a95cbf763701d0a789434295990fba3aed4ef1180dc32bd3dfb098a8277c88ec"},"C:\\Users\\Saifulloh\\Documents\\Personal\\SYNRGY-BINAR\\Chapter_8\\final_challenge\\backend\\app\\routes\\api\\healthApi.ts":{"path":"C:\\Users\\Saifulloh\\Documents\\Personal\\SYNRGY-BINAR\\Chapter_8\\final_challenge\\backend\\app\\routes\\api\\healthApi.ts","statementMap":{"0":{"start":{"line":2,"column":22},"end":{"line":4,"column":1}},"1":{"start":{"line":3,"column":4},"end":{"line":3,"column":62}},"2":{"start":{"line":5,"column":0},"end":{"line":5,"column":62}},"3":{"start":{"line":6,"column":18},"end":{"line":6,"column":36}},"4":{"start":{"line":7,"column":27},"end":{"line":7,"column":96}},"5":{"start":{"line":10,"column":8},"end":{"line":10,"column":46}},"6":{"start":{"line":24,"column":8},"end":{"line":30,"column":11}},"7":{"start":{"line":25,"column":27},"end":{"line":25,"column":75}},"8":{"start":{"line":26,"column":12},"end":{"line":29,"column":15}},"9":{"start":{"line":31,"column":8},"end":{"line":31,"column":27}},"10":{"start":{"line":34,"column":0},"end":{"line":34,"column":34}}},"fnMap":{"0":{"name":"(anonymous_0)","decl":{"start":{"line":2,"column":56},"end":{"line":2,"column":57}},"loc":{"start":{"line":2,"column":71},"end":{"line":4,"column":1}},"line":2},"1":{"name":"(anonymous_1)","decl":{"start":{"line":9,"column":4},"end":{"line":9,"column":5}},"loc":{"start":{"line":9,"column":18},"end":{"line":11,"column":5}},"line":9},"2":{"name":"(anonymous_2)","decl":{"start":{"line":12,"column":4},"end":{"line":12,"column":5}},"loc":{"start":{"line":12,"column":13},"end":{"line":32,"column":5}},"line":12},"3":{"name":"(anonymous_3)","decl":{"start":{"line":24,"column":29},"end":{"line":24,"column":30}},"loc":{"start":{"line":24,"column":43},"end":{"line":30,"column":9}},"line":24}},"branchMap":{"0":{"loc":{"start":{"line":2,"column":22},"end":{"line":4,"column":1}},"type":"binary-expr","locations":[{"start":{"line":2,"column":23},"end":{"line":2,"column":27}},{"start":{"line":2,"column":31},"end":{"line":2,"column":51}},{"start":{"line":2,"column":56},"end":{"line":4,"column":1}}],"line":2},"1":{"loc":{"start":{"line":3,"column":11},"end":{"line":3,"column":61}},"type":"cond-expr","locations":[{"start":{"line":3,"column":37},"end":{"line":3,"column":40}},{"start":{"line":3,"column":43},"end":{"line":3,"column":61}}],"line":3},"2":{"loc":{"start":{"line":3,"column":12},"end":{"line":3,"column":33}},"type":"binary-expr","locations":[{"start":{"line":3,"column":12},"end":{"line":3,"column":15}},{"start":{"line":3,"column":19},"end":{"line":3,"column":33}}],"line":3}},"s":{"0":1,"1":1,"2":1,"3":1,"4":1,"5":1,"6":1,"7":0,"8":0,"9":1,"10":1},"f":{"0":1,"1":1,"2":1,"3":0},"b":{"0":[1,1,1],"1":[1,0],"2":[1,1]},"inputSourceMap":{"version":3,"file":"C:/Users/Saifulloh/Documents/Personal/SYNRGY-BINAR/Chapter_8/final_challenge/backend/app/routes/api/healthApi.ts","sources":["C:/Users/Saifulloh/Documents/Personal/SYNRGY-BINAR/Chapter_8/final_challenge/backend/app/routes/api/healthApi.ts"],"names":[],"mappings":";;;;;AAAA,qCAA8D;AAC9D,iGAAyE,CAAC,iBAAiB;AAE3F,MAAM,SAAS;IAGb;QACE,IAAI,CAAC,MAAM,GAAG,IAAA,gBAAM,GAAE,CAAC;IACzB,CAAC;IAED,MAAM;QACJ;;;;;;;;;;WAUG;QAEH,IAAI,CAAC,MAAM,CAAC,GAAG,CAAC,GAAG,EAAE,CAAC,GAAY,EAAE,GAAa,EAAE,EAAE;YACnD,MAAM,MAAM,GAAG,0BAAgB,CAAC,WAAW,CAAC,GAAG,EAAE,GAAG,CAAC,CAAC;YACtD,GAAG,CAAC,IAAI,CAAC;gBACP,MAAM,EAAE,MAAM;gBACd,MAAM,EAAE,GAAG;aACZ,CAAC,CAAC;QACL,CAAC,CAAC,CAAC;QAEH,OAAO,IAAI,CAAC,MAAM,CAAC;IACrB,CAAC;CACF;AAED,kBAAe,IAAI,SAAS,EAAE,CAAC","sourcesContent":["import { type Request, type Response, Router } from 'express';\nimport HealthController from '../../controllers/Health/healthController'; // Correct import\n\nclass HealthApi {\n  private readonly router: Router;\n\n  constructor() {\n    this.router = Router();\n  }\n\n  routes() {\n    /**\n     * @openapi\n     * /api/cars/healthcheck:\n     *  get:\n     *     tags:\n     *     - Healthcheck\n     *     description: Responds if the app is up and running\n     *     responses:\n     *       200:\n     *         description: App is up and running\n     */\n\n    this.router.get('/', (req: Request, res: Response) => {\n      const result = HealthController.healthCheck(req, res);\n      res.json({\n        health: result,\n        status: 200\n      });\n    });\n\n    return this.router;\n  }\n}\n\nexport default new HealthApi();\n"]},"_coverageSchema":"1a1c01bbd47fc00a2c39e90264f33305004495a9","hash":"1b870bba292084ca3ad1f69e320f50604694695f","contentHash":"3158c18a29204ba0b1aa6dbde749f3fd82526ba5495287761b52952d6b2f9320"},"C:\\Users\\Saifulloh\\Documents\\Personal\\SYNRGY-BINAR\\Chapter_8\\final_challenge\\backend\\app\\controllers\\Health\\healthController.ts":{"path":"C:\\Users\\Saifulloh\\Documents\\Personal\\SYNRGY-BINAR\\Chapter_8\\final_challenge\\backend\\app\\controllers\\Health\\healthController.ts","statementMap":{"0":{"start":{"line":2,"column":16},"end":{"line":10,"column":1}},"1":{"start":{"line":3,"column":28},"end":{"line":3,"column":110}},"2":{"start":{"line":3,"column":91},"end":{"line":3,"column":106}},"3":{"start":{"line":4,"column":4},"end":{"line":9,"column":7}},"4":{"start":{"line":5,"column":36},"end":{"line":5,"column":97}},"5":{"start":{"line":5,"column":42},"end":{"line":5,"column":70}},"6":{"start":{"line":5,"column":85},"end":{"line":5,"column":95}},"7":{"start":{"line":6,"column":35},"end":{"line":6,"column":100}},"8":{"start":{"line":6,"column":41},"end":{"line":6,"column":73}},"9":{"start":{"line":6,"column":88},"end":{"line":6,"column":98}},"10":{"start":{"line":7,"column":32},"end":{"line":7,"column":116}},"11":{"start":{"line":8,"column":8},"end":{"line":8,"column":78}},"12":{"start":{"line":11,"column":0},"end":{"line":11,"column":62}},"13":{"start":{"line":15,"column":8},"end":{"line":15,"column":28}},"14":{"start":{"line":18,"column":8},"end":{"line":18,"column":20}},"15":{"start":{"line":21,"column":8},"end":{"line":23,"column":11}},"16":{"start":{"line":22,"column":12},"end":{"line":22,"column":47}},"17":{"start":{"line":26,"column":0},"end":{"line":26,"column":41}}},"fnMap":{"0":{"name":"(anonymous_0)","decl":{"start":{"line":2,"column":44},"end":{"line":2,"column":45}},"loc":{"start":{"line":2,"column":89},"end":{"line":10,"column":1}},"line":2},"1":{"name":"adopt","decl":{"start":{"line":3,"column":13},"end":{"line":3,"column":18}},"loc":{"start":{"line":3,"column":26},"end":{"line":3,"column":112}},"line":3},"2":{"name":"(anonymous_2)","decl":{"start":{"line":3,"column":70},"end":{"line":3,"column":71}},"loc":{"start":{"line":3,"column":89},"end":{"line":3,"column":108}},"line":3},"3":{"name":"(anonymous_3)","decl":{"start":{"line":4,"column":36},"end":{"line":4,"column":37}},"loc":{"start":{"line":4,"column":63},"end":{"line":9,"column":5}},"line":4},"4":{"name":"fulfilled","decl":{"start":{"line":5,"column":17},"end":{"line":5,"column":26}},"loc":{"start":{"line":5,"column":34},"end":{"line":5,"column":99}},"line":5},"5":{"name":"rejected","decl":{"start":{"line":6,"column":17},"end":{"line":6,"column":25}},"loc":{"start":{"line":6,"column":33},"end":{"line":6,"column":102}},"line":6},"6":{"name":"step","decl":{"start":{"line":7,"column":17},"end":{"line":7,"column":21}},"loc":{"start":{"line":7,"column":30},"end":{"line":7,"column":118}},"line":7},"7":{"name":"(anonymous_7)","decl":{"start":{"line":13,"column":4},"end":{"line":13,"column":5}},"loc":{"start":{"line":13,"column":18},"end":{"line":13,"column":21}},"line":13},"8":{"name":"(anonymous_8)","decl":{"start":{"line":14,"column":4},"end":{"line":14,"column":5}},"loc":{"start":{"line":14,"column":26},"end":{"line":16,"column":5}},"line":14},"9":{"name":"(anonymous_9)","decl":{"start":{"line":17,"column":4},"end":{"line":17,"column":5}},"loc":{"start":{"line":17,"column":22},"end":{"line":19,"column":5}},"line":17},"10":{"name":"(anonymous_10)","decl":{"start":{"line":20,"column":4},"end":{"line":20,"column":5}},"loc":{"start":{"line":20,"column":23},"end":{"line":24,"column":5}},"line":20},"11":{"name":"(anonymous_11)","decl":{"start":{"line":21,"column":47},"end":{"line":21,"column":48}},"loc":{"start":{"line":21,"column":60},"end":{"line":23,"column":9}},"line":21}},"branchMap":{"0":{"loc":{"start":{"line":2,"column":16},"end":{"line":10,"column":1}},"type":"binary-expr","locations":[{"start":{"line":2,"column":17},"end":{"line":2,"column":21}},{"start":{"line":2,"column":25},"end":{"line":2,"column":39}},{"start":{"line":2,"column":44},"end":{"line":10,"column":1}}],"line":2},"1":{"loc":{"start":{"line":3,"column":35},"end":{"line":3,"column":109}},"type":"cond-expr","locations":[{"start":{"line":3,"column":56},"end":{"line":3,"column":61}},{"start":{"line":3,"column":64},"end":{"line":3,"column":109}}],"line":3},"2":{"loc":{"start":{"line":4,"column":16},"end":{"line":4,"column":34}},"type":"binary-expr","locations":[{"start":{"line":4,"column":16},"end":{"line":4,"column":17}},{"start":{"line":4,"column":22},"end":{"line":4,"column":33}}],"line":4},"3":{"loc":{"start":{"line":7,"column":32},"end":{"line":7,"column":115}},"type":"cond-expr","locations":[{"start":{"line":7,"column":46},"end":{"line":7,"column":67}},{"start":{"line":7,"column":70},"end":{"line":7,"column":115}}],"line":7},"4":{"loc":{"start":{"line":8,"column":51},"end":{"line":8,"column":67}},"type":"binary-expr","locations":[{"start":{"line":8,"column":51},"end":{"line":8,"column":61}},{"start":{"line":8,"column":65},"end":{"line":8,"column":67}}],"line":8}},"s":{"0":1,"1":1,"2":0,"3":1,"4":1,"5":1,"6":0,"7":0,"8":0,"9":0,"10":2,"11":1,"12":1,"13":0,"14":1,"15":1,"16":1,"17":1},"f":{"0":1,"1":1,"2":0,"3":1,"4":1,"5":0,"6":2,"7":1,"8":0,"9":1,"10":1,"11":1},"b":{"0":[1,1,1],"1":[1,0],"2":[1,1],"3":[1,1],"4":[1,1]},"inputSourceMap":{"version":3,"file":"C:/Users/Saifulloh/Documents/Personal/SYNRGY-BINAR/Chapter_8/final_challenge/backend/app/controllers/Health/healthController.ts","sources":["C:/Users/Saifulloh/Documents/Personal/SYNRGY-BINAR/Chapter_8/final_challenge/backend/app/controllers/Health/healthController.ts"],"names":[],"mappings":";;;;;;;;;;;AAQA,MAAM,gBAAgB;IACpB,gBAAe,CAAC;IAEhB,WAAW,CAAC,GAAY,EAAE,GAAa;QACrC,GAAG,CAAC,UAAU,CAAC,GAAG,CAAC,CAAC;IACtB,CAAC;IAED,eAAe;QACb,OAAO,IAAI,CAAC;IACd,CAAC;IAEK,gBAAgB;;YACpB,OAAO,MAAM,OAAO,CAAC,OAAO,CAAC,IAAI,CAAC,CAAC;QACrC,CAAC;KAAA;CACF;AAED,kBAAe,IAAI,gBAAgB,EAAE,CAAC","sourcesContent":["import { type Request, type Response } from 'express';\n\ninterface IHealthController {\n  healthCheck: (req: Request, res: Response) => void;\n  healthCheckSync: () => string;\n  healthCheckAsync: () => Promise<string>;\n}\n\nclass HealthController implements IHealthController {\n  constructor() {}\n\n  healthCheck(req: Request, res: Response): void {\n    res.sendStatus(200);\n  }\n\n  healthCheckSync(): string {\n    return 'OK';\n  }\n\n  async healthCheckAsync(): Promise<string> {\n    return await Promise.resolve('OK');\n  }\n}\n\nexport default new HealthController();\n"]},"_coverageSchema":"1a1c01bbd47fc00a2c39e90264f33305004495a9","hash":"353b9f5f558595203a66adf3e438bfb34739e873","contentHash":"620ae437ef8912b07cd18eab4a7bbab0e7570c3fdb9bb78dee4cb3453c8270a6"},"C:\\Users\\Saifulloh\\Documents\\Personal\\SYNRGY-BINAR\\Chapter_8\\final_challenge\\backend\\app\\routes\\api\\carsApi.ts":{"path":"C:\\Users\\Saifulloh\\Documents\\Personal\\SYNRGY-BINAR\\Chapter_8\\final_challenge\\backend\\app\\routes\\api\\carsApi.ts","statementMap":{"0":{"start":{"line":2,"column":22},"end":{"line":4,"column":1}},"1":{"start":{"line":3,"column":4},"end":{"line":3,"column":62}},"2":{"start":{"line":5,"column":0},"end":{"line":5,"column":62}},"3":{"start":{"line":6,"column":18},"end":{"line":6,"column":36}},"4":{"start":{"line":7,"column":25},"end":{"line":7,"column":90}},"5":{"start":{"line":8,"column":16},"end":{"line":8,"column":62}},"6":{"start":{"line":9,"column":15},"end":{"line":9,"column":65}},"7":{"start":{"line":12,"column":8},"end":{"line":12,"column":46}},"8":{"start":{"line":26,"column":8},"end":{"line":26,"column":60}},"9":{"start":{"line":83,"column":8},"end":{"line":83,"column":94}},"10":{"start":{"line":140,"column":8},"end":{"line":140,"column":142}},"11":{"start":{"line":206,"column":8},"end":{"line":206,"column":67}},"12":{"start":{"line":207,"column":8},"end":{"line":207,"column":142}},"13":{"start":{"line":208,"column":8},"end":{"line":208,"column":103}},"14":{"start":{"line":209,"column":8},"end":{"line":209,"column":27}},"15":{"start":{"line":212,"column":0},"end":{"line":212,"column":32}}},"fnMap":{"0":{"name":"(anonymous_0)","decl":{"start":{"line":2,"column":56},"end":{"line":2,"column":57}},"loc":{"start":{"line":2,"column":71},"end":{"line":4,"column":1}},"line":2},"1":{"name":"(anonymous_1)","decl":{"start":{"line":11,"column":4},"end":{"line":11,"column":5}},"loc":{"start":{"line":11,"column":18},"end":{"line":13,"column":5}},"line":11},"2":{"name":"(anonymous_2)","decl":{"start":{"line":14,"column":4},"end":{"line":14,"column":5}},"loc":{"start":{"line":14,"column":13},"end":{"line":210,"column":5}},"line":14}},"branchMap":{"0":{"loc":{"start":{"line":2,"column":22},"end":{"line":4,"column":1}},"type":"binary-expr","locations":[{"start":{"line":2,"column":23},"end":{"line":2,"column":27}},{"start":{"line":2,"column":31},"end":{"line":2,"column":51}},{"start":{"line":2,"column":56},"end":{"line":4,"column":1}}],"line":2},"1":{"loc":{"start":{"line":3,"column":11},"end":{"line":3,"column":61}},"type":"cond-expr","locations":[{"start":{"line":3,"column":37},"end":{"line":3,"column":40}},{"start":{"line":3,"column":43},"end":{"line":3,"column":61}}],"line":3},"2":{"loc":{"start":{"line":3,"column":12},"end":{"line":3,"column":33}},"type":"binary-expr","locations":[{"start":{"line":3,"column":12},"end":{"line":3,"column":15}},{"start":{"line":3,"column":19},"end":{"line":3,"column":33}}],"line":3}},"s":{"0":1,"1":3,"2":1,"3":1,"4":1,"5":1,"6":1,"7":1,"8":1,"9":1,"10":1,"11":1,"12":1,"13":1,"14":1,"15":1},"f":{"0":3,"1":1,"2":1},"b":{"0":[1,1,1],"1":[3,0],"2":[3,3]},"inputSourceMap":{"version":3,"file":"C:/Users/Saifulloh/Documents/Personal/SYNRGY-BINAR/Chapter_8/final_challenge/backend/app/routes/api/carsApi.ts","sources":["C:/Users/Saifulloh/Documents/Personal/SYNRGY-BINAR/Chapter_8/final_challenge/backend/app/routes/api/carsApi.ts"],"names":[],"mappings":";;;;;AAAA,qCAAiC;AAEjC,2FAAmE;AACnE,+DAAuC;AAEvC,kEAAoD;AAEpD,MAAM,OAAO;IAGX;QACE,IAAI,CAAC,MAAM,GAAG,IAAA,gBAAM,GAAE,CAAC;IACzB,CAAC;IAED,MAAM;QACJ;;;;;;;;;;WAUG;QACH,IAAI,CAAC,MAAM,CAAC,GAAG,CAAC,GAAG,EAAE,wBAAc,CAAC,IAAI,CAAC,CAAC,CAAC,kBAAkB;QAE7D;;;;;;;;;;;;;;;;;;;;;;;;;;;;;;;;;;;;;;;;;;;;;;;;;;;;;;;WAuDG;QACH,IAAI,CAAC,MAAM,CAAC,IAAI,CAAC,GAAG,EAAE,cAAc,CAAC,cAAc,EAAE,wBAAc,CAAC,MAAM,CAAC,CAAC,CAAC,oBAAoB;QAEjG;;;;;;;;;;;;;;;;;;;;;;;;;;;;;;;;;;;;;;;;;;;;;;;;;;;;;;;WAuDG;QACH,IAAI,CAAC,MAAM,CAAC,IAAI,CACd,SAAS,EACT,CAAC,cAAc,CAAC,cAAc,EAAE,eAAK,CAAC,MAAM,CAAC,MAAM,CAAC,OAAO,CAAC,CAAC,EAC7D,wBAAc,CAAC,MAAM,CACtB,CAAC;QAEF;;;;;;;;;;;;;;;;;;;;;;;;;;;;;;;;;;;;;;;;;;;;;;;;;;;;;;;;;;;;;;;;WAgEG;QACH,IAAI,CAAC,MAAM,CAAC,GAAG,CAAC,UAAU,EAAE,wBAAc,CAAC,IAAI,CAAC,CAAC,CAAC,sCAAsC;QACxF,IAAI,CAAC,MAAM,CAAC,GAAG,CACb,UAAU,EACV,CAAC,cAAc,CAAC,cAAc,EAAE,eAAK,CAAC,MAAM,CAAC,MAAM,CAAC,OAAO,CAAC,CAAC,EAC7D,wBAAc,CAAC,MAAM,CACtB,CAAC,CAAC,4CAA4C;QAC/C,IAAI,CAAC,MAAM,CAAC,MAAM,CAAC,UAAU,EAAE,cAAc,CAAC,cAAc,EAAE,wBAAc,CAAC,MAAM,CAAC,CAAC,CAAC,wCAAwC;QAE9H,OAAO,IAAI,CAAC,MAAM,CAAC;IACrB,CAAC;CACF;AAED,kBAAe,IAAI,OAAO,EAAE,CAAC","sourcesContent":["import { Router } from 'express';\n\nimport CarsController from '../../controllers/Cars/carsController';\nimport Media from '../../config/media';\n\nimport AuthMiddleware from '../../middlewares/auth';\n\nclass CarsApi {\n  private readonly router: Router;\n\n  constructor() {\n    this.router = Router();\n  }\n\n  routes() {\n    /**\n     * @openapi\n     * /api/cars/:\n     *  get:\n     *     tags:\n     *     - CRUD - List All Cars\n     *     description: Responds if the app is up and running\n     *     responses:\n     *       200:\n     *         description: App is up and running\n     */\n    this.router.get('/', CarsController.list); // /api/books READ\n\n    /**\n     * @openapi\n     * '/api/cars/':\n     *   post:\n     *     tags:\n     *       - CRUD - Create New Car\n     *     summary: Create a new car\n     *     requestBody:\n     *       required: true\n     *       content:\n     *         application/json:\n     *           schema:\n     *             type: object\n     *             $ref: '#/components/schema/Car'\n     *     responses:\n     *       201:\n     *         description: Car created\n     *         content:\n     *           application/json:\n     *             schema:\n     *               $ref: '#/components/schema/CarResponse'\n     *     examples:\n     *       carExample:\n     *         summary: Example of a car object\n     *         value:\n     *           plate: IDN-5442\n     *           manufacture: Honda\n     *           model: Civic\n     *           image: ./images/car25.min.jpg\n     *           rentPerDay: 1000000\n     *           capacity: 2\n     *           description: Electric speed-sensitive variable-assist pwr steering. Steel side-door impact beams. Dual bright exhaust tips.\n     *           availableAt: 2022-03-23T15:49:05.563Z\n     *           transmission: CVT\n     *           available: false\n     *           type: Wagon\n     *           year: 2015\n     *           options:\n     *             - CD (Single Disc)\n     *             - Airbag: Passenger\n     *             - A/C: Front\n     *             - Power Locks\n     *             - Navigation\n     *             - Rear Window Defroster\n     *             - Rear Window Defroster\n     *             - MP3 (Single Disc)\n     *             - Airbag: Side\n     *           created_by: 1\n     *           updated_by: 1\n     *           specs:\n     *             - Electric speed-sensitive variable-assist pwr steering\n     *             - Steel side-door impact beams\n     *             - Dual bright exhaust tips\n     *             - Remote fuel lid release\n     *             - Traveler/mini trip computer\n     */\n    this.router.post('/', AuthMiddleware.authorizeAdmin, CarsController.create); // /api/books CREATE\n\n    /**\n     * @openapi\n     * '/api/cars/upload':\n     *   post:\n     *     tags:\n     *       - CRUD - Upload Car Image\n     *     summary: Create a new car\n     *     requestBody:\n     *       required: true\n     *       content:\n     *         multipart/form-data:\n     *           schema:\n     *             type: object\n     *             $ref: '#/components/schema/CarUpload'\n     *     responses:\n     *       201:\n     *         description: Car created\n     *         content:\n     *           application/json:\n     *             schema:\n     *               $ref: '#/components/schema/CarUploadResponse'\n     *     examples:\n     *       carExample:\n     *         summary: Example of a car object\n     *         value:\n     *           plate: IDN-5442\n     *           manufacture: Honda\n     *           model: Civic\n     *           image: ./images/car25.min.jpg\n     *           rentPerDay: 1000000\n     *           capacity: 2\n     *           description: Electric speed-sensitive variable-assist pwr steering. Steel side-door impact beams. Dual bright exhaust tips.\n     *           availableAt: 2022-03-23T15:49:05.563Z\n     *           transmission: CVT\n     *           available: false\n     *           type: Wagon\n     *           year: 2015\n     *           options:\n     *             - CD (Single Disc)\n     *             - Airbag: Passenger\n     *             - A/C: Front\n     *             - Power Locks\n     *             - Navigation\n     *             - Rear Window Defroster\n     *             - Rear Window Defroster\n     *             - MP3 (Single Disc)\n     *             - Airbag: Side\n     *           created_by: 1\n     *           updated_by: 1\n     *           specs:\n     *             - Electric speed-sensitive variable-assist pwr steering\n     *             - Steel side-door impact beams\n     *             - Dual bright exhaust tips\n     *             - Remote fuel lid release\n     *             - Traveler/mini trip computer\n     */\n    this.router.post(\n      '/upload',\n      [AuthMiddleware.authorizeAdmin, Media.upload.single('image')],\n      CarsController.upload\n    );\n\n    /**\n     * @openapi\n     * '/api/cars/{car_id}':\n     *  get:\n     *     tags:\n     *     - Cars\n     *     summary: Get a single car by the car_id\n     *     parameters:\n     *      - name: car_id\n     *        in: path\n     *        description: The id of the car\n     *        required: true\n     *     responses:\n     *       200:\n     *         description: Success\n     *         content:\n     *          application/json:\n     *           schema:\n     *              $ref: '#/components/schema/CarResponse'\n     *       404:\n     *         description: Product not found\n     *  put:\n     *     tags:\n     *     - Car\n     *     summary: Update a single car\n     *     parameters:\n     *      - name: car_id\n     *        in: path\n     *        description: The id of the car\n     *        required: true\n     *     requestBody:\n     *       required: true\n     *       content:\n     *         multipart/form-data:\n     *           schema:\n     *             type: object\n     *             $ref: '#/components/schema/Car'\n     *     responses:\n     *       200:\n     *         description: Success\n     *         content:\n     *          application/json:\n     *           schema:\n     *              $ref: '#/components/schema/CarResponse'\n     *       403:\n     *         description: Forbidden\n     *       404:\n     *         description: Product not found\n     *  delete:\n     *     tags:\n     *     - Car\n     *     summary: Delete a single car\n     *     parameters:\n     *      - name: car_id\n     *        in: path\n     *        description: The id of the car\n     *        required: true\n     *     responses:\n     *       200:\n     *         description: Product deleted\n     *       403:\n     *         description: Forbidden\n     *       404:\n     *         description: Product not found\n     */\n    this.router.get('/:car_id', CarsController.show); // /api/books/1 -> /api/books/:id READ\n    this.router.put(\n      '/:car_id',\n      [AuthMiddleware.authorizeAdmin, Media.upload.single('image')],\n      CarsController.update\n    ); // /api/books/1 -> /api/books/:car_id UPDATE\n    this.router.delete('/:car_id', AuthMiddleware.authorizeAdmin, CarsController.delete); // /api/books/1 -> /api/books/:id DELETE\n\n    return this.router;\n  }\n}\n\nexport default new CarsApi();\n"]},"_coverageSchema":"1a1c01bbd47fc00a2c39e90264f33305004495a9","hash":"b68e1077218cbd26c7139c4e46068b86c01665f8","contentHash":"d574af5de70d79f96b06e04299a969bc911b938e9da965f3d462cc59d8f07a45"},"C:\\Users\\Saifulloh\\Documents\\Personal\\SYNRGY-BINAR\\Chapter_8\\final_challenge\\backend\\app\\controllers\\Cars\\carsController.ts":{"path":"C:\\Users\\Saifulloh\\Documents\\Personal\\SYNRGY-BINAR\\Chapter_8\\final_challenge\\backend\\app\\controllers\\Cars\\carsController.ts","statementMap":{"0":{"start":{"line":2,"column":16},"end":{"line":10,"column":1}},"1":{"start":{"line":3,"column":28},"end":{"line":3,"column":110}},"2":{"start":{"line":3,"column":91},"end":{"line":3,"column":106}},"3":{"start":{"line":4,"column":4},"end":{"line":9,"column":7}},"4":{"start":{"line":5,"column":36},"end":{"line":5,"column":97}},"5":{"start":{"line":5,"column":42},"end":{"line":5,"column":70}},"6":{"start":{"line":5,"column":85},"end":{"line":5,"column":95}},"7":{"start":{"line":6,"column":35},"end":{"line":6,"column":100}},"8":{"start":{"line":6,"column":41},"end":{"line":6,"column":73}},"9":{"start":{"line":6,"column":88},"end":{"line":6,"column":98}},"10":{"start":{"line":7,"column":32},"end":{"line":7,"column":116}},"11":{"start":{"line":8,"column":8},"end":{"line":8,"column":78}},"12":{"start":{"line":11,"column":22},"end":{"line":13,"column":1}},"13":{"start":{"line":12,"column":4},"end":{"line":12,"column":62}},"14":{"start":{"line":14,"column":0},"end":{"line":14,"column":62}},"15":{"start":{"line":15,"column":22},"end":{"line":15,"column":76}},"16":{"start":{"line":16,"column":22},"end":{"line":16,"column":76}},"17":{"start":{"line":17,"column":26},"end":{"line":17,"column":81}},"18":{"start":{"line":18,"column":16},"end":{"line":18,"column":62}},"19":{"start":{"line":19,"column":20},"end":{"line":24,"column":1}},"20":{"start":{"line":28,"column":8},"end":{"line":47,"column":11}},"21":{"start":{"line":29,"column":12},"end":{"line":46,"column":13}},"22":{"start":{"line":30,"column":30},"end":{"line":30,"column":39}},"23":{"start":{"line":31,"column":40},"end":{"line":31,"column":79}},"24":{"start":{"line":32,"column":37},"end":{"line":38,"column":18}},"25":{"start":{"line":39,"column":16},"end":{"line":39,"column":36}},"26":{"start":{"line":42,"column":16},"end":{"line":45,"column":19}},"27":{"start":{"line":50,"column":8},"end":{"line":76,"column":11}},"28":{"start":{"line":51,"column":12},"end":{"line":75,"column":13}},"29":{"start":{"line":52,"column":35},"end":{"line":52,"column":45}},"30":{"start":{"line":53,"column":28},"end":{"line":53,"column":81}},"31":{"start":{"line":54,"column":16},"end":{"line":60,"column":17}},"32":{"start":{"line":55,"column":20},"end":{"line":58,"column":23}},"33":{"start":{"line":59,"column":20},"end":{"line":59,"column":27}},"34":{"start":{"line":61,"column":37},"end":{"line":67,"column":18}},"35":{"start":{"line":68,"column":16},"end":{"line":68,"column":36}},"36":{"start":{"line":71,"column":16},"end":{"line":74,"column":19}},"37":{"start":{"line":79,"column":8},"end":{"line":113,"column":11}},"38":{"start":{"line":80,"column":12},"end":{"line":112,"column":13}},"39":{"start":{"line":81,"column":16},"end":{"line":99,"column":17}},"40":{"start":{"line":82,"column":39},"end":{"line":82,"column":73}},"41":{"start":{"line":83,"column":33},"end":{"line":83,"column":81}},"42":{"start":{"line":84,"column":41},"end":{"line":93,"column":22}},"43":{"start":{"line":85,"column":24},"end":{"line":91,"column":25}},"44":{"start":{"line":86,"column":28},"end":{"line":90,"column":31}},"45":{"start":{"line":92,"column":24},"end":{"line":92,"column":38}},"46":{"start":{"line":94,"column":20},"end":{"line":98,"column":23}},"47":{"start":{"line":100,"column":16},"end":{"line":104,"column":19}},"48":{"start":{"line":107,"column":16},"end":{"line":111,"column":19}},"49":{"start":{"line":118,"column":8},"end":{"line":137,"column":11}},"50":{"start":{"line":119,"column":12},"end":{"line":136,"column":13}},"51":{"start":{"line":120,"column":34},"end":{"line":120,"column":52}},"52":{"start":{"line":121,"column":36},"end":{"line":121,"column":61}},"53":{"start":{"line":122,"column":30},"end":{"line":122,"column":98}},"54":{"start":{"line":123,"column":36},"end":{"line":123,"column":84}},"55":{"start":{"line":124,"column":16},"end":{"line":124,"column":60}},"56":{"start":{"line":125,"column":31},"end":{"line":125,"column":75}},"57":{"start":{"line":126,"column":37},"end":{"line":131,"column":18}},"58":{"start":{"line":132,"column":16},"end":{"line":132,"column":36}},"59":{"start":{"line":135,"column":16},"end":{"line":135,"column":28}},"60":{"start":{"line":141,"column":8},"end":{"line":160,"column":11}},"61":{"start":{"line":142,"column":12},"end":{"line":159,"column":13}},"62":{"start":{"line":143,"column":27},"end":{"line":143,"column":91}},"63":{"start":{"line":144,"column":34},"end":{"line":144,"column":52}},"64":{"start":{"line":145,"column":36},"end":{"line":145,"column":61}},"65":{"start":{"line":146,"column":30},"end":{"line":146,"column":98}},"66":{"start":{"line":147,"column":36},"end":{"line":147,"column":84}},"67":{"start":{"line":148,"column":16},"end":{"line":148,"column":60}},"68":{"start":{"line":149,"column":31},"end":{"line":149,"column":93}},"69":{"start":{"line":150,"column":16},"end":{"line":155,"column":19}},"70":{"start":{"line":158,"column":16},"end":{"line":158,"column":28}},"71":{"start":{"line":163,"column":8},"end":{"line":178,"column":11}},"72":{"start":{"line":164,"column":12},"end":{"line":177,"column":13}},"73":{"start":{"line":165,"column":35},"end":{"line":165,"column":45}},"74":{"start":{"line":166,"column":16},"end":{"line":166,"column":73}},"75":{"start":{"line":167,"column":16},"end":{"line":170,"column":19}},"76":{"start":{"line":173,"column":16},"end":{"line":176,"column":19}},"77":{"start":{"line":181,"column":0},"end":{"line":181,"column":39}}},"fnMap":{"0":{"name":"(anonymous_0)","decl":{"start":{"line":2,"column":44},"end":{"line":2,"column":45}},"loc":{"start":{"line":2,"column":89},"end":{"line":10,"column":1}},"line":2},"1":{"name":"adopt","decl":{"start":{"line":3,"column":13},"end":{"line":3,"column":18}},"loc":{"start":{"line":3,"column":26},"end":{"line":3,"column":112}},"line":3},"2":{"name":"(anonymous_2)","decl":{"start":{"line":3,"column":70},"end":{"line":3,"column":71}},"loc":{"start":{"line":3,"column":89},"end":{"line":3,"column":108}},"line":3},"3":{"name":"(anonymous_3)","decl":{"start":{"line":4,"column":36},"end":{"line":4,"column":37}},"loc":{"start":{"line":4,"column":63},"end":{"line":9,"column":5}},"line":4},"4":{"name":"fulfilled","decl":{"start":{"line":5,"column":17},"end":{"line":5,"column":26}},"loc":{"start":{"line":5,"column":34},"end":{"line":5,"column":99}},"line":5},"5":{"name":"rejected","decl":{"start":{"line":6,"column":17},"end":{"line":6,"column":25}},"loc":{"start":{"line":6,"column":33},"end":{"line":6,"column":102}},"line":6},"6":{"name":"step","decl":{"start":{"line":7,"column":17},"end":{"line":7,"column":21}},"loc":{"start":{"line":7,"column":30},"end":{"line":7,"column":118}},"line":7},"7":{"name":"(anonymous_7)","decl":{"start":{"line":11,"column":56},"end":{"line":11,"column":57}},"loc":{"start":{"line":11,"column":71},"end":{"line":13,"column":1}},"line":11},"8":{"name":"(anonymous_8)","decl":{"start":{"line":26,"column":4},"end":{"line":26,"column":5}},"loc":{"start":{"line":26,"column":18},"end":{"line":26,"column":21}},"line":26},"9":{"name":"(anonymous_9)","decl":{"start":{"line":27,"column":4},"end":{"line":27,"column":5}},"loc":{"start":{"line":27,"column":19},"end":{"line":48,"column":5}},"line":27},"10":{"name":"(anonymous_10)","decl":{"start":{"line":28,"column":47},"end":{"line":28,"column":48}},"loc":{"start":{"line":28,"column":60},"end":{"line":47,"column":9}},"line":28},"11":{"name":"(anonymous_11)","decl":{"start":{"line":49,"column":4},"end":{"line":49,"column":5}},"loc":{"start":{"line":49,"column":19},"end":{"line":77,"column":5}},"line":49},"12":{"name":"(anonymous_12)","decl":{"start":{"line":50,"column":47},"end":{"line":50,"column":48}},"loc":{"start":{"line":50,"column":60},"end":{"line":76,"column":9}},"line":50},"13":{"name":"(anonymous_13)","decl":{"start":{"line":78,"column":4},"end":{"line":78,"column":5}},"loc":{"start":{"line":78,"column":21},"end":{"line":114,"column":5}},"line":78},"14":{"name":"(anonymous_14)","decl":{"start":{"line":79,"column":47},"end":{"line":79,"column":48}},"loc":{"start":{"line":79,"column":60},"end":{"line":113,"column":9}},"line":79},"15":{"name":"(anonymous_15)","decl":{"start":{"line":84,"column":93},"end":{"line":84,"column":94}},"loc":{"start":{"line":84,"column":110},"end":{"line":93,"column":21}},"line":84},"16":{"name":"(anonymous_16)","decl":{"start":{"line":116,"column":4},"end":{"line":116,"column":5}},"loc":{"start":{"line":116,"column":27},"end":{"line":138,"column":5}},"line":116},"17":{"name":"(anonymous_17)","decl":{"start":{"line":118,"column":47},"end":{"line":118,"column":48}},"loc":{"start":{"line":118,"column":60},"end":{"line":137,"column":9}},"line":118},"18":{"name":"(anonymous_18)","decl":{"start":{"line":139,"column":4},"end":{"line":139,"column":5}},"loc":{"start":{"line":139,"column":27},"end":{"line":161,"column":5}},"line":139},"19":{"name":"(anonymous_19)","decl":{"start":{"line":141,"column":47},"end":{"line":141,"column":48}},"loc":{"start":{"line":141,"column":60},"end":{"line":160,"column":9}},"line":141},"20":{"name":"(anonymous_20)","decl":{"start":{"line":162,"column":4},"end":{"line":162,"column":5}},"loc":{"start":{"line":162,"column":21},"end":{"line":179,"column":5}},"line":162},"21":{"name":"(anonymous_21)","decl":{"start":{"line":163,"column":47},"end":{"line":163,"column":48}},"loc":{"start":{"line":163,"column":60},"end":{"line":178,"column":9}},"line":163}},"branchMap":{"0":{"loc":{"start":{"line":2,"column":16},"end":{"line":10,"column":1}},"type":"binary-expr","locations":[{"start":{"line":2,"column":17},"end":{"line":2,"column":21}},{"start":{"line":2,"column":25},"end":{"line":2,"column":39}},{"start":{"line":2,"column":44},"end":{"line":10,"column":1}}],"line":2},"1":{"loc":{"start":{"line":3,"column":35},"end":{"line":3,"column":109}},"type":"cond-expr","locations":[{"start":{"line":3,"column":56},"end":{"line":3,"column":61}},{"start":{"line":3,"column":64},"end":{"line":3,"column":109}}],"line":3},"2":{"loc":{"start":{"line":4,"column":16},"end":{"line":4,"column":34}},"type":"binary-expr","locations":[{"start":{"line":4,"column":16},"end":{"line":4,"column":17}},{"start":{"line":4,"column":22},"end":{"line":4,"column":33}}],"line":4},"3":{"loc":{"start":{"line":7,"column":32},"end":{"line":7,"column":115}},"type":"cond-expr","locations":[{"start":{"line":7,"column":46},"end":{"line":7,"column":67}},{"start":{"line":7,"column":70},"end":{"line":7,"column":115}}],"line":7},"4":{"loc":{"start":{"line":8,"column":51},"end":{"line":8,"column":67}},"type":"binary-expr","locations":[{"start":{"line":8,"column":51},"end":{"line":8,"column":61}},{"start":{"line":8,"column":65},"end":{"line":8,"column":67}}],"line":8},"5":{"loc":{"start":{"line":11,"column":22},"end":{"line":13,"column":1}},"type":"binary-expr","locations":[{"start":{"line":11,"column":23},"end":{"line":11,"column":27}},{"start":{"line":11,"column":31},"end":{"line":11,"column":51}},{"start":{"line":11,"column":56},"end":{"line":13,"column":1}}],"line":11},"6":{"loc":{"start":{"line":12,"column":11},"end":{"line":12,"column":61}},"type":"cond-expr","locations":[{"start":{"line":12,"column":37},"end":{"line":12,"column":40}},{"start":{"line":12,"column":43},"end":{"line":12,"column":61}}],"line":12},"7":{"loc":{"start":{"line":12,"column":12},"end":{"line":12,"column":33}},"type":"binary-expr","locations":[{"start":{"line":12,"column":12},"end":{"line":12,"column":15}},{"start":{"line":12,"column":19},"end":{"line":12,"column":33}}],"line":12},"8":{"loc":{"start":{"line":54,"column":16},"end":{"line":60,"column":17}},"type":"if","locations":[{"start":{"line":54,"column":16},"end":{"line":60,"column":17}},{"start":{"line":54,"column":16},"end":{"line":60,"column":17}}],"line":54},"9":{"loc":{"start":{"line":81,"column":16},"end":{"line":99,"column":17}},"type":"if","locations":[{"start":{"line":81,"column":16},"end":{"line":99,"column":17}},{"start":{"line":81,"column":16},"end":{"line":99,"column":17}}],"line":81},"10":{"loc":{"start":{"line":85,"column":24},"end":{"line":91,"column":25}},"type":"if","locations":[{"start":{"line":85,"column":24},"end":{"line":91,"column":25}},{"start":{"line":85,"column":24},"end":{"line":91,"column":25}}],"line":85},"11":{"loc":{"start":{"line":122,"column":30},"end":{"line":122,"column":98}},"type":"cond-expr","locations":[{"start":{"line":122,"column":80},"end":{"line":122,"column":86}},{"start":{"line":122,"column":89},"end":{"line":122,"column":98}}],"line":122},"12":{"loc":{"start":{"line":122,"column":30},"end":{"line":122,"column":77}},"type":"binary-expr","locations":[{"start":{"line":122,"column":30},"end":{"line":122,"column":60}},{"start":{"line":122,"column":64},"end":{"line":122,"column":77}}],"line":122},"13":{"loc":{"start":{"line":143,"column":27},"end":{"line":143,"column":91}},"type":"cond-expr","locations":[{"start":{"line":143,"column":73},"end":{"line":143,"column":79}},{"start":{"line":143,"column":82},"end":{"line":143,"column":91}}],"line":143},"14":{"loc":{"start":{"line":143,"column":27},"end":{"line":143,"column":70}},"type":"binary-expr","locations":[{"start":{"line":143,"column":27},"end":{"line":143,"column":53}},{"start":{"line":143,"column":57},"end":{"line":143,"column":70}}],"line":143},"15":{"loc":{"start":{"line":146,"column":30},"end":{"line":146,"column":98}},"type":"cond-expr","locations":[{"start":{"line":146,"column":80},"end":{"line":146,"column":86}},{"start":{"line":146,"column":89},"end":{"line":146,"column":98}}],"line":146},"16":{"loc":{"start":{"line":146,"column":30},"end":{"line":146,"column":77}},"type":"binary-expr","locations":[{"start":{"line":146,"column":30},"end":{"line":146,"column":60}},{"start":{"line":146,"column":64},"end":{"line":146,"column":77}}],"line":146}},"s":{"0":1,"1":11,"2":2,"3":9,"4":10,"5":10,"6":0,"7":1,"8":1,"9":1,"10":19,"11":9,"12":1,"13":4,"14":1,"15":1,"16":1,"17":1,"18":1,"19":1,"20":2,"21":2,"22":2,"23":2,"24":2,"25":2,"26":0,"27":2,"28":2,"29":2,"30":2,"31":2,"32":0,"33":0,"34":2,"35":2,"36":0,"37":2,"38":2,"39":2,"40":2,"41":2,"42":2,"43":2,"44":1,"45":1,"46":1,"47":0,"48":1,"49":1,"50":1,"51":1,"52":1,"53":1,"54":1,"55":1,"56":1,"57":1,"58":1,"59":0,"60":1,"61":1,"62":1,"63":1,"64":1,"65":1,"66":1,"67":1,"68":1,"69":1,"70":0,"71":1,"72":1,"73":1,"74":1,"75":1,"76":0,"77":1},"f":{"0":9,"1":11,"2":2,"3":9,"4":10,"5":1,"6":19,"7":4,"8":1,"9":2,"10":2,"11":2,"12":2,"13":2,"14":2,"15":2,"16":1,"17":1,"18":1,"19":1,"20":1,"21":1},"b":{"0":[1,1,1],"1":[9,2],"2":[9,9],"3":[8,11],"4":[9,9],"5":[1,1,1],"6":[4,0],"7":[4,4],"8":[0,2],"9":[2,0],"10":[1,1],"11":[0,1],"12":[1,1],"13":[0,1],"14":[1,1],"15":[0,1],"16":[1,1]},"inputSourceMap":{"version":3,"file":"C:/Users/Saifulloh/Documents/Personal/SYNRGY-BINAR/Chapter_8/final_challenge/backend/app/controllers/Cars/carsController.ts","sources":["C:/Users/Saifulloh/Documents/Personal/SYNRGY-BINAR/Chapter_8/final_challenge/backend/app/controllers/Cars/carsController.ts"],"names":[],"mappings":";;;;;;;;;;;;;;AACA,6EAAqD,CAAC,6BAA6B;AACnF,6EAAqD;AACrD,kFAA0D;AAI1D,+DAAuC;AAMvC,MAAM,WAAW,GAAG;IAClB,IAAI,EAAE,CAAC;IACP,IAAI,EAAE,EAAE;IACR,SAAS,EAAE,CAAC;IACZ,UAAU,EAAE,CAAC;CACd,CAAC;AAEF,MAAM,cAAc;IAClB,gBAAgB,CAAC;IACX,IAAI,CAAC,GAAY,EAAE,GAAa;;YACpC,IAAI,CAAC;gBACH,MAAM,KAAK,GAAG,GAAG,CAAC,KAAK,CAAC;gBACxB,MAAM,EAAE,IAAI,EAAE,KAAK,EAAE,GAAG,MAAM,qBAAW,CAAC,IAAI,CAAC,KAAK,CAAC,CAAC;gBAEtD,MAAM,YAAY,GAAG,yBAAe,CAAC,QAAQ,CAAC;oBAC5C,GAAG;oBACH,IAAI,EAAE,GAAG;oBACT,IAAI,EAAE,IAAI;oBACV,OAAO,EAAE,kCAAkC;oBAC3C,IAAI,kCAAO,WAAW,KAAE,SAAS,EAAE,KAAK,GAAE;iBAC3C,CAAC,CAAC;gBAEH,OAAO,YAAY,CAAC;YAEtB,CAAC;YAAC,OAAO,KAAU,EAAE,CAAC;gBACpB,GAAG,CAAC,MAAM,CAAC,GAAG,CAAC,CAAC,IAAI,CAAC;oBACnB,MAAM,EAAE,MAAM;oBACd,OAAO,EAAE,KAAK,CAAC,OAAO;iBACvB,CAAC,CAAC;YACL,CAAC;QACH,CAAC;KAAA;IAEK,IAAI,CAAC,GAAY,EAAE,GAAa;;YACpC,IAAI,CAAC;gBACH,MAAM,EAAE,MAAM,EAAE,GAAG,GAAG,CAAC,MAAM,CAAC;gBAE9B,MAAM,GAAG,GAAG,MAAM,qBAAW,CAAC,GAAG,CAAC,QAAQ,CAAC,MAAM,EAAE,EAAE,CAAC,CAAC,CAAC;gBAExD,IAAI,CAAC,GAAG,EAAE,CAAC;oBACT,GAAG,CAAC,MAAM,CAAC,GAAG,CAAC,CAAC,IAAI,CAAC;wBACnB,MAAM,EAAE,MAAM;wBACd,OAAO,EAAE,eAAe;qBACzB,CAAC,CAAC;oBACH,OAAO;gBACT,CAAC;gBAED,MAAM,YAAY,GAAG,yBAAe,CAAC,QAAQ,CAAC;oBAC5C,GAAG;oBACH,IAAI,EAAE,GAAG;oBACT,IAAI,EAAE,GAAG;oBACT,OAAO,EAAE,uBAAuB;oBAChC,IAAI,kCAAO,WAAW,KAAE,SAAS,EAAE,CAAC,GAAE;iBACvC,CAAC,CAAC;gBAEH,OAAO,YAAY,CAAC;YAEtB,CAAC;YAAC,OAAO,KAAU,EAAE,CAAC;gBACpB,GAAG,CAAC,MAAM,CAAC,GAAG,CAAC,CAAC,IAAI,CAAC;oBACnB,MAAM,EAAE,MAAM;oBACd,OAAO,EAAE,KAAK,CAAC,OAAO;iBACvB,CAAC,CAAC;YACL,CAAC;QACH,CAAC;KAAA;IAEK,MAAM,CAAC,GAAqB,EAAE,GAAa;;YAC/C,IAAI,CAAC;gBACH,IAAI,GAAG,CAAC,IAAI,EAAE,CAAC;oBACb,MAAM,UAAU,GAAG,GAAG,CAAC,IAAI,CAAC,MAAM,CAAC,QAAQ,CAAC,QAAQ,CAAC,CAAC;oBACtD,MAAM,IAAI,GAAG,QAAQ,GAAG,CAAC,IAAI,CAAC,QAAQ,WAAW,UAAU,EAAE,CAAC;oBAC9D,MAAM,YAAY,GAAG,MAAM,eAAK,CAAC,OAAO,CAAC,QAAQ,CAAC,MAAM,CAAC,IAAI,EAAE,CAAC,GAAG,EAAE,MAAM,EAAE,EAAE;wBAC7E,IAAI,GAAG,EAAE,CAAC;4BACR,OAAO,yBAAe,CAAC,QAAQ,CAAC;gCAC9B,IAAI,EAAE,GAAG;gCACT,GAAG;gCACH,IAAI,EAAE,0BAA0B;6BACjC,CAAC,CAAC;wBACL,CAAC;wBACD,OAAO,MAAM,CAAC;oBAChB,CAAC,CAAC,CAAC;oBAEH,OAAO,yBAAe,CAAC,QAAQ,CAAC;wBAC9B,IAAI,EAAE,GAAG;wBACT,GAAG;wBACH,IAAI,EAAE,YAAY;qBACnB,CAAC,CAAC;gBACL,CAAC;gBAED,yBAAe,CAAC,QAAQ,CAAC;oBACvB,IAAI,EAAE,GAAG;oBACT,GAAG;oBACH,IAAI,EAAE,gBAAgB;iBACvB,CAAC,CAAC;YACL,CAAC;YAAC,OAAO,KAAK,EAAE,CAAC;gBACf,yBAAe,CAAC,QAAQ,CAAC;oBACvB,IAAI,EAAE,GAAG;oBACT,IAAI,EAAE,eAAe;oBACrB,GAAG;iBACJ,CAAC,CAAC;YACL,CAAC;QACH,CAAC;KAAA;IAAA,CAAC;IAEI,MAAM,CAAC,GAAqB,EAAE,GAAa,EAAE,IAAkB;;;YACnE,IAAI,CAAC;gBACH,MAAM,SAAS,GAAG,GAAG,CAAC,IAAI,CAAC,SAAS,CAAC;gBAErC,MAAM,WAAW,GAAG,SAAS,CAAC,KAAK,CAAC,QAAQ,CAAC,CAAC;gBAC9C,MAAM,KAAK,GAAG,MAAA,WAAW,CAAC,CAAC,CAAC,0CAAE,IAAI,EAAE,CAAC;gBAErC,MAAM,WAAW,GAAG,MAAM,qBAAW,CAAC,aAAa,CAAC,KAAK,CAAC,CAAC;gBAE3D,qBAAW,CAAC,OAAO,GAAG,WAAW,CAAC;gBAElC,MAAM,MAAM,GAAG,MAAM,qBAAW,CAAC,MAAM,CAAC,GAAG,CAAC,IAAY,CAAC,CAAC;gBAE1D,MAAM,YAAY,GAAG,yBAAe,CAAC,QAAQ,CAAC;oBAC5C,GAAG;oBACH,IAAI,EAAE,GAAG;oBACT,IAAI,EAAE,MAAM;oBACZ,OAAO,EAAE,0BAA0B;iBACpC,CAAC,CAAC;gBAEH,OAAO,YAAY,CAAC;YAEtB,CAAC;YAAC,OAAO,KAAK,EAAE,CAAC;gBACf,IAAI,CAAC,KAAK,CAAC,CAAC;YACd,CAAC;;KACF;IAEK,MAAM,CAAC,GAAqB,EAAE,GAAa,EAAE,IAAkB;;;YACnE,IAAI,CAAC;gBACH,MAAM,EAAE,GAAG,MAAA,GAAG,CAAC,MAAM,0CAAE,MAAM,CAAC;gBAC9B,MAAM,SAAS,GAAG,GAAG,CAAC,IAAI,CAAC,SAAS,CAAC;gBAErC,MAAM,WAAW,GAAG,SAAS,CAAC,KAAK,CAAC,QAAQ,CAAC,CAAC;gBAC9C,MAAM,KAAK,GAAG,MAAA,WAAW,CAAC,CAAC,CAAC,0CAAE,IAAI,EAAE,CAAC;gBAErC,MAAM,WAAW,GAAG,MAAM,qBAAW,CAAC,aAAa,CAAC,KAAK,CAAC,CAAC;gBAE3D,qBAAW,CAAC,OAAO,GAAG,WAAW,CAAC;gBAElC,MAAM,MAAM,GAAG,MAAM,qBAAW,CAAC,MAAM,CAAC,QAAQ,CAAC,EAAE,EAAE,EAAE,CAAC,EAAE,GAAG,CAAC,IAAY,CAAC,CAAC;gBAE5E,OAAO,yBAAe,CAAC,QAAQ,CAAC;oBAC9B,GAAG;oBACH,IAAI,EAAE,GAAG;oBACT,IAAI,EAAE,MAAM;oBACZ,OAAO,EAAE,2BAA2B;iBACrC,CAAC,CAAC;YACL,CAAC;YAAC,OAAO,KAAK,EAAE,CAAC;gBACf,IAAI,CAAC,KAAK,CAAC,CAAC;YACd,CAAC;;KACF;IAEK,MAAM,CAAC,GAAY,EAAE,GAAa;;YACtC,IAAI,CAAC;gBACH,MAAM,EAAE,MAAM,EAAE,GAAG,GAAG,CAAC,MAAM,CAAC;gBAC9B,MAAM,qBAAW,CAAC,MAAM,CAAC,QAAQ,CAAC,MAAM,EAAE,EAAE,CAAC,CAAC,CAAC;gBAC/C,GAAG,CAAC,MAAM,CAAC,GAAG,CAAC,CAAC,IAAI,CAAC;oBACnB,MAAM,EAAE,IAAI;oBACZ,OAAO,EAAE,0BAA0B;iBACpC,CAAC,CAAC;YACL,CAAC;YAAC,OAAO,KAAU,EAAE,CAAC;gBACpB,GAAG,CAAC,MAAM,CAAC,GAAG,CAAC,CAAC,IAAI,CAAC;oBACnB,MAAM,EAAE,MAAM;oBACd,OAAO,EAAE,KAAK,CAAC,OAAO;iBACvB,CAAC,CAAC;YACL,CAAC;QACH,CAAC;KAAA;CACF;AAED,kBAAe,IAAI,cAAc,EAAE,CAAC","sourcesContent":["import { type Request, type Response, type NextFunction } from 'express';\nimport CarsService from '../../services/carsService'; // Import the created service\nimport authService from '../../services/authService';\nimport ResponseBuilder from '../../utils/ResponseBuilder';\n\nimport { type IRequestWithAuth } from '../../middlewares/auth';\n\nimport media from '../../config/media';\n\nimport { type IRestController } from '../../interfaces/IRest';\nimport { type IUser } from '../../interfaces/IAuth';\nimport { type ICar } from '../../models/carsModel';\n\nconst defaultMeta = {\n  page: 1,\n  size: 10,\n  totalData: 0,\n  totalPages: 0\n};\n\nclass CarsController implem
[...]
GAAG,EAAE;QACd,WAAW,GAAG,eAAK,CAAC,IAAI,CAAC,qBAAW,CAAC,CAAC;IACxC,CAAC,CAAC,CAAC;IAEH,SAAS,CAAC,GAAG,EAAE;QACb,eAAK,CAAC,OAAO,EAAE,CAAC;IAClB,CAAC,CAAC,CAAC;IAEH,QAAQ,CAAC,gBAAgB,EAAE,GAAG,EAAE;QAC9B,EAAE,CAAC,uCAAuC,EAAE,GAAS,EAAE;YACrD,MAAM,GAAG,GAAG,IAAA,4BAAO,GAAE,CAAC;YACtB,MAAM,GAAG,GAAG,IAAA,4BAAO,GAAE,CAAC;YAEtB,WAAW,CAAC,IAAI,CAAC,QAAQ,CAAC,EAAE,IAAI,EAAE,uBAAY,EAAE,KAAK,EAAE,oBAAS,EAAE,CAAC,CAAC;YAEpE,MAAM,wBAAc,CAAC,IAAI,CAAC,GAAG,EAAE,GAAG,CAAC,CAAC;YAEpC,IAAA,aAAM,EAAC,GAAG,CAAC,MAAM,CAAC,UAAU,CAAC,GAAG,CAAC,CAAC,CAAC,EAAE,CAAC,EAAE,CAAC,IAAI,CAAC;YAC9C,IAAA,aAAM,EAAC,GAAG,CAAC,IAAI,CAAC,UAAU,CAAC;gBACzB,OAAO,EAAE,kCAAkC;gBAC3C,IAAI,EAAE,uBAAY;gBAClB,IAAI,EAAE;oBACJ,IAAI,EAAE,CAAC;oBACP,IAAI,EAAE,EAAE;oBACR,SAAS,EAAE,oBAAS;oBACpB,UAAU,EAAE,CAAC;iBACd;aACF,CAAC,CAAC,CAAC,EAAE,CAAC,EAAE,CAAC,IAAI,CAAC;QACjB,CAAC,CAAA,CAAC,CAAC;IACL,CAAC,CAAC,CAAC;IAEH,QAAQ,CAAC,gBAAgB,EAAE,GAAG,EAAE;QAC9B,EAAE,CAAC,uCAAuC,EAAE,GAAS,EAAE;YACrD,MAAM,GAAG,GAAG,IAAA,4BAAO,EAAC;gBAClB,MAAM,EAAE;oBACN,MAAM,EAAE,CAAC;iBACV;aACF,CAAC,CAAC;YACH,MAAM,GAAG,GAAG,IAAA,4BAAO,GAAE,CAAC;YAEtB,WAAW,CAAC,GAAG,CAAC,QAAQ,CAAC,GAAG,CAAC,MAAM,CAAC,MAAM,CAAC,CAAC,QAAQ,CAAC,sBAAW,CAAC,CAAC;YAElE,MAAM,wBAAc,CAAC,IAAI,CAAC,GAAG,EAAE,GAAG,CAAC,CAAC;YAEpC,IAAA,aAAM,EAAC,GAAG,CAAC,MAAM,CAAC,UAAU,CAAC,GAAG,CAAC,CAAC,CAAC,EAAE,CAAC,EAAE,CAAC,IAAI,CAAC;YAC9C,IAAA,aAAM,EAAC,GAAG,CAAC,IAAI,CAAC,UAAU,CAAC;gBACzB,OAAO,EAAE,uBAAuB;gBAChC,IAAI,EAAE,sBAAW;gBACjB,IAAI,EAAE;oBACJ,IAAI,EAAE,CAAC;oBACP,IAAI,EAAE,EAAE;oBACR,SAAS,EAAE,CAAC;oBACZ,UAAU,EAAE,CAAC;iBACd;aACF,CAAC,CAAC,CAAC,EAAE,CAAC,EAAE,CAAC,IAAI,CAAC;QACjB,CAAC,CAAA,CAAC,CAAC;IACL,CAAC,CAAC,CAAC;IAEH,QAAQ,CAAC,kBAAkB,EAAE,GAAG,EAAE;QAChC,EAAE,CAAC,yCAAyC,EAAE,GAAS,EAAE;YACvD,MAAM,GAAG,GAAG,IAAA,4BAAO,EAAC;gBAClB,IAAI,EAAE;oBACJ,SAAS,EAAE,UAAU,UAAU,EAAE;iBAClC;aACF,CAAC,CAAC;YACH,MAAM,GAAG,GAAG,IAAA,4BAAO,GAAE,CAAC;YAGtB,cAAc,GAAG,eAAK,CAAC,IAAI,CAAC,qBAAW,EAAE,eAAe,CAAC,CAAC,QAAQ,CAAC,uBAAY,CAAC,CAAC;YAEjF,WAAW,CAAC,MAAM,CAAC,QAAQ,CAAC,4BAAiB,CAAC,CAAC;YAE/C,MAAM,wBAAc,CAAC,MAAM,CAAC,GAAG,EAAE,GAAG,EAAE,cAAc,CAAC,CAAC;YAEtD,IAAA,aAAM,EAAC,GAAG,CAAC,MAAM,CAAC,UAAU,CAAC,GAAG,CAAC,CAAC,CAAC,EAAE,CAAC,EAAE,CAAC,IAAI,CAAC;YAC9C,IAAA,aAAM,EAAC,GAAG,CAAC,IAAI,CAAC,UAAU,CAAC;gBACzB,OAAO,EAAE,0BAA0B;gBACnC,IAAI,EAAE,4BAAiB;gBACvB,IAAI,EAAE;oBACJ,IAAI,EAAE,CAAC;oBACP,IAAI,EAAE,EAAE;oBACR,SAAS,EAAE,CAAC;oBACZ,UAAU,EAAE,CAAC;iBACd;aACF,CAAC,CAAC,CAAC,EAAE,CAAC,EAAE,CAAC,IAAI,CAAC;QACjB,CAAC,CAAA,CAAC,CAAC;IACL,CAAC,CAAC,CAAC;IAEH,QAAQ,CAAC,kBAAkB,EAAE,GAAG,EAAE;QAChC,EAAE,CAAC,+CAA+C,EAAE,GAAS,EAAE;YAC7D,MAAM,QAAQ,GAAG,eAAe,CAAC;YACjC,MAAM,QAAQ,GAAG,cAAI,CAAC,IAAI,CAAC,SAAS,EAAE,SAAS,EAAE,QAAQ,CAAC,CAAC;YAC3D,MAAM,UAAU,GAAG,EAAE,CAAC,YAAY,CAAC,QAAQ,CAAC,CAAC;YAE7C,MAAM,GAAG,GAAG,IAAA,4BAAO,EAAC;gBAClB,IAAI,EAAE;oBACJ,MAAM,EAAE,UAAU;oBAClB,QAAQ,EAAE,WAAW;iBACtB;gBACD,IAAI,EAAE;oBACJ,SAAS,EAAE,UAAU,UAAU,EAAE;iBAClC;aACF,CAAC,CAAC;YACH,MAAM,GAAG,GAAG,IAAA,4BAAO,GAAE,CAAC;YAEtB,MAAM,wBAAc,CAAC,MAAM,CAAC,GAAG,EAAE,GAAG,CAAC,CAAC;YAEtC,IAAA,aAAM,EAAC,GAAG,CAAC,MAAM,CAAC,UAAU,CAAC,GAAG,CAAC,CAAC,CAAC,EAAE,CAAC,EAAE,CAAC,IAAI,CAAC;YAC9C,IAAA,aAAM,EAAC,GAAG,CAAC,IAAI,CAAC,OAAO,CAAC,CAAC,CAAC,CAAC,IAAI,CAAC,CAAC,CAAC,CAAC,IAAI,CAAC,CAAC,EAAE,CAAC,IAAI,CAAC,QAAQ,CAAC,KAAK,CAAC,CAAC;QACnE,CAAC,CAAA,CAAC,CAAC;IACL,CAAC,CAAC,CAAC;IAEH,QAAQ,CAAC,kBAAkB,EAAE,GAAG,EAAE;QAChC,EAAE,CAAC,yCAAyC,EAAE,GAAS,EAAE;YACvD,MAAM,GAAG,GAAG,IAAA,4BAAO,EAAC;gBAClB,MAAM,EAAE;oBACN,MAAM,EAAE,CAAC;iBACV;gBACD,IAAI,EAAE;oBACJ,SAAS,EAAE,UAAU,UAAU,EAAE;iBAClC;aACF,CAAC,CAAC;YACH,MAAM,GAAG,GAAG,IAAA,4BAAO,GAAE,CAAC;YAEtB,cAAc,GAAG,eAAK,CAAC,IAAI,CAAC,qBAAW,EAAE,eAAe,CAAC,CAAC,QAAQ,CAAC,uBAAY,CAAC,CAAC;YAEjF,WAAW,CAAC,MAAM,CAAC,QAAQ,CAAC,GAAG,CAAC,MAAM,CAAC,MAAM,CAAC,CAAC,QAAQ,CAAC,4BAAiB,CAAC,CAAC;YAE3E,MAAM,wBAAc,CAAC,MAAM,CAAC,GAAG,EAAE,GAAG,EAAE,cAAc,CAAC,CAAC;YAEtD,IAAA,aAAM,EAAC,GAAG,CAAC,MAAM,CAAC,UAAU,CAAC,GAAG,CAAC,CAAC,CAAC,EAAE,CAAC,EAAE,CAAC,IAAI,CAAC;YAC9C,IAAA,aAAM,EAAC,GAAG,CAAC,IAAI,CAAC,UAAU,CAAC;gBACzB,OAAO,EAAE,2BAA2B;gBACpC,IAAI,EAAE,4BAAiB;gBACvB,IAAI,EAAE;oBACJ,IAAI,EAAE,CAAC;oBACP,IAAI,EAAE,EAAE;oBACR,SAAS,EAAE,CAAC;oBACZ,UAAU,EAAE,CAAC;iBACd;aACF,CAAC,CAAC,CAAC,EAAE,CAAC,EAAE,CAAC,IAAI,CAAC;QACjB,CAAC,CAAA,CAAC,CAAC;IACL,CAAC,CAAC,CAAC;IAEH,QAAQ,CAAC,kBAAkB,EAAE,GAAG,EAAE;QAChC,EAAE,CAAC,yCAAyC,EAAE,GAAS,EAAE;YACvD,MAAM,GAAG,GAAG,IAAA,4BAAO,EAAC;gBAClB,MAAM,EAAE;oBACN,MAAM,EAAE,CAAC;iBACV;gBACD,OAAO,EAAE;oBACP,aAAa,EAAE,UAAU,UAAU,EAAE;iBACtC;aACF,CAAC,CAAC;YACH,MAAM,GAAG,GAAG,IAAA,4BAAO,GAAE,CAAC;YAEtB,WAAW,CAAC,MAAM,CAAC,QAAQ,CAAC,GAAG,CAAC,MAAM,CAAC,MAAM,CAAC,CAAC,QAAQ,EAAE,CAAC;YAE1D,MAAM,wBAAc,CAAC,MAAM,CAAC,GAAG,EAAE,GAAG,CAAC,CAAC;YAEtC,IAAA,aAAM,EAAC,GAAG,CAAC,MAAM,CAAC,UAAU,CAAC,GAAG,CAAC,CAAC,CAAC,EAAE,CAAC,EAAE,CAAC,IAAI,CAAC;YAC9C,IAAA,aAAM,EAAC,GAAG,CAAC,IAAI,CAAC,UAAU,CAAC;gBACzB,MAAM,EAAE,IAAI;gBACZ,OAAO,EAAE,0BAA0B;aACpC,CAAC,CAAC,CAAC,EAAE,CAAC,EAAE,CAAC,IAAI,CAAC;QACjB,CAAC,CAAA,CAAC,CAAC;IACL,CAAC,CAAC,CAAC;AAEL,CAAC,CAAC,CAAC","sourcesContent":["import chai, { expect } from 'chai';\r\nimport sinon from 'sinon';\r\nimport sinonChai from 'sinon-chai'\r\nimport { mockReq, mockRes } from 'sinon-express-mock'\r\nchai.use(sinonChai);\r\n\r\nimport path from 'path';\r\nimport * as fs from 'fs';\r\n\r\nimport CarsController from '../../controllers/Cars/carsController';\r\nimport authController from '../../controllers/Auth/authController';\r\nimport CarsService from '../../services/carsService';\r\nimport authService from '../../services/authService';\r\nimport { mockUserData, mockCarsData, mockCarData, mockCreateCarData, mockCount } from '../data/testData';\r\n\r\n\r\ndescribe('Running unit test on cars controllers...', () => {\r\n  let serviceStub: any;\r\n  let authSeviceStub: any;\r\n  let validToken: string;\r\n\r\n  before(async () => {\r\n\r\n    const loginReq = mockReq({\r\n      body: {\r\n        email: 'adminuser@gmail.com',\r\n        password: 'adminuser'\r\n      }\r\n    });\r\n    const loginRes = mockRes();\r\n\r\n\r\n    await authController.login(loginReq, loginRes);\r\n\r\n\r\n    validToken = loginRes.json.getCall(0).args[0].token;\r\n  });\r\n\r\n  beforeEach(() => {\r\n    serviceStub = sinon.stub(CarsService);\r\n  });\r\n\r\n  afterEach(() => {\r\n    sinon.restore();\r\n  });\r\n\r\n  describe(\"Testing list()\", () => {\r\n    it('should handle list function correctly', async () => {\r\n      const req = mockReq();\r\n      const res = mockRes();\r\n\r\n      serviceStub.list.resolves({ data: mockCarsData, count: mockCount });\r\n\r\n      await CarsController.list(req, res);\r\n\r\n      expect(res.status.calledWith(200)).to.be.true;\r\n      expect(res.json.calledWith({\r\n        message: 'success showing list of all cars',\r\n        data: mockCarsData,\r\n        meta: {\r\n          page: 1,\r\n          size: 10,\r\n          totalData: mockCount,\r\n          totalPages: 0\r\n        }\r\n      })).to.be.true;\r\n    });\r\n  });\r\n\r\n  describe(\"Testing show()\", () => {\r\n    it('should handle show function correctly', async () => {\r\n      const req = mockReq({\r\n        params: {\r\n          car_id: 2\r\n        }\r\n      });\r\n      const res = mockRes();\r\n\r\n      serviceStub.get.withArgs(req.params.car_id).resolves(mockCarData);\r\n\r\n      await CarsController.show(req, res);\r\n\r\n      expect(res.status.calledWith(200)).to.be.true;\r\n      expect(res.json.calledWith({\r\n        message: 'success showing a car',\r\n        data: mockCarData,\r\n        meta: {\r\n          page: 1,\r\n          size: 10,\r\n          totalData: 1,\r\n          totalPages: 0\r\n        }\r\n      })).to.be.true;\r\n    });\r\n  });\r\n\r\n  describe('Testing create()', () => {\r\n    it('should handle create function correctly', async () => {\r\n      const req = mockReq({\r\n        body: {\r\n          userToken: `Bearer ${validToken}`,\r\n        },\r\n      });\r\n      const res = mockRes();\r\n\r\n\r\n      authSeviceStub = sinon.stub(authService, 'validateToken').resolves(mockUserData);\r\n\r\n      serviceStub.create.resolves(mockCreateCarData);\r\n\r\n      await CarsController.create(req, res, authSeviceStub);\r\n\r\n      expect(res.status.calledWith(201)).to.be.true;\r\n      expect(res.json.calledWith({\r\n        message: 'success create a new car',\r\n        data: mockCreateCarData,\r\n        meta: {\r\n          page: 1,\r\n          size: 10,\r\n          totalData: 0,\r\n          totalPages: 0\r\n        }\r\n      })).to.be.true;\r\n    });\r\n  });\r\n\r\n  describe('Testing upload()', () => {\r\n    it('should upload a file with authorization token', async () => {\r\n      const filename = 'testImage.png';\r\n      const filePath = path.join(__dirname, '../data', filename);\r\n      const fileBuffer = fs.readFileSync(filePath);\r\n\r\n      const req = mockReq({\r\n        file: {\r\n          buffer: fileBuffer,\r\n          mimetype: 'image/png',\r\n        },\r\n        body: {\r\n          userToken: `Bearer ${validToken}`\r\n        }\r\n      });\r\n      const res = mockRes();\r\n\r\n      await CarsController.upload(req, res);\r\n\r\n      expect(res.status.calledWith(200)).to.be.true;\r\n      expect(res.json.getCall(0).args[0].data).to.have.property(\"url\");\r\n    });\r\n  });\r\n\r\n  describe('Testing update()', () => {\r\n    it('should handle update function correctly', async () => {\r\n      const req = mockReq({\r\n        params: {\r\n          car_id: 2\r\n        },\r\n        body: {\r\n          userToken: `Bearer ${validToken}`,\r\n        }\r\n      });\r\n      const res = mockRes();\r\n\r\n      authSeviceStub = sinon.stub(authService, 'validateToken').resolves(mockUserData);\r\n\r\n      serviceStub.update.withArgs(req.params.car_id).resolves(mockCreateCarData);\r\n\r\n      await CarsController.update(req, res, authSeviceStub);\r\n\r\n      expect(res.status.calledWith(201)).to.be.true;\r\n      expect(res.json.calledWith({\r\n        message: 'success updating car data',\r\n        data: mockCreateCarData,\r\n        meta: {\r\n          page: 1,\r\n          size: 10,\r\n          totalData: 0,\r\n          totalPages: 0\r\n        }\r\n      })).to.be.true;\r\n    });\r\n  });\r\n\r\n  describe('Testing delete()', () => {\r\n    it('should handle delete function correctly', async () => {\r\n      const req = mockReq({\r\n        params: {\r\n          car_id: 2\r\n        },\r\n        headers: {\r\n          authorization: `Bearer ${validToken}`,\r\n        }\r\n      });\r\n      const res = mockRes();\r\n\r\n      serviceStub.delete.withArgs(req.params.car_id).resolves();\r\n\r\n      await CarsController.delete(req, res);\r\n\r\n      expect(res.status.calledWith(200)).to.be.true;\r\n      expect(res.json.calledWith({\r\n        status: 'OK',\r\n        message: 'Successfully deleted car'\r\n      })).to.be.true;\r\n    });\r\n  });\r\n\r\n});\r\n"]},"_coverageSchema":"1a1c01bbd47fc00a2c39e90264f33305004495a9","hash":"0af174d045e2b0e04598b2143a64f5d280b03363","contentHash":"d1e168c61cd4731cb724031f9d0acc01b33cf66ecff9f85ab2eac51d0f19d53c"},"C:\\Users\\Saifulloh\\Documents\\Personal\\SYNRGY-BINAR\\Chapter_8\\final_challenge\\backend\\app\\tests\\unit-tests\\health.spec.ts":{"path":"C:\\Users\\Saifulloh\\Documents\\Personal\\SYNRGY-BINAR\\Chapter_8\\final_challenge\\backend\\app\\tests\\unit-tests\\health.spec.ts","statementMap":{"0":{"start":{"line":2,"column":16},"end":{"line":10,"column":1}},"1":{"start":{"line":3,"column":28},"end":{"line":3,"column":110}},"2":{"start":{"line":3,"column":91},"end":{"line":3,"column":106}},"3":{"start":{"line":4,"column":4},"end":{"line":9,"column":7}},"4":{"start":{"line":5,"column":36},"end":{"line":5,"column":97}},"5":{"start":{"line":5,"column":42},"end":{"line":5,"column":70}},"6":{"start":{"line":5,"column":85},"end":{"line":5,"column":95}},"7":{"start":{"line":6,"column":35},"end":{"line":6,"column":100}},"8":{"start":{"line":6,"column":41},"end":{"line":6,"column":73}},"9":{"start":{"line":6,"column":88},"end":{"line":6,"column":98}},"10":{"start":{"line":7,"column":32},"end":{"line":7,"column":116}},"11":{"start":{"line":8,"column":8},"end":{"line":8,"column":78}},"12":{"start":{"line":11,"column":22},"end":{"line":13,"column":1}},"13":{"start":{"line":12,"column":4},"end":{"line":12,"column":62}},"14":{"start":{"line":14,"column":0},"end":{"line":14,"column":62}},"15":{"start":{"line":15,"column":15},"end":{"line":15,"column":47}},"16":{"start":{"line":16,"column":27},"end":{"line":16,"column":96}},"17":{"start":{"line":17,"column":15},"end":{"line":17,"column":36}},"18":{"start":{"line":18,"column":0},"end":{"line":31,"column":3}},"19":{"start":{"line":19,"column":4},"end":{"line":24,"column":7}},"20":{"start":{"line":20,"column":8},"end":{"line":23,"column":11}},"21":{"start":{"line":21,"column":33},"end":{"line":21,"column":77}},"22":{"start":{"line":22,"column":12},"end":{"line":22,"column":48}},"23":{"start":{"line":25,"column":4},"end":{"line":30,"column":7}},"24":{"start":{"line":26,"column":8},"end":{"line":29,"column":12}},"25":{"start":{"line":26,"column":42},"end":{"line":29,"column":10}},"26":{"start":{"line":27,"column":33},"end":{"line":27,"column":84}},"27":{"start":{"line":28,"column":12},"end":{"line":28,"column":48}}},"fnMap":{"0":{"name":"(anonymous_0)","decl":{"start":{"line":2,"column":44},"end":{"line":2,"column":45}},"loc":{"start":{"line":2,"column":89},"end":{"line":10,"column":1}},"line":2},"1":{"name":"adopt","decl":{"start":{"line":3,"column":13},"end":{"line":3,"column":18}},"loc":{"start":{"line":3,"column":26},"end":{"line":3,"column":112}},"line":3},"2":{"name":"(anonymous_2)","decl":{"start":{"line":3,"column":70},"end":{"line":3,"column":71}},"loc":{"start":{"line":3,"column":89},"end":{"line":3,"column":108}},"line":3},"3":{"name":"(anonymous_3)","decl":{"start":{"line":4,"column":36},"end":{"line":4,"column":37}},"loc":{"start":{"line":4,"column":63},"end":{"line":9,"column":5}},"line":4},"4":{"name":"fulfilled","decl":{"start":{"line":5,"column":17},"end":{"line":5,"column":26}},"loc":{"start":{"line":5,"column":34},"end":{"line":5,"column":99}},"line":5},"5":{"name":"rejected","decl":{"start":{"line":6,"column":17},"end":{"line":6,"column":25}},"loc":{"start":{"line":6,"column":33},"end":{"line":6,"column":102}},"line":6},"6":{"name":"step","decl":{"start":{"line":7,"column":17},"end":{"line":7,"column":21}},"loc":{"start":{"line":7,"column":30},"end":{"line":7,"column":118}},"line":7},"7":{"name":"(anonymous_7)","decl":{"start":{"line":11,"column":56},"end":{"line":11,"column":57}},"loc":{"start":{"line":11,"column":71},"end":{"line":13,"column":1}},"line":11},"8":{"name":"(anonymous_8)","decl":{"start":{"line":18,"column":45},"end":{"line":18,"column":46}},"loc":{"start":{"line":18,"column":51},"end":{"line":31,"column":1}},"line":18},"9":{"name":"(anonymous_9)","decl":{"start":{"line":19,"column":38},"end":{"line":19,"column":39}},"loc":{"start":{"line":19,"column":44},"end":{"line":24,"column":5}},"line":19},"10":{"name":"(anonymous_10)","decl":{"start":{"line":20,"column":36},"end":{"line":20,"column":37}},"loc":{"start":{"line":20,"column":42},"end":{"line":23,"column":9}},"line":20},"11":{"name":"(anonymous_11)","decl":{"start":{"line":25,"column":39},"end":{"line":25,"column":40}},"loc":{"start":{"line":25,"column":45},"end":{"line":30,"column":5}},"line":25},"12":{"name":"(anonymous_12)","decl":{"start":{"line":26,"column":36},"end":{"line":26,"column":37}},"loc":{"start":{"line":26,"column":42},"end":{"line":29,"column":10}},"line":26},"13":{"name":"(anonymous_13)","decl":{"start":{"line":26,"column":76},"end":{"line":26,"column":77}},"loc":{"start":{"line":26,"column":89},"end":{"line":29,"column":9}},"line":26}},"branchMap":{"0":{"loc":{"start":{"line":2,"column":16},"end":{"line":10,"column":1}},"type":"binary-expr","locations":[{"start":{"line":2,"column":17},"end":{"line":2,"column":21}},{"start":{"line":2,"column":25},"end":{"line":2,"column":39}},{"start":{"line":2,"column":44},"end":{"line":10,"column":1}}],"line":2},"1":{"loc":{"start":{"line":3,"column":35},"end":{"line":3,"column":109}},"type":"cond-expr","locations":[{"start":{"line":3,"column":56},"end":{"line":3,"column":61}},{"start":{"line":3,"column":64},"end":{"line":3,"column":109}}],"line":3},"2":{"loc":{"start":{"line":4,"column":16},"end":{"line":4,"column":34}},"type":"binary-expr","locations":[{"start":{"line":4,"column":16},"end":{"line":4,"column":17}},{"start":{"line":4,"column":22},"end":{"line":4,"column":33}}],"line":4},"3":{"loc":{"start":{"line":7,"column":32},"end":{"line":7,"column":115}},"type":"cond-expr","locations":[{"start":{"line":7,"column":46},"end":{"line":7,"column":67}},{"start":{"line":7,"column":70},"end":{"line":7,"column":115}}],"line":7},"4":{"loc":{"start":{"line":8,"column":51},"end":{"line":8,"column":67}},"type":"binary-expr","locations":[{"start":{"line":8,"column":51},"end":{"line":8,"column":61}},{"start":{"line":8,"column":65},"end":{"line":8,"column":67}}],"line":8},"5":{"loc":{"start":{"line":11,"column":22},"end":{"line":13,"column":1}},"type":"binary-expr","locations":[{"start":{"line":11,"column":23},"end":{"line":11,"column":27}},{"start":{"line":11,"column":31},"end":{"line":11,"column":51}},{"start":{"line":11,"column":56},"end":{"line":13,"column":1}}],"line":11},"6":{"loc":{"start":{"line":12,"column":11},"end":{"line":12,"column":61}},"type":"cond-expr","locations":[{"start":{"line":12,"column":37},"end":{"line":12,"column":40}},{"start":{"line":12,"column":43},"end":{"line":12,"column":61}}],"line":12},"7":{"loc":{"start":{"line":12,"column":12},"end":{"line":12,"column":33}},"type":"binary-expr","locations":[{"start":{"line":12,"column":12},"end":{"line":12,"column":15}},{"start":{"line":12,"column":19},"end":{"line":12,"column":33}}],"line":12}},"s":{"0":1,"1":1,"2":0,"3":1,"4":1,"5":1,"6":0,"7":0,"8":0,"9":0,"10":2,"11":1,"12":1,"13":2,"14":1,"15":1,"16":1,"17":1,"18":1,"19":1,"20":1,"21":1,"22":1,"23":1,"24":1,"25":1,"26":1,"27":1},"f":{"0":1,"1":1,"2":0,"3":1,"4":1,"5":0,"6":2,"7":2,"8":1,"9":1,"10":1,"11":1,"12":1,"13":1},"b":{"0":[1,1,1],"1":[1,0],"2":[1,1],"3":[1,1],"4":[1,1],"5":[1,1,1],"6":[1,1],"7":[2,2]},"inputSourceMap":{"version":3,"file":"C:/Users/Saifulloh/Documents/Personal/SYNRGY-BINAR/Chapter_8/final_challenge/backend/app/tests/unit-tests/health.spec.ts","sources":["C:/Users/Saifulloh/Documents/Personal/SYNRGY-BINAR/Chapter_8/final_challenge/backend/app/tests/unit-tests/health.spec.ts"],"names":[],"mappings":";;;;;;;;;;;;;;AAAA,gDAAwB;AAExB,iGAAyE;AACzE,MAAM,MAAM,GAAG,cAAI,CAAC,MAAM,CAAC,CAAC,mCAAmC;AAE/D,QAAQ,CAAC,kCAAkC,EAAE,GAAG,EAAE;IAChD,QAAQ,CAAC,uBAAuB,EAAE,GAAG,EAAE;QACrC,EAAE,CAAC,uBAAuB,EAAE,GAAG,EAAE;YAC/B,MAAM,YAAY,GAAG,0BAAgB,CAAC,eAAe,EAAE,CAAC;YACxD,MAAM,CAAC,YAAY,CAAC,CAAC,EAAE,CAAC,KAAK,CAAC,IAAI,CAAC,CAAC;QACtC,CAAC,CAAC,CAAC;IACL,CAAC,CAAC,CAAC;IAEH,QAAQ,CAAC,wBAAwB,EAAE,GAAG,EAAE;QACtC,EAAE,CAAC,uBAAuB,EAAE,GAAS,EAAE;YACrC,MAAM,YAAY,GAAG,MAAM,0BAAgB,CAAC,gBAAgB,EAAE,CAAC;YAC/D,MAAM,CAAC,YAAY,CAAC,CAAC,EAAE,CAAC,KAAK,CAAC,IAAI,CAAC,CAAC;QACtC,CAAC,CAAA,CAAC,CAAC;IACL,CAAC,CAAC,CAAC;AACL,CAAC,CAAC,CAAC","sourcesContent":["import chai from 'chai';\n\nimport HealthController from '../../controllers/Health/healthController';\nconst expect = chai.expect; // Use import syntax for TypeScript\n\ndescribe('Testing server async/sync health', () => {\n  describe('Health check on /sync', () => {\n    it('health should be okay', () => {\n      const actualResult = HealthController.healthCheckSync();\n      expect(actualResult).to.equal('OK');\n    });\n  });\n\n  describe('Health check on /async', () => {\n    it('health should be okay', async () => {\n      const actualResult = await HealthController.healthCheckAsync();\n      expect(actualResult).to.equal('OK');\n    });\n  });\n});\n"]},"_coverageSchema":"1a1c01bbd47fc00a2c39e90264f33305004495a9","hash":"03f294b407a364ec5f1dd63b22eeddddaefa121b","contentHash":"e553c079ffd23a02ce409e28c75adcf6ebe175c31695ca06ea7c4456f9d314ab"}}